<?xml version="1.0" encoding="UTF-8"?>
<testsuites name="Program_Controller_API" time="11" tests="6" failures="2" errors="0">
   <testsuite name="Program_Controller_API" tests="6" failures="2" errors="0" time="11" timestamp="2019-07-18 09:35:00" hostname="khaja.h - LP-5CD7465GP0.HCLT.CORP.HCL.IN" id="Test Suites/Program_Controller_API">
      <properties>
         <property name="deviceName" value=""/>
         <property name="devicePlatform" value=""/>
         <property name="logFolder" value="C:\\Users\\khaja.h\\Katalon Studio\\ADDI_Project\\Reports\\Program_Controller_API\\20190718_093235"/>
         <property name="logFiles" value="C:\\Users\\khaja.h\\Katalon Studio\\ADDI_Project\\Reports\\Program_Controller_API\\20190718_093235\\execution0.log"/>
         <property name="attachments" value=""/>
         <property name="hostName" value="khaja.h - LP-5CD7465GP0.HCLT.CORP.HCL.IN"/>
         <property name="hostAddress" value="172.23.0.1"/>
         <property name="os" value="Windows 10 64bit"/>
         <property name="katalonVersion" value="5.10.1.1"/>
      </properties>
      <testcase name="Test Cases/Program_Controller_API/Program_Controller_Verify_Response_with_valid_Values" classname="Test Cases/Program_Controller_API/Program_Controller_Verify_Response_with_valid_Values" status="PASSED">
         <system-out><![CDATA[2019-07-18 09:35:01 - [TEST_CASE][PASSED] - Test Cases/Program_Controller_API/Program_Controller_Verify_Response_with_valid_Values: Test Cases/Program_Controller_API/Program_Controller_Verify_Response_with_valid_Values

2019-07-18 09:35:01 - [TEST_STEP][PASSED] - response = sendRequest(findTestObject("Program_Controller_API/Program_Controller_Verify_Response_with_valid_Values")): Send request successfully

2019-07-18 09:35:06 - [MESSAGE][INFO] - HAR: C:\Users\khaja.h\Katalon Studio\ADDI_Project\Reports\Program_Controller_API\20190718_093235\requests\main\0.har

2019-07-18 09:35:06 - [MESSAGE][PASSED] - Send request successfully

2019-07-18 09:35:06 - [TEST_STEP][PASSED] - verifyResponseStatusCode(response, 200): Verify response status code successfully

2019-07-18 09:35:06 - [MESSAGE][PASSED] - Verify response status code successfully

2019-07-18 09:35:06 - [TEST_STEP][PASSED] - verifyElementPropertyValue(response, "[0].pgm.type", pgm_type): Verify element property value successfully

2019-07-18 09:35:06 - [MESSAGE][PASSED] - Verify element property value successfully

2019-07-18 09:35:06 - [TEST_STEP][PASSED] - verifyElementPropertyValue(response, "[0].pgm.owner", pgm_owner): Verify element property value successfully

2019-07-18 09:35:06 - [MESSAGE][PASSED] - Verify element property value successfully

2019-07-18 09:35:06 - [TEST_STEP][PASSED] - verifyElementPropertyValue(response, "[0].pgm.pgmId", pgm_pgmId): Verify element property value successfully

2019-07-18 09:35:06 - [MESSAGE][PASSED] - Verify element property value successfully

2019-07-18 09:35:06 - [TEST_STEP][PASSED] - verifyElementPropertyValue(response, "[0].pgm.linkName", pgm_linkName): Verify element property value successfully

2019-07-18 09:35:06 - [MESSAGE][PASSED] - Verify element property value successfully

2019-07-18 09:35:06 - [TEST_STEP][PASSED] - verifyElementPropertyValue(response, "[0].pgm.description", pgm_description): Verify element property value successfully

2019-07-18 09:35:06 - [MESSAGE][PASSED] - Verify element property value successfully

2019-07-18 09:35:06 - [TEST_STEP][PASSED] - verifyElementPropertyValue(response, "[0].pgm.language", pgm_language): Verify element property value successfully

2019-07-18 09:35:06 - [MESSAGE][PASSED] - Verify element property value successfully

2019-07-18 09:35:06 - [TEST_STEP][PASSED] - verifyElementPropertyValue(response, "[0].pgm.status", pgm_status): Verify element property value successfully

2019-07-18 09:35:07 - [MESSAGE][PASSED] - Verify element property value successfully

2019-07-18 09:35:07 - [TEST_STEP][PASSED] - verifyElementPropertyValue(response, "[0].pdg.type", pdg_type): Verify element property value successfully

2019-07-18 09:35:07 - [MESSAGE][PASSED] - Verify element property value successfully

2019-07-18 09:35:07 - [TEST_STEP][PASSED] - verifyElementPropertyValue(response, "[0].pdg.number", pdg_number): Verify element property value successfully

2019-07-18 09:35:07 - [MESSAGE][PASSED] - Verify element property value successfully

2019-07-18 09:35:07 - [TEST_STEP][PASSED] - verifyElementPropertyValue(response, "[0].pdg.dgNumberList", pdg_dgNumberList): Verify element property value successfully

2019-07-18 09:35:07 - [MESSAGE][PASSED] - Verify element property value successfully

2019-07-18 09:35:07 - [TEST_STEP][PASSED] - verifyElementPropertyValue(response, "[0].pac.type", pac_type): Verify element property value successfully

2019-07-18 09:35:07 - [MESSAGE][PASSED] - Verify element property value successfully

2019-07-18 09:35:07 - [TEST_STEP][PASSED] - verifyElementPropertyValue(response, "[0].pac.number", pac_number): Verify element property value successfully

2019-07-18 09:35:07 - [MESSAGE][PASSED] - Verify element property value successfully

2019-07-18 09:35:07 - [TEST_STEP][PASSED] - verifyElementPropertyValue(response, "[0].pac.actNumbersList", pac_act_NumbersList): Verify element property value successfully

2019-07-18 09:35:07 - [MESSAGE][PASSED] - Verify element property value successfully]]></system-out>
         <system-err><![CDATA[]]></system-err>
      </testcase>
      <testcase name="Test Cases/Program_Controller_API/Program_Controller_Verify_Response_with_Empty_Values" classname="Test Cases/Program_Controller_API/Program_Controller_Verify_Response_with_Empty_Values" status="FAILED">
         <failure type="FAILED" message="Test Cases/Program_Controller_API/Program_Controller_Verify_Response_with_Empty_Values FAILED.
Reason:
com.kms.katalon.core.exception.StepFailedException: Expected element property value '' is not equal with actual property value 'Pgm'
	at com.kms.katalon.core.keyword.internal.KeywordMain.stepFailed(KeywordMain.groovy:32)
	at com.kms.katalon.core.webservice.keyword.builtin.VerifyElementPropertyValueKeyword$_verifyElementPropertyValue_closure1.doCall(VerifyElementPropertyValueKeyword.groovy:56)
	at com.kms.katalon.core.webservice.keyword.builtin.VerifyElementPropertyValueKeyword$_verifyElementPropertyValue_closure1.call(VerifyElementPropertyValueKeyword.groovy)
	at com.kms.katalon.core.keyword.internal.KeywordMain.runKeyword(KeywordMain.groovy:54)
	at com.kms.katalon.core.webservice.keyword.builtin.VerifyElementPropertyValueKeyword.verifyElementPropertyValue(VerifyElementPropertyValueKeyword.groovy:48)
	at com.kms.katalon.core.webservice.keyword.builtin.VerifyElementPropertyValueKeyword.execute(VerifyElementPropertyValueKeyword.groovy:43)
	at com.kms.katalon.core.keyword.internal.KeywordExecutor.executeKeywordForPlatform(KeywordExecutor.groovy:53)
	at com.kms.katalon.core.webservice.keyword.WSBuiltInKeywords.verifyElementPropertyValue(WSBuiltInKeywords.groovy:123)
	at com.kms.katalon.core.webservice.keyword.WSBuiltInKeywords$verifyElementPropertyValue$1.call(Unknown Source)
	at Program_Controller_Verify_Response_with_Empty_Values.run(Program_Controller_Verify_Response_with_Empty_Values:20)
	at com.kms.katalon.core.main.ScriptEngine.run(ScriptEngine.java:194)
	at com.kms.katalon.core.main.ScriptEngine.runScriptAsRawText(ScriptEngine.java:119)
	at com.kms.katalon.core.main.TestCaseExecutor.runScript(TestCaseExecutor.java:328)
	at com.kms.katalon.core.main.TestCaseExecutor.doExecute(TestCaseExecutor.java:319)
	at com.kms.katalon.core.main.TestCaseExecutor.processExecutionPhase(TestCaseExecutor.java:298)
	at com.kms.katalon.core.main.TestCaseExecutor.accessMainPhase(TestCaseExecutor.java:290)
	at com.kms.katalon.core.main.TestCaseExecutor.execute(TestCaseExecutor.java:224)
	at com.kms.katalon.core.main.TestSuiteExecutor.accessTestCaseMainPhase(TestSuiteExecutor.java:129)
	at com.kms.katalon.core.main.TestSuiteExecutor.accessTestSuiteMainPhase(TestSuiteExecutor.java:112)
	at com.kms.katalon.core.main.TestSuiteExecutor.execute(TestSuiteExecutor.java:81)
	at com.kms.katalon.core.main.TestCaseMain.startTestSuite(TestCaseMain.java:149)
	at com.kms.katalon.core.main.TestCaseMain$startTestSuite$0.call(Unknown Source)
	at TempTestSuite1563422560009.run(TempTestSuite1563422560009.groovy:36)
"/>
         <system-out><![CDATA[2019-07-18 09:35:07 - [TEST_CASE][FAILED] - Test Cases/Program_Controller_API/Program_Controller_Verify_Response_with_Empty_Values: Test Cases/Program_Controller_API/Program_Controller_Verify_Response_with_Empty_Values FAILED.
Reason:
com.kms.katalon.core.exception.StepFailedException: Expected element property value '' is not equal with actual property value 'Pgm'
	at com.kms.katalon.core.keyword.internal.KeywordMain.stepFailed(KeywordMain.groovy:32)
	at com.kms.katalon.core.webservice.keyword.builtin.VerifyElementPropertyValueKeyword$_verifyElementPropertyValue_closure1.doCall(VerifyElementPropertyValueKeyword.groovy:56)
	at com.kms.katalon.core.webservice.keyword.builtin.VerifyElementPropertyValueKeyword$_verifyElementPropertyValue_closure1.call(VerifyElementPropertyValueKeyword.groovy)
	at com.kms.katalon.core.keyword.internal.KeywordMain.runKeyword(KeywordMain.groovy:54)
	at com.kms.katalon.core.webservice.keyword.builtin.VerifyElementPropertyValueKeyword.verifyElementPropertyValue(VerifyElementPropertyValueKeyword.groovy:48)
	at com.kms.katalon.core.webservice.keyword.builtin.VerifyElementPropertyValueKeyword.execute(VerifyElementPropertyValueKeyword.groovy:43)
	at com.kms.katalon.core.keyword.internal.KeywordExecutor.executeKeywordForPlatform(KeywordExecutor.groovy:53)
	at com.kms.katalon.core.webservice.keyword.WSBuiltInKeywords.verifyElementPropertyValue(WSBuiltInKeywords.groovy:123)
	at com.kms.katalon.core.webservice.keyword.WSBuiltInKeywords$verifyElementPropertyValue$1.call(Unknown Source)
	at Program_Controller_Verify_Response_with_Empty_Values.run(Program_Controller_Verify_Response_with_Empty_Values:20)
	at com.kms.katalon.core.main.ScriptEngine.run(ScriptEngine.java:194)
	at com.kms.katalon.core.main.ScriptEngine.runScriptAsRawText(ScriptEngine.java:119)
	at com.kms.katalon.core.main.TestCaseExecutor.runScript(TestCaseExecutor.java:328)
	at com.kms.katalon.core.main.TestCaseExecutor.doExecute(TestCaseExecutor.java:319)
	at com.kms.katalon.core.main.TestCaseExecutor.processExecutionPhase(TestCaseExecutor.java:298)
	at com.kms.katalon.core.main.TestCaseExecutor.accessMainPhase(TestCaseExecutor.java:290)
	at com.kms.katalon.core.main.TestCaseExecutor.execute(TestCaseExecutor.java:224)
	at com.kms.katalon.core.main.TestSuiteExecutor.accessTestCaseMainPhase(TestSuiteExecutor.java:129)
	at com.kms.katalon.core.main.TestSuiteExecutor.accessTestSuiteMainPhase(TestSuiteExecutor.java:112)
	at com.kms.katalon.core.main.TestSuiteExecutor.execute(TestSuiteExecutor.java:81)
	at com.kms.katalon.core.main.TestCaseMain.startTestSuite(TestCaseMain.java:149)
	at com.kms.katalon.core.main.TestCaseMain$startTestSuite$0.call(Unknown Source)
	at TempTestSuite1563422560009.run(TempTestSuite1563422560009.groovy:36)


2019-07-18 09:35:07 - [TEST_STEP][PASSED] - response = sendRequest(findTestObject("Program_Controller_API/Program_Controller_Verify_Response_with_Empty_Values")): Send request successfully

2019-07-18 09:35:07 - [MESSAGE][INFO] - HAR: C:\Users\khaja.h\Katalon Studio\ADDI_Project\Reports\Program_Controller_API\20190718_093235\requests\main\1.har

2019-07-18 09:35:07 - [MESSAGE][PASSED] - Send request successfully

2019-07-18 09:35:07 - [TEST_STEP][PASSED] - verifyResponseStatusCode(response, 200): Verify response status code successfully

2019-07-18 09:35:07 - [MESSAGE][PASSED] - Verify response status code successfully

2019-07-18 09:35:07 - [TEST_STEP][FAILED] - verifyElementPropertyValue(response, "[0].pgm.type", pgm_type): Expected element property value '' is not equal with actual property value 'Pgm'

2019-07-18 09:35:07 - [MESSAGE][FAILED] - Expected element property value '' is not equal with actual property value 'Pgm'

2019-07-18 09:35:07 - [TEST_STEP][FAILED] - verifyElementPropertyValue(response, "[0].pgm.owner", pgm_owner): Expected element property value '' is not equal with actual property value 'RCS'

2019-07-18 09:35:07 - [MESSAGE][FAILED] - Expected element property value '' is not equal with actual property value 'RCS'

2019-07-18 09:35:07 - [TEST_STEP][FAILED] - verifyElementPropertyValue(response, "[0].pgm.pgmId", pgm_pgmId): Expected element property value '' is not equal with actual property value '0000000031'

2019-07-18 09:35:07 - [MESSAGE][FAILED] - Expected element property value '' is not equal with actual property value '0000000031'

2019-07-18 09:35:07 - [TEST_STEP][FAILED] - verifyElementPropertyValue(response, "[0].pgm.linkName", pgm_linkName): Expected element property value '' is not equal with actual property value 'R60031'

2019-07-18 09:35:07 - [MESSAGE][FAILED] - Expected element property value '' is not equal with actual property value 'R60031'

2019-07-18 09:35:07 - [TEST_STEP][FAILED] - verifyElementPropertyValue(response, "[0].pgm.description", pgm_description): Expected element property value '' is not equal with actual property value 'RCS Owner-Hierarchy Edits (alias=R60030)'

2019-07-18 09:35:07 - [MESSAGE][FAILED] - Expected element property value '' is not equal with actual property value 'RCS Owner-Hierarchy Edits (alias=R60030)'

2019-07-18 09:35:07 - [TEST_STEP][FAILED] - verifyElementPropertyValue(response, "[0].pgm.language", pgm_language): Expected element property value '' is not equal with actual property value 'ASM'

2019-07-18 09:35:07 - [MESSAGE][FAILED] - Expected element property value '' is not equal with actual property value 'ASM'

2019-07-18 09:35:07 - [TEST_STEP][FAILED] - verifyElementPropertyValue(response, "[0].pgm.status", pgm_status): Expected element property value '' is not equal with actual property value 'N'

2019-07-18 09:35:07 - [MESSAGE][FAILED] - Expected element property value '' is not equal with actual property value 'N'

2019-07-18 09:35:07 - [TEST_STEP][FAILED] - verifyElementPropertyValue(response, "[0].pdg.type", pdg_type): Expected element property value '' is not equal with actual property value 'Pdg'

2019-07-18 09:35:07 - [MESSAGE][FAILED] - Expected element property value '' is not equal with actual property value 'Pdg'

2019-07-18 09:35:07 - [TEST_STEP][FAILED] - verifyElementPropertyValue(response, "[0].pdg.number", pdg_number): Expected element property value '' is not equal with actual property value 'null'

2019-07-18 09:35:08 - [MESSAGE][FAILED] - Expected element property value '' is not equal with actual property value 'null'

2019-07-18 09:35:08 - [TEST_STEP][FAILED] - verifyElementPropertyValue(response, "[0].pdg.dgNumberList", pdg_dgNumberList): Expected element property value '' is not equal with actual property value 'null'

2019-07-18 09:35:08 - [MESSAGE][FAILED] - Expected element property value '' is not equal with actual property value 'null'

2019-07-18 09:35:08 - [TEST_STEP][FAILED] - verifyElementPropertyValue(response, "[0].pac.type", pac_type): Expected element property value '' is not equal with actual property value 'Pac'

2019-07-18 09:35:08 - [MESSAGE][FAILED] - Expected element property value '' is not equal with actual property value 'Pac'

2019-07-18 09:35:08 - [TEST_STEP][FAILED] - verifyElementPropertyValue(response, "[0].pac.number", pac_number): Expected element property value '' is not equal with actual property value '001'

2019-07-18 09:35:08 - [MESSAGE][FAILED] - Expected element property value '' is not equal with actual property value '001'

2019-07-18 09:35:08 - [TEST_STEP][FAILED] - verifyElementPropertyValue(response, "[0].pac.actNumbersList", pac_act_NumbersList): verifyElementPropertyValue(response, "[0].pac.actNumbersList", pac_act_NumbersList) FAILED.
Reason:
com.kms.katalon.core.exception.StepFailedException: Expected element property value '' is not equal with actual property value 'Pgm'
	at com.kms.katalon.core.keyword.internal.KeywordMain.stepFailed(KeywordMain.groovy:32)
	at com.kms.katalon.core.webservice.keyword.builtin.VerifyElementPropertyValueKeyword$_verifyElementPropertyValue_closure1.doCall(VerifyElementPropertyValueKeyword.groovy:56)
	at com.kms.katalon.core.webservice.keyword.builtin.VerifyElementPropertyValueKeyword$_verifyElementPropertyValue_closure1.call(VerifyElementPropertyValueKeyword.groovy)
	at com.kms.katalon.core.keyword.internal.KeywordMain.runKeyword(KeywordMain.groovy:54)
	at com.kms.katalon.core.webservice.keyword.builtin.VerifyElementPropertyValueKeyword.verifyElementPropertyValue(VerifyElementPropertyValueKeyword.groovy:48)
	at com.kms.katalon.core.webservice.keyword.builtin.VerifyElementPropertyValueKeyword.execute(VerifyElementPropertyValueKeyword.groovy:43)
	at com.kms.katalon.core.keyword.internal.KeywordExecutor.executeKeywordForPlatform(KeywordExecutor.groovy:53)
	at com.kms.katalon.core.webservice.keyword.WSBuiltInKeywords.verifyElementPropertyValue(WSBuiltInKeywords.groovy:123)
	at com.kms.katalon.core.webservice.keyword.WSBuiltInKeywords$verifyElementPropertyValue$1.call(Unknown Source)
	at Program_Controller_Verify_Response_with_Empty_Values.run(Program_Controller_Verify_Response_with_Empty_Values:20)
	at com.kms.katalon.core.main.ScriptEngine.run(ScriptEngine.java:194)
	at com.kms.katalon.core.main.ScriptEngine.runScriptAsRawText(ScriptEngine.java:119)
	at com.kms.katalon.core.main.TestCaseExecutor.runScript(TestCaseExecutor.java:328)
	at com.kms.katalon.core.main.TestCaseExecutor.doExecute(TestCaseExecutor.java:319)
	at com.kms.katalon.core.main.TestCaseExecutor.processExecutionPhase(TestCaseExecutor.java:298)
	at com.kms.katalon.core.main.TestCaseExecutor.accessMainPhase(TestCaseExecutor.java:290)
	at com.kms.katalon.core.main.TestCaseExecutor.execute(TestCaseExecutor.java:224)
	at com.kms.katalon.core.main.TestSuiteExecutor.accessTestCaseMainPhase(TestSuiteExecutor.java:129)
	at com.kms.katalon.core.main.TestSuiteExecutor.accessTestSuiteMainPhase(TestSuiteExecutor.java:112)
	at com.kms.katalon.core.main.TestSuiteExecutor.execute(TestSuiteExecutor.java:81)
	at com.kms.katalon.core.main.TestCaseMain.startTestSuite(TestCaseMain.java:149)
	at com.kms.katalon.core.main.TestCaseMain$startTestSuite$0.call(Unknown Source)
	at TempTestSuite1563422560009.run(TempTestSuite1563422560009.groovy:36)


2019-07-18 09:35:08 - [MESSAGE][FAILED] - Expected element property value '' is not equal with actual property value '0000000112 0000000113 0000000114'

2019-07-18 09:35:08 - [MESSAGE][FAILED] - verifyElementPropertyValue(response, "[0].pac.actNumbersList", pac_act_NumbersList) FAILED.
Reason:
com.kms.katalon.core.exception.StepFailedException: Expected element property value '' is not equal with actual property value 'Pgm'
	at com.kms.katalon.core.keyword.internal.KeywordMain.stepFailed(KeywordMain.groovy:32)
	at com.kms.katalon.core.webservice.keyword.builtin.VerifyElementPropertyValueKeyword$_verifyElementPropertyValue_closure1.doCall(VerifyElementPropertyValueKeyword.groovy:56)
	at com.kms.katalon.core.webservice.keyword.builtin.VerifyElementPropertyValueKeyword$_verifyElementPropertyValue_closure1.call(VerifyElementPropertyValueKeyword.groovy)
	at com.kms.katalon.core.keyword.internal.KeywordMain.runKeyword(KeywordMain.groovy:54)
	at com.kms.katalon.core.webservice.keyword.builtin.VerifyElementPropertyValueKeyword.verifyElementPropertyValue(VerifyElementPropertyValueKeyword.groovy:48)
	at com.kms.katalon.core.webservice.keyword.builtin.VerifyElementPropertyValueKeyword.execute(VerifyElementPropertyValueKeyword.groovy:43)
	at com.kms.katalon.core.keyword.internal.KeywordExecutor.executeKeywordForPlatform(KeywordExecutor.groovy:53)
	at com.kms.katalon.core.webservice.keyword.WSBuiltInKeywords.verifyElementPropertyValue(WSBuiltInKeywords.groovy:123)
	at com.kms.katalon.core.webservice.keyword.WSBuiltInKeywords$verifyElementPropertyValue$1.call(Unknown Source)
	at Program_Controller_Verify_Response_with_Empty_Values.run(Program_Controller_Verify_Response_with_Empty_Values:20)
	at com.kms.katalon.core.main.ScriptEngine.run(ScriptEngine.java:194)
	at com.kms.katalon.core.main.ScriptEngine.runScriptAsRawText(ScriptEngine.java:119)
	at com.kms.katalon.core.main.TestCaseExecutor.runScript(TestCaseExecutor.java:328)
	at com.kms.katalon.core.main.TestCaseExecutor.doExecute(TestCaseExecutor.java:319)
	at com.kms.katalon.core.main.TestCaseExecutor.processExecutionPhase(TestCaseExecutor.java:298)
	at com.kms.katalon.core.main.TestCaseExecutor.accessMainPhase(TestCaseExecutor.java:290)
	at com.kms.katalon.core.main.TestCaseExecutor.execute(TestCaseExecutor.java:224)
	at com.kms.katalon.core.main.TestSuiteExecutor.accessTestCaseMainPhase(TestSuiteExecutor.java:129)
	at com.kms.katalon.core.main.TestSuiteExecutor.accessTestSuiteMainPhase(TestSuiteExecutor.java:112)
	at com.kms.katalon.core.main.TestSuiteExecutor.execute(TestSuiteExecutor.java:81)
	at com.kms.katalon.core.main.TestCaseMain.startTestSuite(TestCaseMain.java:149)
	at com.kms.katalon.core.main.TestCaseMain$startTestSuite$0.call(Unknown Source)
	at TempTestSuite1563422560009.run(TempTestSuite1563422560009.groovy:36)]]></system-out>
         <system-err><![CDATA[2019-07-18 09:35:07 - [TEST_CASE][FAILED] - Test Cases/Program_Controller_API/Program_Controller_Verify_Response_with_Empty_Values: Test Cases/Program_Controller_API/Program_Controller_Verify_Response_with_Empty_Values FAILED.
Reason:
com.kms.katalon.core.exception.StepFailedException: Expected element property value '' is not equal with actual property value 'Pgm'
	at com.kms.katalon.core.keyword.internal.KeywordMain.stepFailed(KeywordMain.groovy:32)
	at com.kms.katalon.core.webservice.keyword.builtin.VerifyElementPropertyValueKeyword$_verifyElementPropertyValue_closure1.doCall(VerifyElementPropertyValueKeyword.groovy:56)
	at com.kms.katalon.core.webservice.keyword.builtin.VerifyElementPropertyValueKeyword$_verifyElementPropertyValue_closure1.call(VerifyElementPropertyValueKeyword.groovy)
	at com.kms.katalon.core.keyword.internal.KeywordMain.runKeyword(KeywordMain.groovy:54)
	at com.kms.katalon.core.webservice.keyword.builtin.VerifyElementPropertyValueKeyword.verifyElementPropertyValue(VerifyElementPropertyValueKeyword.groovy:48)
	at com.kms.katalon.core.webservice.keyword.builtin.VerifyElementPropertyValueKeyword.execute(VerifyElementPropertyValueKeyword.groovy:43)
	at com.kms.katalon.core.keyword.internal.KeywordExecutor.executeKeywordForPlatform(KeywordExecutor.groovy:53)
	at com.kms.katalon.core.webservice.keyword.WSBuiltInKeywords.verifyElementPropertyValue(WSBuiltInKeywords.groovy:123)
	at com.kms.katalon.core.webservice.keyword.WSBuiltInKeywords$verifyElementPropertyValue$1.call(Unknown Source)
	at Program_Controller_Verify_Response_with_Empty_Values.run(Program_Controller_Verify_Response_with_Empty_Values:20)
	at com.kms.katalon.core.main.ScriptEngine.run(ScriptEngine.java:194)
	at com.kms.katalon.core.main.ScriptEngine.runScriptAsRawText(ScriptEngine.java:119)
	at com.kms.katalon.core.main.TestCaseExecutor.runScript(TestCaseExecutor.java:328)
	at com.kms.katalon.core.main.TestCaseExecutor.doExecute(TestCaseExecutor.java:319)
	at com.kms.katalon.core.main.TestCaseExecutor.processExecutionPhase(TestCaseExecutor.java:298)
	at com.kms.katalon.core.main.TestCaseExecutor.accessMainPhase(TestCaseExecutor.java:290)
	at com.kms.katalon.core.main.TestCaseExecutor.execute(TestCaseExecutor.java:224)
	at com.kms.katalon.core.main.TestSuiteExecutor.accessTestCaseMainPhase(TestSuiteExecutor.java:129)
	at com.kms.katalon.core.main.TestSuiteExecutor.accessTestSuiteMainPhase(TestSuiteExecutor.java:112)
	at com.kms.katalon.core.main.TestSuiteExecutor.execute(TestSuiteExecutor.java:81)
	at com.kms.katalon.core.main.TestCaseMain.startTestSuite(TestCaseMain.java:149)
	at com.kms.katalon.core.main.TestCaseMain$startTestSuite$0.call(Unknown Source)
	at TempTestSuite1563422560009.run(TempTestSuite1563422560009.groovy:36)]]></system-err>
      </testcase>
      <testcase name="Test Cases/Program_Controller_API/Program_Controller_Verify_Response__with_Invalid_Values" classname="Test Cases/Program_Controller_API/Program_Controller_Verify_Response__with_Invalid_Values" status="FAILED">
         <failure type="FAILED" message="Test Cases/Program_Controller_API/Program_Controller_Verify_Response__with_Invalid_Values FAILED.
Reason:
com.kms.katalon.core.exception.StepFailedException: Expected element property value 'HBGV' is not equal with actual property value 'Pgm'
	at com.kms.katalon.core.keyword.internal.KeywordMain.stepFailed(KeywordMain.groovy:32)
	at com.kms.katalon.core.webservice.keyword.builtin.VerifyElementPropertyValueKeyword$_verifyElementPropertyValue_closure1.doCall(VerifyElementPropertyValueKeyword.groovy:56)
	at com.kms.katalon.core.webservice.keyword.builtin.VerifyElementPropertyValueKeyword$_verifyElementPropertyValue_closure1.call(VerifyElementPropertyValueKeyword.groovy)
	at com.kms.katalon.core.keyword.internal.KeywordMain.runKeyword(KeywordMain.groovy:54)
	at com.kms.katalon.core.webservice.keyword.builtin.VerifyElementPropertyValueKeyword.verifyElementPropertyValue(VerifyElementPropertyValueKeyword.groovy:48)
	at com.kms.katalon.core.webservice.keyword.builtin.VerifyElementPropertyValueKeyword.execute(VerifyElementPropertyValueKeyword.groovy:43)
	at com.kms.katalon.core.keyword.internal.KeywordExecutor.executeKeywordForPlatform(KeywordExecutor.groovy:53)
	at com.kms.katalon.core.webservice.keyword.WSBuiltInKeywords.verifyElementPropertyValue(WSBuiltInKeywords.groovy:123)
	at com.kms.katalon.core.webservice.keyword.WSBuiltInKeywords$verifyElementPropertyValue$1.call(Unknown Source)
	at Program_Controller_Verify_Response__with_Invalid_Values.run(Program_Controller_Verify_Response__with_Invalid_Values:20)
	at com.kms.katalon.core.main.ScriptEngine.run(ScriptEngine.java:194)
	at com.kms.katalon.core.main.ScriptEngine.runScriptAsRawText(ScriptEngine.java:119)
	at com.kms.katalon.core.main.TestCaseExecutor.runScript(TestCaseExecutor.java:328)
	at com.kms.katalon.core.main.TestCaseExecutor.doExecute(TestCaseExecutor.java:319)
	at com.kms.katalon.core.main.TestCaseExecutor.processExecutionPhase(TestCaseExecutor.java:298)
	at com.kms.katalon.core.main.TestCaseExecutor.accessMainPhase(TestCaseExecutor.java:290)
	at com.kms.katalon.core.main.TestCaseExecutor.execute(TestCaseExecutor.java:224)
	at com.kms.katalon.core.main.TestSuiteExecutor.accessTestCaseMainPhase(TestSuiteExecutor.java:129)
	at com.kms.katalon.core.main.TestSuiteExecutor.accessTestSuiteMainPhase(TestSuiteExecutor.java:112)
	at com.kms.katalon.core.main.TestSuiteExecutor.execute(TestSuiteExecutor.java:81)
	at com.kms.katalon.core.main.TestCaseMain.startTestSuite(TestCaseMain.java:149)
	at com.kms.katalon.core.main.TestCaseMain$startTestSuite$0.call(Unknown Source)
	at TempTestSuite1563422560009.run(TempTestSuite1563422560009.groovy:36)
"/>
         <system-out><![CDATA[2019-07-18 09:35:08 - [TEST_CASE][FAILED] - Test Cases/Program_Controller_API/Program_Controller_Verify_Response__with_Invalid_Values: Test Cases/Program_Controller_API/Program_Controller_Verify_Response__with_Invalid_Values FAILED.
Reason:
com.kms.katalon.core.exception.StepFailedException: Expected element property value 'HBGV' is not equal with actual property value 'Pgm'
	at com.kms.katalon.core.keyword.internal.KeywordMain.stepFailed(KeywordMain.groovy:32)
	at com.kms.katalon.core.webservice.keyword.builtin.VerifyElementPropertyValueKeyword$_verifyElementPropertyValue_closure1.doCall(VerifyElementPropertyValueKeyword.groovy:56)
	at com.kms.katalon.core.webservice.keyword.builtin.VerifyElementPropertyValueKeyword$_verifyElementPropertyValue_closure1.call(VerifyElementPropertyValueKeyword.groovy)
	at com.kms.katalon.core.keyword.internal.KeywordMain.runKeyword(KeywordMain.groovy:54)
	at com.kms.katalon.core.webservice.keyword.builtin.VerifyElementPropertyValueKeyword.verifyElementPropertyValue(VerifyElementPropertyValueKeyword.groovy:48)
	at com.kms.katalon.core.webservice.keyword.builtin.VerifyElementPropertyValueKeyword.execute(VerifyElementPropertyValueKeyword.groovy:43)
	at com.kms.katalon.core.keyword.internal.KeywordExecutor.executeKeywordForPlatform(KeywordExecutor.groovy:53)
	at com.kms.katalon.core.webservice.keyword.WSBuiltInKeywords.verifyElementPropertyValue(WSBuiltInKeywords.groovy:123)
	at com.kms.katalon.core.webservice.keyword.WSBuiltInKeywords$verifyElementPropertyValue$1.call(Unknown Source)
	at Program_Controller_Verify_Response__with_Invalid_Values.run(Program_Controller_Verify_Response__with_Invalid_Values:20)
	at com.kms.katalon.core.main.ScriptEngine.run(ScriptEngine.java:194)
	at com.kms.katalon.core.main.ScriptEngine.runScriptAsRawText(ScriptEngine.java:119)
	at com.kms.katalon.core.main.TestCaseExecutor.runScript(TestCaseExecutor.java:328)
	at com.kms.katalon.core.main.TestCaseExecutor.doExecute(TestCaseExecutor.java:319)
	at com.kms.katalon.core.main.TestCaseExecutor.processExecutionPhase(TestCaseExecutor.java:298)
	at com.kms.katalon.core.main.TestCaseExecutor.accessMainPhase(TestCaseExecutor.java:290)
	at com.kms.katalon.core.main.TestCaseExecutor.execute(TestCaseExecutor.java:224)
	at com.kms.katalon.core.main.TestSuiteExecutor.accessTestCaseMainPhase(TestSuiteExecutor.java:129)
	at com.kms.katalon.core.main.TestSuiteExecutor.accessTestSuiteMainPhase(TestSuiteExecutor.java:112)
	at com.kms.katalon.core.main.TestSuiteExecutor.execute(TestSuiteExecutor.java:81)
	at com.kms.katalon.core.main.TestCaseMain.startTestSuite(TestCaseMain.java:149)
	at com.kms.katalon.core.main.TestCaseMain$startTestSuite$0.call(Unknown Source)
	at TempTestSuite1563422560009.run(TempTestSuite1563422560009.groovy:36)


2019-07-18 09:35:08 - [TEST_STEP][PASSED] - response = sendRequest(findTestObject("Program_Controller_API/Program_Controller_Verify_Response__with_Invalid_Values")): Send request successfully

2019-07-18 09:35:08 - [MESSAGE][INFO] - HAR: C:\Users\khaja.h\Katalon Studio\ADDI_Project\Reports\Program_Controller_API\20190718_093235\requests\main\2.har

2019-07-18 09:35:08 - [MESSAGE][PASSED] - Send request successfully

2019-07-18 09:35:08 - [TEST_STEP][PASSED] - verifyResponseStatusCode(response, 200): Verify response status code successfully

2019-07-18 09:35:08 - [MESSAGE][PASSED] - Verify response status code successfully

2019-07-18 09:35:08 - [TEST_STEP][FAILED] - verifyElementPropertyValue(response, "[0].pgm.type", pgm_type): Expected element property value 'HBGV' is not equal with actual property value 'Pgm'

2019-07-18 09:35:08 - [MESSAGE][FAILED] - Expected element property value 'HBGV' is not equal with actual property value 'Pgm'

2019-07-18 09:35:08 - [TEST_STEP][FAILED] - verifyElementPropertyValue(response, "[0].pgm.owner", pgm_owner): Expected element property value 'SDXC' is not equal with actual property value 'RCS'

2019-07-18 09:35:08 - [MESSAGE][FAILED] - Expected element property value 'SDXC' is not equal with actual property value 'RCS'

2019-07-18 09:35:08 - [TEST_STEP][FAILED] - verifyElementPropertyValue(response, "[0].pgm.pgmId", pgm_pgmId): Expected element property value '4567456' is not equal with actual property value '0000000031'

2019-07-18 09:35:08 - [MESSAGE][FAILED] - Expected element property value '4567456' is not equal with actual property value '0000000031'

2019-07-18 09:35:08 - [TEST_STEP][FAILED] - verifyElementPropertyValue(response, "[0].pgm.linkName", pgm_linkName): Expected element property value 'd3456' is not equal with actual property value 'R60031'

2019-07-18 09:35:08 - [MESSAGE][FAILED] - Expected element property value 'd3456' is not equal with actual property value 'R60031'

2019-07-18 09:35:08 - [TEST_STEP][FAILED] - verifyElementPropertyValue(response, "[0].pgm.description", pgm_description): Expected element property value 'ASFHB HBGVF JNHBG' is not equal with actual property value 'RCS Owner-Hierarchy Edits (alias=R60030)'

2019-07-18 09:35:08 - [MESSAGE][FAILED] - Expected element property value 'ASFHB HBGVF JNHBG' is not equal with actual property value 'RCS Owner-Hierarchy Edits (alias=R60030)'

2019-07-18 09:35:08 - [TEST_STEP][FAILED] - verifyElementPropertyValue(response, "[0].pgm.language", pgm_language): Expected element property value 'SDFR' is not equal with actual property value 'ASM'

2019-07-18 09:35:08 - [MESSAGE][FAILED] - Expected element property value 'SDFR' is not equal with actual property value 'ASM'

2019-07-18 09:35:08 - [TEST_STEP][FAILED] - verifyElementPropertyValue(response, "[0].pgm.status", pgm_status): Expected element property value 'B' is not equal with actual property value 'N'

2019-07-18 09:35:08 - [MESSAGE][FAILED] - Expected element property value 'B' is not equal with actual property value 'N'

2019-07-18 09:35:08 - [TEST_STEP][FAILED] - verifyElementPropertyValue(response, "[0].pdg.type", pdg_type): Expected element property value 'FGTR' is not equal with actual property value 'Pdg'

2019-07-18 09:35:08 - [MESSAGE][FAILED] - Expected element property value 'FGTR' is not equal with actual property value 'Pdg'

2019-07-18 09:35:08 - [TEST_STEP][FAILED] - verifyElementPropertyValue(response, "[0].pdg.number", pdg_number): Expected element property value 'BVGF' is not equal with actual property value 'null'

2019-07-18 09:35:08 - [MESSAGE][FAILED] - Expected element property value 'BVGF' is not equal with actual property value 'null'

2019-07-18 09:35:08 - [TEST_STEP][FAILED] - verifyElementPropertyValue(response, "[0].pdg.dgNumberList", pdg_dgNumberList): Expected element property value '7654556' is not equal with actual property value 'null'

2019-07-18 09:35:09 - [MESSAGE][FAILED] - Expected element property value '7654556' is not equal with actual property value 'null'

2019-07-18 09:35:09 - [TEST_STEP][FAILED] - verifyElementPropertyValue(response, "[0].pac.type", pac_type): Expected element property value 'FGH' is not equal with actual property value 'Pac'

2019-07-18 09:35:09 - [MESSAGE][FAILED] - Expected element property value 'FGH' is not equal with actual property value 'Pac'

2019-07-18 09:35:09 - [TEST_STEP][FAILED] - verifyElementPropertyValue(response, "[0].pac.number", pac_number): Expected element property value 'CFDE' is not equal with actual property value '001'

2019-07-18 09:35:09 - [MESSAGE][FAILED] - Expected element property value 'CFDE' is not equal with actual property value '001'

2019-07-18 09:35:09 - [TEST_STEP][FAILED] - verifyElementPropertyValue(response, "[0].pac.actNumbersList", pac_act_NumbersList): verifyElementPropertyValue(response, "[0].pac.actNumbersList", pac_act_NumbersList) FAILED.
Reason:
com.kms.katalon.core.exception.StepFailedException: Expected element property value 'HBGV' is not equal with actual property value 'Pgm'
	at com.kms.katalon.core.keyword.internal.KeywordMain.stepFailed(KeywordMain.groovy:32)
	at com.kms.katalon.core.webservice.keyword.builtin.VerifyElementPropertyValueKeyword$_verifyElementPropertyValue_closure1.doCall(VerifyElementPropertyValueKeyword.groovy:56)
	at com.kms.katalon.core.webservice.keyword.builtin.VerifyElementPropertyValueKeyword$_verifyElementPropertyValue_closure1.call(VerifyElementPropertyValueKeyword.groovy)
	at com.kms.katalon.core.keyword.internal.KeywordMain.runKeyword(KeywordMain.groovy:54)
	at com.kms.katalon.core.webservice.keyword.builtin.VerifyElementPropertyValueKeyword.verifyElementPropertyValue(VerifyElementPropertyValueKeyword.groovy:48)
	at com.kms.katalon.core.webservice.keyword.builtin.VerifyElementPropertyValueKeyword.execute(VerifyElementPropertyValueKeyword.groovy:43)
	at com.kms.katalon.core.keyword.internal.KeywordExecutor.executeKeywordForPlatform(KeywordExecutor.groovy:53)
	at com.kms.katalon.core.webservice.keyword.WSBuiltInKeywords.verifyElementPropertyValue(WSBuiltInKeywords.groovy:123)
	at com.kms.katalon.core.webservice.keyword.WSBuiltInKeywords$verifyElementPropertyValue$1.call(Unknown Source)
	at Program_Controller_Verify_Response__with_Invalid_Values.run(Program_Controller_Verify_Response__with_Invalid_Values:20)
	at com.kms.katalon.core.main.ScriptEngine.run(ScriptEngine.java:194)
	at com.kms.katalon.core.main.ScriptEngine.runScriptAsRawText(ScriptEngine.java:119)
	at com.kms.katalon.core.main.TestCaseExecutor.runScript(TestCaseExecutor.java:328)
	at com.kms.katalon.core.main.TestCaseExecutor.doExecute(TestCaseExecutor.java:319)
	at com.kms.katalon.core.main.TestCaseExecutor.processExecutionPhase(TestCaseExecutor.java:298)
	at com.kms.katalon.core.main.TestCaseExecutor.accessMainPhase(TestCaseExecutor.java:290)
	at com.kms.katalon.core.main.TestCaseExecutor.execute(TestCaseExecutor.java:224)
	at com.kms.katalon.core.main.TestSuiteExecutor.accessTestCaseMainPhase(TestSuiteExecutor.java:129)
	at com.kms.katalon.core.main.TestSuiteExecutor.accessTestSuiteMainPhase(TestSuiteExecutor.java:112)
	at com.kms.katalon.core.main.TestSuiteExecutor.execute(TestSuiteExecutor.java:81)
	at com.kms.katalon.core.main.TestCaseMain.startTestSuite(TestCaseMain.java:149)
	at com.kms.katalon.core.main.TestCaseMain$startTestSuite$0.call(Unknown Source)
	at TempTestSuite1563422560009.run(TempTestSuite1563422560009.groovy:36)


2019-07-18 09:35:09 - [MESSAGE][FAILED] - Expected element property value 'NBHGY' is not equal with actual property value '0000000112 0000000113 0000000114'

2019-07-18 09:35:09 - [MESSAGE][FAILED] - verifyElementPropertyValue(response, "[0].pac.actNumbersList", pac_act_NumbersList) FAILED.
Reason:
com.kms.katalon.core.exception.StepFailedException: Expected element property value 'HBGV' is not equal with actual property value 'Pgm'
	at com.kms.katalon.core.keyword.internal.KeywordMain.stepFailed(KeywordMain.groovy:32)
	at com.kms.katalon.core.webservice.keyword.builtin.VerifyElementPropertyValueKeyword$_verifyElementPropertyValue_closure1.doCall(VerifyElementPropertyValueKeyword.groovy:56)
	at com.kms.katalon.core.webservice.keyword.builtin.VerifyElementPropertyValueKeyword$_verifyElementPropertyValue_closure1.call(VerifyElementPropertyValueKeyword.groovy)
	at com.kms.katalon.core.keyword.internal.KeywordMain.runKeyword(KeywordMain.groovy:54)
	at com.kms.katalon.core.webservice.keyword.builtin.VerifyElementPropertyValueKeyword.verifyElementPropertyValue(VerifyElementPropertyValueKeyword.groovy:48)
	at com.kms.katalon.core.webservice.keyword.builtin.VerifyElementPropertyValueKeyword.execute(VerifyElementPropertyValueKeyword.groovy:43)
	at com.kms.katalon.core.keyword.internal.KeywordExecutor.executeKeywordForPlatform(KeywordExecutor.groovy:53)
	at com.kms.katalon.core.webservice.keyword.WSBuiltInKeywords.verifyElementPropertyValue(WSBuiltInKeywords.groovy:123)
	at com.kms.katalon.core.webservice.keyword.WSBuiltInKeywords$verifyElementPropertyValue$1.call(Unknown Source)
	at Program_Controller_Verify_Response__with_Invalid_Values.run(Program_Controller_Verify_Response__with_Invalid_Values:20)
	at com.kms.katalon.core.main.ScriptEngine.run(ScriptEngine.java:194)
	at com.kms.katalon.core.main.ScriptEngine.runScriptAsRawText(ScriptEngine.java:119)
	at com.kms.katalon.core.main.TestCaseExecutor.runScript(TestCaseExecutor.java:328)
	at com.kms.katalon.core.main.TestCaseExecutor.doExecute(TestCaseExecutor.java:319)
	at com.kms.katalon.core.main.TestCaseExecutor.processExecutionPhase(TestCaseExecutor.java:298)
	at com.kms.katalon.core.main.TestCaseExecutor.accessMainPhase(TestCaseExecutor.java:290)
	at com.kms.katalon.core.main.TestCaseExecutor.execute(TestCaseExecutor.java:224)
	at com.kms.katalon.core.main.TestSuiteExecutor.accessTestCaseMainPhase(TestSuiteExecutor.java:129)
	at com.kms.katalon.core.main.TestSuiteExecutor.accessTestSuiteMainPhase(TestSuiteExecutor.java:112)
	at com.kms.katalon.core.main.TestSuiteExecutor.execute(TestSuiteExecutor.java:81)
	at com.kms.katalon.core.main.TestCaseMain.startTestSuite(TestCaseMain.java:149)
	at com.kms.katalon.core.main.TestCaseMain$startTestSuite$0.call(Unknown Source)
	at TempTestSuite1563422560009.run(TempTestSuite1563422560009.groovy:36)]]></system-out>
         <system-err><![CDATA[2019-07-18 09:35:08 - [TEST_CASE][FAILED] - Test Cases/Program_Controller_API/Program_Controller_Verify_Response__with_Invalid_Values: Test Cases/Program_Controller_API/Program_Controller_Verify_Response__with_Invalid_Values FAILED.
Reason:
com.kms.katalon.core.exception.StepFailedException: Expected element property value 'HBGV' is not equal with actual property value 'Pgm'
	at com.kms.katalon.core.keyword.internal.KeywordMain.stepFailed(KeywordMain.groovy:32)
	at com.kms.katalon.core.webservice.keyword.builtin.VerifyElementPropertyValueKeyword$_verifyElementPropertyValue_closure1.doCall(VerifyElementPropertyValueKeyword.groovy:56)
	at com.kms.katalon.core.webservice.keyword.builtin.VerifyElementPropertyValueKeyword$_verifyElementPropertyValue_closure1.call(VerifyElementPropertyValueKeyword.groovy)
	at com.kms.katalon.core.keyword.internal.KeywordMain.runKeyword(KeywordMain.groovy:54)
	at com.kms.katalon.core.webservice.keyword.builtin.VerifyElementPropertyValueKeyword.verifyElementPropertyValue(VerifyElementPropertyValueKeyword.groovy:48)
	at com.kms.katalon.core.webservice.keyword.builtin.VerifyElementPropertyValueKeyword.execute(VerifyElementPropertyValueKeyword.groovy:43)
	at com.kms.katalon.core.keyword.internal.KeywordExecutor.executeKeywordForPlatform(KeywordExecutor.groovy:53)
	at com.kms.katalon.core.webservice.keyword.WSBuiltInKeywords.verifyElementPropertyValue(WSBuiltInKeywords.groovy:123)
	at com.kms.katalon.core.webservice.keyword.WSBuiltInKeywords$verifyElementPropertyValue$1.call(Unknown Source)
	at Program_Controller_Verify_Response__with_Invalid_Values.run(Program_Controller_Verify_Response__with_Invalid_Values:20)
	at com.kms.katalon.core.main.ScriptEngine.run(ScriptEngine.java:194)
	at com.kms.katalon.core.main.ScriptEngine.runScriptAsRawText(ScriptEngine.java:119)
	at com.kms.katalon.core.main.TestCaseExecutor.runScript(TestCaseExecutor.java:328)
	at com.kms.katalon.core.main.TestCaseExecutor.doExecute(TestCaseExecutor.java:319)
	at com.kms.katalon.core.main.TestCaseExecutor.processExecutionPhase(TestCaseExecutor.java:298)
	at com.kms.katalon.core.main.TestCaseExecutor.accessMainPhase(TestCaseExecutor.java:290)
	at com.kms.katalon.core.main.TestCaseExecutor.execute(TestCaseExecutor.java:224)
	at com.kms.katalon.core.main.TestSuiteExecutor.accessTestCaseMainPhase(TestSuiteExecutor.java:129)
	at com.kms.katalon.core.main.TestSuiteExecutor.accessTestSuiteMainPhase(TestSuiteExecutor.java:112)
	at com.kms.katalon.core.main.TestSuiteExecutor.execute(TestSuiteExecutor.java:81)
	at com.kms.katalon.core.main.TestCaseMain.startTestSuite(TestCaseMain.java:149)
	at com.kms.katalon.core.main.TestCaseMain$startTestSuite$0.call(Unknown Source)
	at TempTestSuite1563422560009.run(TempTestSuite1563422560009.groovy:36)]]></system-err>
      </testcase>
      <testcase name="Test Cases/Program_Controller_API/Program_Controller_Verify_Response_with_Invalid_parameters" classname="Test Cases/Program_Controller_API/Program_Controller_Verify_Response_with_Invalid_parameters" status="PASSED">
         <system-out><![CDATA[2019-07-18 09:35:09 - [TEST_CASE][PASSED] - Test Cases/Program_Controller_API/Program_Controller_Verify_Response_with_Invalid_parameters: Test Cases/Program_Controller_API/Program_Controller_Verify_Response_with_Invalid_parameters

2019-07-18 09:35:09 - [TEST_STEP][PASSED] - response = sendRequest(findTestObject("Program_Controller_API/Program_Controller_Verify_Response_with_Invalid_parameters")): Send request successfully

2019-07-18 09:35:09 - [MESSAGE][INFO] - HAR: C:\Users\khaja.h\Katalon Studio\ADDI_Project\Reports\Program_Controller_API\20190718_093235\requests\main\3.har

2019-07-18 09:35:09 - [MESSAGE][PASSED] - Send request successfully

2019-07-18 09:35:09 - [TEST_STEP][PASSED] - verifyResponseStatusCode(response, 400): Verify response status code successfully

2019-07-18 09:35:09 - [MESSAGE][PASSED] - Verify response status code successfully]]></system-out>
         <system-err><![CDATA[]]></system-err>
      </testcase>
      <testcase name="Test Cases/Program_Controller_API/Program_Controller_Post_Request" classname="Test Cases/Program_Controller_API/Program_Controller_Post_Request" status="PASSED">
         <system-out><![CDATA[2019-07-18 09:35:09 - [TEST_CASE][PASSED] - Test Cases/Program_Controller_API/Program_Controller_Post_Request: Test Cases/Program_Controller_API/Program_Controller_Post_Request

2019-07-18 09:35:09 - [TEST_STEP][PASSED] - response = sendRequest(findTestObject("Program_Controller_API/Program_Controller_Post_Request")): Send request successfully

2019-07-18 09:35:10 - [MESSAGE][INFO] - HAR: C:\Users\khaja.h\Katalon Studio\ADDI_Project\Reports\Program_Controller_API\20190718_093235\requests\main\4.har

2019-07-18 09:35:10 - [MESSAGE][PASSED] - Send request successfully

2019-07-18 09:35:10 - [TEST_STEP][PASSED] - verifyResponseStatusCode(response, 201): Verify response status code successfully

2019-07-18 09:35:10 - [MESSAGE][PASSED] - Verify response status code successfully]]></system-out>
         <system-err><![CDATA[]]></system-err>
      </testcase>
      <testcase name="Test Cases/Program_Controller_API/Program_Controller_Put_Request" classname="Test Cases/Program_Controller_API/Program_Controller_Put_Request" status="PASSED">
         <system-out><![CDATA[2019-07-18 09:35:10 - [TEST_CASE][PASSED] - Test Cases/Program_Controller_API/Program_Controller_Put_Request: Test Cases/Program_Controller_API/Program_Controller_Put_Request

2019-07-18 09:35:10 - [TEST_STEP][PASSED] - response = sendRequest(findTestObject("Program_Controller_API/Program_Controller_Put_Request")): Send request successfully

2019-07-18 09:35:10 - [MESSAGE][INFO] - HAR: C:\Users\khaja.h\Katalon Studio\ADDI_Project\Reports\Program_Controller_API\20190718_093235\requests\main\5.har

2019-07-18 09:35:10 - [MESSAGE][PASSED] - Send request successfully

2019-07-18 09:35:10 - [TEST_STEP][PASSED] - verifyResponseStatusCode(response, 200): Verify response status code successfully

2019-07-18 09:35:10 - [MESSAGE][PASSED] - Verify response status code successfully]]></system-out>
         <system-err><![CDATA[]]></system-err>
      </testcase>
      <testcase name="Test Cases/Program_Controller_API/Program_Controller_Delete_Request_with_Valid_Parameters" classname="Test Cases/Program_Controller_API/Program_Controller_Delete_Request_with_Valid_Parameters" status="PASSED">
         <system-out><![CDATA[2019-07-18 09:35:10 - [TEST_CASE][PASSED] - Test Cases/Program_Controller_API/Program_Controller_Delete_Request_with_Valid_Parameters: Test Cases/Program_Controller_API/Program_Controller_Delete_Request_with_Valid_Parameters

2019-07-18 09:35:11 - [TEST_STEP][PASSED] - response = sendRequest(findTestObject("Program_Controller_API/Program_Controller_Delete_Request_with_Valid_Parameters")): Send request successfully

2019-07-18 09:35:11 - [MESSAGE][INFO] - HAR: C:\Users\khaja.h\Katalon Studio\ADDI_Project\Reports\Program_Controller_API\20190718_093235\requests\main\6.har

2019-07-18 09:35:11 - [MESSAGE][PASSED] - Send request successfully

2019-07-18 09:35:11 - [TEST_STEP][PASSED] - verifyResponseStatusCode(response, 200): Verify response status code successfully

2019-07-18 09:35:11 - [MESSAGE][PASSED] - Verify response status code successfully]]></system-out>
         <system-err><![CDATA[]]></system-err>
      </testcase>
      <testcase name="Test Cases/Program_Controller_API/Program_Controller_Delete_Request_with_Invalid_Parameters" classname="Test Cases/Program_Controller_API/Program_Controller_Delete_Request_with_Invalid_Parameters" status="PASSED">
         <system-out><![CDATA[2019-07-18 09:35:11 - [TEST_CASE][PASSED] - Test Cases/Program_Controller_API/Program_Controller_Delete_Request_with_Invalid_Parameters: Test Cases/Program_Controller_API/Program_Controller_Delete_Request_with_Invalid_Parameters

2019-07-18 09:35:11 - [TEST_STEP][PASSED] - response = sendRequest(findTestObject("Program_Controller_API/Program_Controller_Delete_Request_with_Invalid_Parameters")): Send request successfully

2019-07-18 09:35:11 - [MESSAGE][INFO] - HAR: C:\Users\khaja.h\Katalon Studio\ADDI_Project\Reports\Program_Controller_API\20190718_093235\requests\main\7.har

2019-07-18 09:35:11 - [MESSAGE][PASSED] - Send request successfully

2019-07-18 09:35:11 - [TEST_STEP][PASSED] - verifyResponseStatusCode(response, 400): Verify response status code successfully

2019-07-18 09:35:11 - [MESSAGE][PASSED] - Verify response status code successfully]]></system-out>
         <system-err><![CDATA[]]></system-err>
      </testcase>
      <system-out><![CDATA[2019-07-18 09:35:00 - [TEST_SUITE][FAILED] - Program_Controller_API: Test Cases/Program_Controller_API/Program_Controller_Verify_Response_with_Empty_Values FAILED.
Reason:
com.kms.katalon.core.exception.StepFailedException: Expected element property value '' is not equal with actual property value 'Pgm'
	at com.kms.katalon.core.keyword.internal.KeywordMain.stepFailed(KeywordMain.groovy:32)
	at com.kms.katalon.core.webservice.keyword.builtin.VerifyElementPropertyValueKeyword$_verifyElementPropertyValue_closure1.doCall(VerifyElementPropertyValueKeyword.groovy:56)
	at com.kms.katalon.core.webservice.keyword.builtin.VerifyElementPropertyValueKeyword$_verifyElementPropertyValue_closure1.call(VerifyElementPropertyValueKeyword.groovy)
	at com.kms.katalon.core.keyword.internal.KeywordMain.runKeyword(KeywordMain.groovy:54)
	at com.kms.katalon.core.webservice.keyword.builtin.VerifyElementPropertyValueKeyword.verifyElementPropertyValue(VerifyElementPropertyValueKeyword.groovy:48)
	at com.kms.katalon.core.webservice.keyword.builtin.VerifyElementPropertyValueKeyword.execute(VerifyElementPropertyValueKeyword.groovy:43)
	at com.kms.katalon.core.keyword.internal.KeywordExecutor.executeKeywordForPlatform(KeywordExecutor.groovy:53)
	at com.kms.katalon.core.webservice.keyword.WSBuiltInKeywords.verifyElementPropertyValue(WSBuiltInKeywords.groovy:123)
	at com.kms.katalon.core.webservice.keyword.WSBuiltInKeywords$verifyElementPropertyValue$1.call(Unknown Source)
	at Program_Controller_Verify_Response_with_Empty_Values.run(Program_Controller_Verify_Response_with_Empty_Values:20)
	at com.kms.katalon.core.main.ScriptEngine.run(ScriptEngine.java:194)
	at com.kms.katalon.core.main.ScriptEngine.runScriptAsRawText(ScriptEngine.java:119)
	at com.kms.katalon.core.main.TestCaseExecutor.runScript(TestCaseExecutor.java:328)
	at com.kms.katalon.core.main.TestCaseExecutor.doExecute(TestCaseExecutor.java:319)
	at com.kms.katalon.core.main.TestCaseExecutor.processExecutionPhase(TestCaseExecutor.java:298)
	at com.kms.katalon.core.main.TestCaseExecutor.accessMainPhase(TestCaseExecutor.java:290)
	at com.kms.katalon.core.main.TestCaseExecutor.execute(TestCaseExecutor.java:224)
	at com.kms.katalon.core.main.TestSuiteExecutor.accessTestCaseMainPhase(TestSuiteExecutor.java:129)
	at com.kms.katalon.core.main.TestSuiteExecutor.accessTestSuiteMainPhase(TestSuiteExecutor.java:112)
	at com.kms.katalon.core.main.TestSuiteExecutor.execute(TestSuiteExecutor.java:81)
	at com.kms.katalon.core.main.TestCaseMain.startTestSuite(TestCaseMain.java:149)
	at com.kms.katalon.core.main.TestCaseMain$startTestSuite$0.call(Unknown Source)
	at TempTestSuite1563422560009.run(TempTestSuite1563422560009.groovy:36)]]></system-out>
      <system-err><![CDATA[2019-07-18 09:35:00 - [TEST_SUITE][FAILED] - Program_Controller_API: Test Cases/Program_Controller_API/Program_Controller_Verify_Response_with_Empty_Values FAILED.
Reason:
com.kms.katalon.core.exception.StepFailedException: Expected element property value '' is not equal with actual property value 'Pgm'
	at com.kms.katalon.core.keyword.internal.KeywordMain.stepFailed(KeywordMain.groovy:32)
	at com.kms.katalon.core.webservice.keyword.builtin.VerifyElementPropertyValueKeyword$_verifyElementPropertyValue_closure1.doCall(VerifyElementPropertyValueKeyword.groovy:56)
	at com.kms.katalon.core.webservice.keyword.builtin.VerifyElementPropertyValueKeyword$_verifyElementPropertyValue_closure1.call(VerifyElementPropertyValueKeyword.groovy)
	at com.kms.katalon.core.keyword.internal.KeywordMain.runKeyword(KeywordMain.groovy:54)
	at com.kms.katalon.core.webservice.keyword.builtin.VerifyElementPropertyValueKeyword.verifyElementPropertyValue(VerifyElementPropertyValueKeyword.groovy:48)
	at com.kms.katalon.core.webservice.keyword.builtin.VerifyElementPropertyValueKeyword.execute(VerifyElementPropertyValueKeyword.groovy:43)
	at com.kms.katalon.core.keyword.internal.KeywordExecutor.executeKeywordForPlatform(KeywordExecutor.groovy:53)
	at com.kms.katalon.core.webservice.keyword.WSBuiltInKeywords.verifyElementPropertyValue(WSBuiltInKeywords.groovy:123)
	at com.kms.katalon.core.webservice.keyword.WSBuiltInKeywords$verifyElementPropertyValue$1.call(Unknown Source)
	at Program_Controller_Verify_Response_with_Empty_Values.run(Program_Controller_Verify_Response_with_Empty_Values:20)
	at com.kms.katalon.core.main.ScriptEngine.run(ScriptEngine.java:194)
	at com.kms.katalon.core.main.ScriptEngine.runScriptAsRawText(ScriptEngine.java:119)
	at com.kms.katalon.core.main.TestCaseExecutor.runScript(TestCaseExecutor.java:328)
	at com.kms.katalon.core.main.TestCaseExecutor.doExecute(TestCaseExecutor.java:319)
	at com.kms.katalon.core.main.TestCaseExecutor.processExecutionPhase(TestCaseExecutor.java:298)
	at com.kms.katalon.core.main.TestCaseExecutor.accessMainPhase(TestCaseExecutor.java:290)
	at com.kms.katalon.core.main.TestCaseExecutor.execute(TestCaseExecutor.java:224)
	at com.kms.katalon.core.main.TestSuiteExecutor.accessTestCaseMainPhase(TestSuiteExecutor.java:129)
	at com.kms.katalon.core.main.TestSuiteExecutor.accessTestSuiteMainPhase(TestSuiteExecutor.java:112)
	at com.kms.katalon.core.main.TestSuiteExecutor.execute(TestSuiteExecutor.java:81)
	at com.kms.katalon.core.main.TestCaseMain.startTestSuite(TestCaseMain.java:149)
	at com.kms.katalon.core.main.TestCaseMain$startTestSuite$0.call(Unknown Source)
	at TempTestSuite1563422560009.run(TempTestSuite1563422560009.groovy:36)]]></system-err>
   </testsuite>
</testsuites>
