<?xml version="1.0" encoding="UTF-8"?>
<testsuites name="Fps_Controller_API" time="14" tests="6" failures="2" errors="0">
   <testsuite name="Fps_Controller_API" tests="6" failures="2" errors="0" time="14" timestamp="2019-07-03 10:15:08" hostname="khaja.h - LP-5CD7465GP0.HCLT.CORP.HCL.IN" id="Test Suites/Fps_Controller_API">
      <properties>
         <property name="deviceName" value=""/>
         <property name="devicePlatform" value=""/>
         <property name="logFolder" value="C:\\Users\\khaja.h\\Katalon Studio\\ADDI_Project\\Reports\\Fps_Controller_API\\20190703_101322"/>
         <property name="logFiles" value="C:\\Users\\khaja.h\\Katalon Studio\\ADDI_Project\\Reports\\Fps_Controller_API\\20190703_101322\\execution0.log"/>
         <property name="attachments" value=""/>
         <property name="hostName" value="khaja.h - LP-5CD7465GP0.HCLT.CORP.HCL.IN"/>
         <property name="hostAddress" value="172.23.0.1"/>
         <property name="os" value="Windows 10 64bit"/>
         <property name="katalonVersion" value="5.10.1.1"/>
      </properties>
      <testcase name="Test Cases/Fps_Controller_API/Fps_Controller_Verify_Response_with_valid_Values" classname="Test Cases/Fps_Controller_API/Fps_Controller_Verify_Response_with_valid_Values" status="PASSED">
         <system-out><![CDATA[2019-07-03 10:15:08 - [TEST_CASE][PASSED] - Test Cases/Fps_Controller_API/Fps_Controller_Verify_Response_with_valid_Values: Test Cases/Fps_Controller_API/Fps_Controller_Verify_Response_with_valid_Values

2019-07-03 10:15:09 - [TEST_STEP][PASSED] - response = sendRequest(findTestObject("Fps_Controller_API/Fps_Controller_Verify_Response_with_valid_Values")): Send request successfully

2019-07-03 10:15:14 - [MESSAGE][INFO] - HAR: C:\Users\khaja.h\Katalon Studio\ADDI_Project\Reports\Fps_Controller_API\20190703_101322\requests\main\0.har

2019-07-03 10:15:14 - [MESSAGE][PASSED] - Send request successfully

2019-07-03 10:15:14 - [TEST_STEP][PASSED] - verifyResponseStatusCode(response, 200): Verify response status code successfully

2019-07-03 10:15:14 - [MESSAGE][PASSED] - Verify response status code successfully

2019-07-03 10:15:14 - [TEST_STEP][PASSED] - verifyElementPropertyValue(response, "[0].type", type): Verify element property value successfully

2019-07-03 10:15:14 - [MESSAGE][PASSED] - Verify element property value successfully

2019-07-03 10:15:14 - [TEST_STEP][PASSED] - verifyElementPropertyValue(response, "[0].owner", owner): Verify element property value successfully

2019-07-03 10:15:14 - [MESSAGE][PASSED] - Verify element property value successfully

2019-07-03 10:15:14 - [TEST_STEP][PASSED] - verifyElementPropertyValue(response, "[0].application", application): Verify element property value successfully

2019-07-03 10:15:14 - [MESSAGE][PASSED] - Verify element property value successfully

2019-07-03 10:15:14 - [TEST_STEP][PASSED] - verifyElementPropertyValue(response, "[0].function", function): Verify element property value successfully

2019-07-03 10:15:14 - [MESSAGE][PASSED] - Verify element property value successfully

2019-07-03 10:15:14 - [TEST_STEP][PASSED] - verifyElementPropertyValue(response, "[0].sequence", sequence): Verify element property value successfully

2019-07-03 10:15:14 - [MESSAGE][PASSED] - Verify element property value successfully

2019-07-03 10:15:14 - [TEST_STEP][PASSED] - verifyElementPropertyValue(response, "[0].screenId", screenId): Verify element property value successfully

2019-07-03 10:15:15 - [MESSAGE][PASSED] - Verify element property value successfully

2019-07-03 10:15:15 - [TEST_STEP][PASSED] - verifyElementPropertyValue(response, "[0].description", description): Verify element property value successfully

2019-07-03 10:15:15 - [MESSAGE][PASSED] - Verify element property value successfully

2019-07-03 10:15:15 - [TEST_STEP][PASSED] - verifyElementPropertyValue(response, "[0].statusCode", statusCode): Verify element property value successfully

2019-07-03 10:15:15 - [MESSAGE][PASSED] - Verify element property value successfully

2019-07-03 10:15:15 - [TEST_STEP][PASSED] - verifyElementPropertyValue(response, "[0].xyz", xyz): Verify element property value successfully

2019-07-03 10:15:15 - [MESSAGE][PASSED] - Verify element property value successfully

2019-07-03 10:15:15 - [TEST_STEP][PASSED] - verifyElementPropertyValue(response, "[0].initActivity", initActivity): Verify element property value successfully

2019-07-03 10:15:15 - [MESSAGE][PASSED] - Verify element property value successfully

2019-07-03 10:15:15 - [TEST_STEP][PASSED] - verifyElementPropertyValue(response, "[0].initType", initType): Verify element property value successfully

2019-07-03 10:15:15 - [MESSAGE][PASSED] - Verify element property value successfully

2019-07-03 10:15:15 - [TEST_STEP][PASSED] - verifyElementPropertyValue(response, "[0].displayFirst", displayFirst): Verify element property value successfully

2019-07-03 10:15:15 - [MESSAGE][PASSED] - Verify element property value successfully

2019-07-03 10:15:15 - [TEST_STEP][PASSED] - verifyElementPropertyValue(response, "[0].displayActivity", displayActivity): Verify element property value successfully

2019-07-03 10:15:15 - [MESSAGE][PASSED] - Verify element property value successfully

2019-07-03 10:15:15 - [TEST_STEP][PASSED] - verifyElementPropertyValue(response, "[0].dblockActivity", dblockActivity): Verify element property value successfully

2019-07-03 10:15:15 - [MESSAGE][PASSED] - Verify element property value successfully

2019-07-03 10:15:15 - [TEST_STEP][PASSED] - verifyElementPropertyValue(response, "[0].linkactivity", linkactivity): Verify element property value successfully

2019-07-03 10:15:15 - [MESSAGE][PASSED] - Verify element property value successfully

2019-07-03 10:15:15 - [TEST_STEP][PASSED] - verifyElementPropertyValue(response, "[0].userEnrollment", userEnrollment): Verify element property value successfully

2019-07-03 10:15:15 - [MESSAGE][PASSED] - Verify element property value successfully

2019-07-03 10:15:15 - [TEST_STEP][PASSED] - verifyElementPropertyValue(response, "[0].establishedNewLevel", establishedNewLevel): Verify element property value successfully

2019-07-03 10:15:15 - [MESSAGE][PASSED] - Verify element property value successfully

2019-07-03 10:15:15 - [TEST_STEP][PASSED] - verifyElementPropertyValue(response, "[0].fpskeyApplication", fpskeyApplication): Verify element property value successfully

2019-07-03 10:15:15 - [MESSAGE][PASSED] - Verify element property value successfully

2019-07-03 10:15:15 - [TEST_STEP][PASSED] - verifyElementPropertyValue(response, "[0].fpskeyFunction", fpskeyFunction): Verify element property value successfully

2019-07-03 10:15:15 - [MESSAGE][PASSED] - Verify element property value successfully

2019-07-03 10:15:15 - [TEST_STEP][PASSED] - verifyElementPropertyValue(response, "[0].fpskeySequence", fpskeySequence): Verify element property value successfully

2019-07-03 10:15:15 - [MESSAGE][PASSED] - Verify element property value successfully

2019-07-03 10:15:15 - [TEST_STEP][PASSED] - verifyElementPropertyValue(response, "[0].pqr", pqr): Verify element property value successfully

2019-07-03 10:15:15 - [MESSAGE][PASSED] - Verify element property value successfully

2019-07-03 10:15:15 - [TEST_STEP][PASSED] - verifyElementPropertyValue(response, "[0].efskey", efskey): Verify element property value successfully

2019-07-03 10:15:15 - [MESSAGE][PASSED] - Verify element property value successfully

2019-07-03 10:15:15 - [TEST_STEP][PASSED] - verifyElementPropertyValue(response, "[0].efsaction", efsaction): Verify element property value successfully

2019-07-03 10:15:15 - [MESSAGE][PASSED] - Verify element property value successfully

2019-07-03 10:15:15 - [TEST_STEP][PASSED] - verifyElementPropertyValue(response, "[0].functionSecurityLevel", functionSecurityLevel): Verify element property value successfully

2019-07-03 10:15:15 - [MESSAGE][PASSED] - Verify element property value successfully]]></system-out>
         <system-err><![CDATA[]]></system-err>
      </testcase>
      <testcase name="Test Cases/Fps_Controller_API/Fps_Controller_Verify_Response_with_Empty_Values" classname="Test Cases/Fps_Controller_API/Fps_Controller_Verify_Response_with_Empty_Values" status="FAILED">
         <failure type="FAILED" message="Test Cases/Fps_Controller_API/Fps_Controller_Verify_Response_with_Empty_Values FAILED.
Reason:
com.kms.katalon.core.exception.StepFailedException: Expected element property value '' is not equal with actual property value 'FPS'
	at com.kms.katalon.core.keyword.internal.KeywordMain.stepFailed(KeywordMain.groovy:32)
	at com.kms.katalon.core.webservice.keyword.builtin.VerifyElementPropertyValueKeyword$_verifyElementPropertyValue_closure1.doCall(VerifyElementPropertyValueKeyword.groovy:56)
	at com.kms.katalon.core.webservice.keyword.builtin.VerifyElementPropertyValueKeyword$_verifyElementPropertyValue_closure1.call(VerifyElementPropertyValueKeyword.groovy)
	at com.kms.katalon.core.keyword.internal.KeywordMain.runKeyword(KeywordMain.groovy:54)
	at com.kms.katalon.core.webservice.keyword.builtin.VerifyElementPropertyValueKeyword.verifyElementPropertyValue(VerifyElementPropertyValueKeyword.groovy:48)
	at com.kms.katalon.core.webservice.keyword.builtin.VerifyElementPropertyValueKeyword.execute(VerifyElementPropertyValueKeyword.groovy:43)
	at com.kms.katalon.core.keyword.internal.KeywordExecutor.executeKeywordForPlatform(KeywordExecutor.groovy:53)
	at com.kms.katalon.core.webservice.keyword.WSBuiltInKeywords.verifyElementPropertyValue(WSBuiltInKeywords.groovy:123)
	at com.kms.katalon.core.webservice.keyword.WSBuiltInKeywords$verifyElementPropertyValue$1.call(Unknown Source)
	at Fps_Controller_Verify_Response_with_Empty_Values.run(Fps_Controller_Verify_Response_with_Empty_Values:20)
	at com.kms.katalon.core.main.ScriptEngine.run(ScriptEngine.java:194)
	at com.kms.katalon.core.main.ScriptEngine.runScriptAsRawText(ScriptEngine.java:119)
	at com.kms.katalon.core.main.TestCaseExecutor.runScript(TestCaseExecutor.java:328)
	at com.kms.katalon.core.main.TestCaseExecutor.doExecute(TestCaseExecutor.java:319)
	at com.kms.katalon.core.main.TestCaseExecutor.processExecutionPhase(TestCaseExecutor.java:298)
	at com.kms.katalon.core.main.TestCaseExecutor.accessMainPhase(TestCaseExecutor.java:290)
	at com.kms.katalon.core.main.TestCaseExecutor.execute(TestCaseExecutor.java:224)
	at com.kms.katalon.core.main.TestSuiteExecutor.accessTestCaseMainPhase(TestSuiteExecutor.java:129)
	at com.kms.katalon.core.main.TestSuiteExecutor.accessTestSuiteMainPhase(TestSuiteExecutor.java:112)
	at com.kms.katalon.core.main.TestSuiteExecutor.execute(TestSuiteExecutor.java:81)
	at com.kms.katalon.core.main.TestCaseMain.startTestSuite(TestCaseMain.java:149)
	at com.kms.katalon.core.main.TestCaseMain$startTestSuite$0.call(Unknown Source)
	at TempTestSuite1562129007364.run(TempTestSuite1562129007364.groovy:36)
"/>
         <system-out><![CDATA[2019-07-03 10:15:15 - [TEST_CASE][FAILED] - Test Cases/Fps_Controller_API/Fps_Controller_Verify_Response_with_Empty_Values: Test Cases/Fps_Controller_API/Fps_Controller_Verify_Response_with_Empty_Values FAILED.
Reason:
com.kms.katalon.core.exception.StepFailedException: Expected element property value '' is not equal with actual property value 'FPS'
	at com.kms.katalon.core.keyword.internal.KeywordMain.stepFailed(KeywordMain.groovy:32)
	at com.kms.katalon.core.webservice.keyword.builtin.VerifyElementPropertyValueKeyword$_verifyElementPropertyValue_closure1.doCall(VerifyElementPropertyValueKeyword.groovy:56)
	at com.kms.katalon.core.webservice.keyword.builtin.VerifyElementPropertyValueKeyword$_verifyElementPropertyValue_closure1.call(VerifyElementPropertyValueKeyword.groovy)
	at com.kms.katalon.core.keyword.internal.KeywordMain.runKeyword(KeywordMain.groovy:54)
	at com.kms.katalon.core.webservice.keyword.builtin.VerifyElementPropertyValueKeyword.verifyElementPropertyValue(VerifyElementPropertyValueKeyword.groovy:48)
	at com.kms.katalon.core.webservice.keyword.builtin.VerifyElementPropertyValueKeyword.execute(VerifyElementPropertyValueKeyword.groovy:43)
	at com.kms.katalon.core.keyword.internal.KeywordExecutor.executeKeywordForPlatform(KeywordExecutor.groovy:53)
	at com.kms.katalon.core.webservice.keyword.WSBuiltInKeywords.verifyElementPropertyValue(WSBuiltInKeywords.groovy:123)
	at com.kms.katalon.core.webservice.keyword.WSBuiltInKeywords$verifyElementPropertyValue$1.call(Unknown Source)
	at Fps_Controller_Verify_Response_with_Empty_Values.run(Fps_Controller_Verify_Response_with_Empty_Values:20)
	at com.kms.katalon.core.main.ScriptEngine.run(ScriptEngine.java:194)
	at com.kms.katalon.core.main.ScriptEngine.runScriptAsRawText(ScriptEngine.java:119)
	at com.kms.katalon.core.main.TestCaseExecutor.runScript(TestCaseExecutor.java:328)
	at com.kms.katalon.core.main.TestCaseExecutor.doExecute(TestCaseExecutor.java:319)
	at com.kms.katalon.core.main.TestCaseExecutor.processExecutionPhase(TestCaseExecutor.java:298)
	at com.kms.katalon.core.main.TestCaseExecutor.accessMainPhase(TestCaseExecutor.java:290)
	at com.kms.katalon.core.main.TestCaseExecutor.execute(TestCaseExecutor.java:224)
	at com.kms.katalon.core.main.TestSuiteExecutor.accessTestCaseMainPhase(TestSuiteExecutor.java:129)
	at com.kms.katalon.core.main.TestSuiteExecutor.accessTestSuiteMainPhase(TestSuiteExecutor.java:112)
	at com.kms.katalon.core.main.TestSuiteExecutor.execute(TestSuiteExecutor.java:81)
	at com.kms.katalon.core.main.TestCaseMain.startTestSuite(TestCaseMain.java:149)
	at com.kms.katalon.core.main.TestCaseMain$startTestSuite$0.call(Unknown Source)
	at TempTestSuite1562129007364.run(TempTestSuite1562129007364.groovy:36)


2019-07-03 10:15:16 - [TEST_STEP][PASSED] - response = sendRequest(findTestObject("Fps_Controller_API/Fps_Controller_Verify_Response_with_Empty_Values")): Send request successfully

2019-07-03 10:15:16 - [MESSAGE][INFO] - HAR: C:\Users\khaja.h\Katalon Studio\ADDI_Project\Reports\Fps_Controller_API\20190703_101322\requests\main\1.har

2019-07-03 10:15:16 - [MESSAGE][PASSED] - Send request successfully

2019-07-03 10:15:16 - [TEST_STEP][PASSED] - verifyResponseStatusCode(response, 200): Verify response status code successfully

2019-07-03 10:15:16 - [MESSAGE][PASSED] - Verify response status code successfully

2019-07-03 10:15:16 - [TEST_STEP][FAILED] - verifyElementPropertyValue(response, "[0].type", type): Expected element property value '' is not equal with actual property value 'FPS'

2019-07-03 10:15:16 - [MESSAGE][FAILED] - Expected element property value '' is not equal with actual property value 'FPS'

2019-07-03 10:15:16 - [TEST_STEP][FAILED] - verifyElementPropertyValue(response, "[0].owner", owner): Expected element property value '' is not equal with actual property value 'BOR'

2019-07-03 10:15:16 - [MESSAGE][FAILED] - Expected element property value '' is not equal with actual property value 'BOR'

2019-07-03 10:15:16 - [TEST_STEP][FAILED] - verifyElementPropertyValue(response, "[0].application", application): Expected element property value '' is not equal with actual property value 'BOR'

2019-07-03 10:15:16 - [MESSAGE][FAILED] - Expected element property value '' is not equal with actual property value 'BOR'

2019-07-03 10:15:16 - [TEST_STEP][FAILED] - verifyElementPropertyValue(response, "[0].function", function): Expected element property value '' is not equal with actual property value 'BLBI'

2019-07-03 10:15:16 - [MESSAGE][FAILED] - Expected element property value '' is not equal with actual property value 'BLBI'

2019-07-03 10:15:16 - [TEST_STEP][FAILED] - verifyElementPropertyValue(response, "[0].sequence", sequence): Expected element property value '' is not equal with actual property value '000'

2019-07-03 10:15:16 - [MESSAGE][FAILED] - Expected element property value '' is not equal with actual property value '000'

2019-07-03 10:15:16 - [TEST_STEP][FAILED] - verifyElementPropertyValue(response, "[0].screenId", screenId): Expected element property value '' is not equal with actual property value 'BLBI'

2019-07-03 10:15:16 - [MESSAGE][FAILED] - Expected element property value '' is not equal with actual property value 'BLBI'

2019-07-03 10:15:16 - [TEST_STEP][FAILED] - verifyElementPropertyValue(response, "[0].description", description): Expected element property value '' is not equal with actual property value 'BLBI -Liability/Bankruptcy INQ'

2019-07-03 10:15:16 - [MESSAGE][FAILED] - Expected element property value '' is not equal with actual property value 'BLBI -Liability/Bankruptcy INQ'

2019-07-03 10:15:16 - [TEST_STEP][FAILED] - verifyElementPropertyValue(response, "[0].statusCode", statusCode): Expected element property value '9878' is not equal with actual property value ''

2019-07-03 10:15:16 - [MESSAGE][FAILED] - Expected element property value '9878' is not equal with actual property value ''

2019-07-03 10:15:16 - [TEST_STEP][FAILED] - verifyElementPropertyValue(response, "[0].xyz", xyz): Expected element property value 'ASDE' is not equal with actual property value ''

2019-07-03 10:15:16 - [MESSAGE][FAILED] - Expected element property value 'ASDE' is not equal with actual property value ''

2019-07-03 10:15:16 - [TEST_STEP][FAILED] - verifyElementPropertyValue(response, "[0].initActivity", initActivity): Expected element property value '' is not equal with actual property value '0000000000'

2019-07-03 10:15:16 - [MESSAGE][FAILED] - Expected element property value '' is not equal with actual property value '0000000000'

2019-07-03 10:15:16 - [TEST_STEP][FAILED] - verifyElementPropertyValue(response, "[0].initType", initType): Expected element property value 'ASDE' is not equal with actual property value ''

2019-07-03 10:15:16 - [MESSAGE][FAILED] - Expected element property value 'ASDE' is not equal with actual property value ''

2019-07-03 10:15:16 - [TEST_STEP][FAILED] - verifyElementPropertyValue(response, "[0].displayFirst", displayFirst): Expected element property value '' is not equal with actual property value 'N'

2019-07-03 10:15:16 - [MESSAGE][FAILED] - Expected element property value '' is not equal with actual property value 'N'

2019-07-03 10:15:16 - [TEST_STEP][FAILED] - verifyElementPropertyValue(response, "[0].displayActivity", displayActivity): Expected element property value '' is not equal with actual property value '0000027627'

2019-07-03 10:15:17 - [MESSAGE][FAILED] - Expected element property value '' is not equal with actual property value '0000027627'

2019-07-03 10:15:17 - [TEST_STEP][FAILED] - verifyElementPropertyValue(response, "[0].dblockActivity", dblockActivity): Expected element property value '' is not equal with actual property value '0000027427'

2019-07-03 10:15:17 - [MESSAGE][FAILED] - Expected element property value '' is not equal with actual property value '0000027427'

2019-07-03 10:15:17 - [TEST_STEP][FAILED] - verifyElementPropertyValue(response, "[0].linkactivity", linkactivity): Expected element property value '' is not equal with actual property value '0000027227'

2019-07-03 10:15:17 - [MESSAGE][FAILED] - Expected element property value '' is not equal with actual property value '0000027227'

2019-07-03 10:15:17 - [TEST_STEP][FAILED] - verifyElementPropertyValue(response, "[0].userEnrollment", userEnrollment): Expected element property value '' is not equal with actual property value '00000'

2019-07-03 10:15:17 - [MESSAGE][FAILED] - Expected element property value '' is not equal with actual property value '00000'

2019-07-03 10:15:17 - [TEST_STEP][FAILED] - verifyElementPropertyValue(response, "[0].establishedNewLevel", establishedNewLevel): Expected element property value 'NBHGV' is not equal with actual property value ''

2019-07-03 10:15:17 - [MESSAGE][FAILED] - Expected element property value 'NBHGV' is not equal with actual property value ''

2019-07-03 10:15:17 - [TEST_STEP][FAILED] - verifyElementPropertyValue(response, "[0].fpskeyApplication", fpskeyApplication): Expected element property value 'LKOIJ' is not equal with actual property value ''

2019-07-03 10:15:17 - [MESSAGE][FAILED] - Expected element property value 'LKOIJ' is not equal with actual property value ''

2019-07-03 10:15:17 - [TEST_STEP][FAILED] - verifyElementPropertyValue(response, "[0].fpskeyFunction", fpskeyFunction): Expected element property value 'NHJBG' is not equal with actual property value ''

2019-07-03 10:15:17 - [MESSAGE][FAILED] - Expected element property value 'NHJBG' is not equal with actual property value ''

2019-07-03 10:15:17 - [TEST_STEP][FAILED] - verifyElementPropertyValue(response, "[0].fpskeySequence", fpskeySequence): Expected element property value 'BHGYT' is not equal with actual property value ''

2019-07-03 10:15:17 - [MESSAGE][FAILED] - Expected element property value 'BHGYT' is not equal with actual property value ''

2019-07-03 10:15:17 - [TEST_STEP][FAILED] - verifyElementPropertyValue(response, "[0].pqr", pqr): Expected element property value 'ghy' is not equal with actual property value ''

2019-07-03 10:15:17 - [MESSAGE][FAILED] - Expected element property value 'ghy' is not equal with actual property value ''

2019-07-03 10:15:17 - [TEST_STEP][FAILED] - verifyElementPropertyValue(response, "[0].efskey", efskey): Expected element property value 'yhu' is not equal with actual property value ''

2019-07-03 10:15:17 - [MESSAGE][FAILED] - Expected element property value 'yhu' is not equal with actual property value ''

2019-07-03 10:15:17 - [TEST_STEP][FAILED] - verifyElementPropertyValue(response, "[0].efsaction", efsaction): Expected element property value 'bvg' is not equal with actual property value ''

2019-07-03 10:15:17 - [MESSAGE][FAILED] - Expected element property value 'bvg' is not equal with actual property value ''

2019-07-03 10:15:17 - [TEST_STEP][FAILED] - verifyElementPropertyValue(response, "[0].functionSecurityLevel", functionSecurityLevel): verifyElementPropertyValue(response, "[0].functionSecurityLevel", functionSecurityLevel) FAILED.
Reason:
com.kms.katalon.core.exception.StepFailedException: Expected element property value '' is not equal with actual property value 'FPS'
	at com.kms.katalon.core.keyword.internal.KeywordMain.stepFailed(KeywordMain.groovy:32)
	at com.kms.katalon.core.webservice.keyword.builtin.VerifyElementPropertyValueKeyword$_verifyElementPropertyValue_closure1.doCall(VerifyElementPropertyValueKeyword.groovy:56)
	at com.kms.katalon.core.webservice.keyword.builtin.VerifyElementPropertyValueKeyword$_verifyElementPropertyValue_closure1.call(VerifyElementPropertyValueKeyword.groovy)
	at com.kms.katalon.core.keyword.internal.KeywordMain.runKeyword(KeywordMain.groovy:54)
	at com.kms.katalon.core.webservice.keyword.builtin.VerifyElementPropertyValueKeyword.verifyElementPropertyValue(VerifyElementPropertyValueKeyword.groovy:48)
	at com.kms.katalon.core.webservice.keyword.builtin.VerifyElementPropertyValueKeyword.execute(VerifyElementPropertyValueKeyword.groovy:43)
	at com.kms.katalon.core.keyword.internal.KeywordExecutor.executeKeywordForPlatform(KeywordExecutor.groovy:53)
	at com.kms.katalon.core.webservice.keyword.WSBuiltInKeywords.verifyElementPropertyValue(WSBuiltInKeywords.groovy:123)
	at com.kms.katalon.core.webservice.keyword.WSBuiltInKeywords$verifyElementPropertyValue$1.call(Unknown Source)
	at Fps_Controller_Verify_Response_with_Empty_Values.run(Fps_Controller_Verify_Response_with_Empty_Values:20)
	at com.kms.katalon.core.main.ScriptEngine.run(ScriptEngine.java:194)
	at com.kms.katalon.core.main.ScriptEngine.runScriptAsRawText(ScriptEngine.java:119)
	at com.kms.katalon.core.main.TestCaseExecutor.runScript(TestCaseExecutor.java:328)
	at com.kms.katalon.core.main.TestCaseExecutor.doExecute(TestCaseExecutor.java:319)
	at com.kms.katalon.core.main.TestCaseExecutor.processExecutionPhase(TestCaseExecutor.java:298)
	at com.kms.katalon.core.main.TestCaseExecutor.accessMainPhase(TestCaseExecutor.java:290)
	at com.kms.katalon.core.main.TestCaseExecutor.execute(TestCaseExecutor.java:224)
	at com.kms.katalon.core.main.TestSuiteExecutor.accessTestCaseMainPhase(TestSuiteExecutor.java:129)
	at com.kms.katalon.core.main.TestSuiteExecutor.accessTestSuiteMainPhase(TestSuiteExecutor.java:112)
	at com.kms.katalon.core.main.TestSuiteExecutor.execute(TestSuiteExecutor.java:81)
	at com.kms.katalon.core.main.TestCaseMain.startTestSuite(TestCaseMain.java:149)
	at com.kms.katalon.core.main.TestCaseMain$startTestSuite$0.call(Unknown Source)
	at TempTestSuite1562129007364.run(TempTestSuite1562129007364.groovy:36)


2019-07-03 10:15:17 - [MESSAGE][FAILED] - Expected element property value '' is not equal with actual property value '0'

2019-07-03 10:15:17 - [MESSAGE][FAILED] - verifyElementPropertyValue(response, "[0].functionSecurityLevel", functionSecurityLevel) FAILED.
Reason:
com.kms.katalon.core.exception.StepFailedException: Expected element property value '' is not equal with actual property value 'FPS'
	at com.kms.katalon.core.keyword.internal.KeywordMain.stepFailed(KeywordMain.groovy:32)
	at com.kms.katalon.core.webservice.keyword.builtin.VerifyElementPropertyValueKeyword$_verifyElementPropertyValue_closure1.doCall(VerifyElementPropertyValueKeyword.groovy:56)
	at com.kms.katalon.core.webservice.keyword.builtin.VerifyElementPropertyValueKeyword$_verifyElementPropertyValue_closure1.call(VerifyElementPropertyValueKeyword.groovy)
	at com.kms.katalon.core.keyword.internal.KeywordMain.runKeyword(KeywordMain.groovy:54)
	at com.kms.katalon.core.webservice.keyword.builtin.VerifyElementPropertyValueKeyword.verifyElementPropertyValue(VerifyElementPropertyValueKeyword.groovy:48)
	at com.kms.katalon.core.webservice.keyword.builtin.VerifyElementPropertyValueKeyword.execute(VerifyElementPropertyValueKeyword.groovy:43)
	at com.kms.katalon.core.keyword.internal.KeywordExecutor.executeKeywordForPlatform(KeywordExecutor.groovy:53)
	at com.kms.katalon.core.webservice.keyword.WSBuiltInKeywords.verifyElementPropertyValue(WSBuiltInKeywords.groovy:123)
	at com.kms.katalon.core.webservice.keyword.WSBuiltInKeywords$verifyElementPropertyValue$1.call(Unknown Source)
	at Fps_Controller_Verify_Response_with_Empty_Values.run(Fps_Controller_Verify_Response_with_Empty_Values:20)
	at com.kms.katalon.core.main.ScriptEngine.run(ScriptEngine.java:194)
	at com.kms.katalon.core.main.ScriptEngine.runScriptAsRawText(ScriptEngine.java:119)
	at com.kms.katalon.core.main.TestCaseExecutor.runScript(TestCaseExecutor.java:328)
	at com.kms.katalon.core.main.TestCaseExecutor.doExecute(TestCaseExecutor.java:319)
	at com.kms.katalon.core.main.TestCaseExecutor.processExecutionPhase(TestCaseExecutor.java:298)
	at com.kms.katalon.core.main.TestCaseExecutor.accessMainPhase(TestCaseExecutor.java:290)
	at com.kms.katalon.core.main.TestCaseExecutor.execute(TestCaseExecutor.java:224)
	at com.kms.katalon.core.main.TestSuiteExecutor.accessTestCaseMainPhase(TestSuiteExecutor.java:129)
	at com.kms.katalon.core.main.TestSuiteExecutor.accessTestSuiteMainPhase(TestSuiteExecutor.java:112)
	at com.kms.katalon.core.main.TestSuiteExecutor.execute(TestSuiteExecutor.java:81)
	at com.kms.katalon.core.main.TestCaseMain.startTestSuite(TestCaseMain.java:149)
	at com.kms.katalon.core.main.TestCaseMain$startTestSuite$0.call(Unknown Source)
	at TempTestSuite1562129007364.run(TempTestSuite1562129007364.groovy:36)]]></system-out>
         <system-err><![CDATA[2019-07-03 10:15:15 - [TEST_CASE][FAILED] - Test Cases/Fps_Controller_API/Fps_Controller_Verify_Response_with_Empty_Values: Test Cases/Fps_Controller_API/Fps_Controller_Verify_Response_with_Empty_Values FAILED.
Reason:
com.kms.katalon.core.exception.StepFailedException: Expected element property value '' is not equal with actual property value 'FPS'
	at com.kms.katalon.core.keyword.internal.KeywordMain.stepFailed(KeywordMain.groovy:32)
	at com.kms.katalon.core.webservice.keyword.builtin.VerifyElementPropertyValueKeyword$_verifyElementPropertyValue_closure1.doCall(VerifyElementPropertyValueKeyword.groovy:56)
	at com.kms.katalon.core.webservice.keyword.builtin.VerifyElementPropertyValueKeyword$_verifyElementPropertyValue_closure1.call(VerifyElementPropertyValueKeyword.groovy)
	at com.kms.katalon.core.keyword.internal.KeywordMain.runKeyword(KeywordMain.groovy:54)
	at com.kms.katalon.core.webservice.keyword.builtin.VerifyElementPropertyValueKeyword.verifyElementPropertyValue(VerifyElementPropertyValueKeyword.groovy:48)
	at com.kms.katalon.core.webservice.keyword.builtin.VerifyElementPropertyValueKeyword.execute(VerifyElementPropertyValueKeyword.groovy:43)
	at com.kms.katalon.core.keyword.internal.KeywordExecutor.executeKeywordForPlatform(KeywordExecutor.groovy:53)
	at com.kms.katalon.core.webservice.keyword.WSBuiltInKeywords.verifyElementPropertyValue(WSBuiltInKeywords.groovy:123)
	at com.kms.katalon.core.webservice.keyword.WSBuiltInKeywords$verifyElementPropertyValue$1.call(Unknown Source)
	at Fps_Controller_Verify_Response_with_Empty_Values.run(Fps_Controller_Verify_Response_with_Empty_Values:20)
	at com.kms.katalon.core.main.ScriptEngine.run(ScriptEngine.java:194)
	at com.kms.katalon.core.main.ScriptEngine.runScriptAsRawText(ScriptEngine.java:119)
	at com.kms.katalon.core.main.TestCaseExecutor.runScript(TestCaseExecutor.java:328)
	at com.kms.katalon.core.main.TestCaseExecutor.doExecute(TestCaseExecutor.java:319)
	at com.kms.katalon.core.main.TestCaseExecutor.processExecutionPhase(TestCaseExecutor.java:298)
	at com.kms.katalon.core.main.TestCaseExecutor.accessMainPhase(TestCaseExecutor.java:290)
	at com.kms.katalon.core.main.TestCaseExecutor.execute(TestCaseExecutor.java:224)
	at com.kms.katalon.core.main.TestSuiteExecutor.accessTestCaseMainPhase(TestSuiteExecutor.java:129)
	at com.kms.katalon.core.main.TestSuiteExecutor.accessTestSuiteMainPhase(TestSuiteExecutor.java:112)
	at com.kms.katalon.core.main.TestSuiteExecutor.execute(TestSuiteExecutor.java:81)
	at com.kms.katalon.core.main.TestCaseMain.startTestSuite(TestCaseMain.java:149)
	at com.kms.katalon.core.main.TestCaseMain$startTestSuite$0.call(Unknown Source)
	at TempTestSuite1562129007364.run(TempTestSuite1562129007364.groovy:36)]]></system-err>
      </testcase>
      <testcase name="Test Cases/Fps_Controller_API/Fps_Controller_Verify_Response__with_Invalid_Values" classname="Test Cases/Fps_Controller_API/Fps_Controller_Verify_Response__with_Invalid_Values" status="FAILED">
         <failure type="FAILED" message="Test Cases/Fps_Controller_API/Fps_Controller_Verify_Response__with_Invalid_Values FAILED.
Reason:
com.kms.katalon.core.exception.StepFailedException: Expected element property value 'HNBG' is not equal with actual property value 'FPS'
	at com.kms.katalon.core.keyword.internal.KeywordMain.stepFailed(KeywordMain.groovy:32)
	at com.kms.katalon.core.webservice.keyword.builtin.VerifyElementPropertyValueKeyword$_verifyElementPropertyValue_closure1.doCall(VerifyElementPropertyValueKeyword.groovy:56)
	at com.kms.katalon.core.webservice.keyword.builtin.VerifyElementPropertyValueKeyword$_verifyElementPropertyValue_closure1.call(VerifyElementPropertyValueKeyword.groovy)
	at com.kms.katalon.core.keyword.internal.KeywordMain.runKeyword(KeywordMain.groovy:54)
	at com.kms.katalon.core.webservice.keyword.builtin.VerifyElementPropertyValueKeyword.verifyElementPropertyValue(VerifyElementPropertyValueKeyword.groovy:48)
	at com.kms.katalon.core.webservice.keyword.builtin.VerifyElementPropertyValueKeyword.execute(VerifyElementPropertyValueKeyword.groovy:43)
	at com.kms.katalon.core.keyword.internal.KeywordExecutor.executeKeywordForPlatform(KeywordExecutor.groovy:53)
	at com.kms.katalon.core.webservice.keyword.WSBuiltInKeywords.verifyElementPropertyValue(WSBuiltInKeywords.groovy:123)
	at com.kms.katalon.core.webservice.keyword.WSBuiltInKeywords$verifyElementPropertyValue$1.call(Unknown Source)
	at Fps_Controller_Verify_Response__with_Invalid_Values.run(Fps_Controller_Verify_Response__with_Invalid_Values:20)
	at com.kms.katalon.core.main.ScriptEngine.run(ScriptEngine.java:194)
	at com.kms.katalon.core.main.ScriptEngine.runScriptAsRawText(ScriptEngine.java:119)
	at com.kms.katalon.core.main.TestCaseExecutor.runScript(TestCaseExecutor.java:328)
	at com.kms.katalon.core.main.TestCaseExecutor.doExecute(TestCaseExecutor.java:319)
	at com.kms.katalon.core.main.TestCaseExecutor.processExecutionPhase(TestCaseExecutor.java:298)
	at com.kms.katalon.core.main.TestCaseExecutor.accessMainPhase(TestCaseExecutor.java:290)
	at com.kms.katalon.core.main.TestCaseExecutor.execute(TestCaseExecutor.java:224)
	at com.kms.katalon.core.main.TestSuiteExecutor.accessTestCaseMainPhase(TestSuiteExecutor.java:129)
	at com.kms.katalon.core.main.TestSuiteExecutor.accessTestSuiteMainPhase(TestSuiteExecutor.java:112)
	at com.kms.katalon.core.main.TestSuiteExecutor.execute(TestSuiteExecutor.java:81)
	at com.kms.katalon.core.main.TestCaseMain.startTestSuite(TestCaseMain.java:149)
	at com.kms.katalon.core.main.TestCaseMain$startTestSuite$0.call(Unknown Source)
	at TempTestSuite1562129007364.run(TempTestSuite1562129007364.groovy:36)
"/>
         <system-out><![CDATA[2019-07-03 10:15:17 - [TEST_CASE][FAILED] - Test Cases/Fps_Controller_API/Fps_Controller_Verify_Response__with_Invalid_Values: Test Cases/Fps_Controller_API/Fps_Controller_Verify_Response__with_Invalid_Values FAILED.
Reason:
com.kms.katalon.core.exception.StepFailedException: Expected element property value 'HNBG' is not equal with actual property value 'FPS'
	at com.kms.katalon.core.keyword.internal.KeywordMain.stepFailed(KeywordMain.groovy:32)
	at com.kms.katalon.core.webservice.keyword.builtin.VerifyElementPropertyValueKeyword$_verifyElementPropertyValue_closure1.doCall(VerifyElementPropertyValueKeyword.groovy:56)
	at com.kms.katalon.core.webservice.keyword.builtin.VerifyElementPropertyValueKeyword$_verifyElementPropertyValue_closure1.call(VerifyElementPropertyValueKeyword.groovy)
	at com.kms.katalon.core.keyword.internal.KeywordMain.runKeyword(KeywordMain.groovy:54)
	at com.kms.katalon.core.webservice.keyword.builtin.VerifyElementPropertyValueKeyword.verifyElementPropertyValue(VerifyElementPropertyValueKeyword.groovy:48)
	at com.kms.katalon.core.webservice.keyword.builtin.VerifyElementPropertyValueKeyword.execute(VerifyElementPropertyValueKeyword.groovy:43)
	at com.kms.katalon.core.keyword.internal.KeywordExecutor.executeKeywordForPlatform(KeywordExecutor.groovy:53)
	at com.kms.katalon.core.webservice.keyword.WSBuiltInKeywords.verifyElementPropertyValue(WSBuiltInKeywords.groovy:123)
	at com.kms.katalon.core.webservice.keyword.WSBuiltInKeywords$verifyElementPropertyValue$1.call(Unknown Source)
	at Fps_Controller_Verify_Response__with_Invalid_Values.run(Fps_Controller_Verify_Response__with_Invalid_Values:20)
	at com.kms.katalon.core.main.ScriptEngine.run(ScriptEngine.java:194)
	at com.kms.katalon.core.main.ScriptEngine.runScriptAsRawText(ScriptEngine.java:119)
	at com.kms.katalon.core.main.TestCaseExecutor.runScript(TestCaseExecutor.java:328)
	at com.kms.katalon.core.main.TestCaseExecutor.doExecute(TestCaseExecutor.java:319)
	at com.kms.katalon.core.main.TestCaseExecutor.processExecutionPhase(TestCaseExecutor.java:298)
	at com.kms.katalon.core.main.TestCaseExecutor.accessMainPhase(TestCaseExecutor.java:290)
	at com.kms.katalon.core.main.TestCaseExecutor.execute(TestCaseExecutor.java:224)
	at com.kms.katalon.core.main.TestSuiteExecutor.accessTestCaseMainPhase(TestSuiteExecutor.java:129)
	at com.kms.katalon.core.main.TestSuiteExecutor.accessTestSuiteMainPhase(TestSuiteExecutor.java:112)
	at com.kms.katalon.core.main.TestSuiteExecutor.execute(TestSuiteExecutor.java:81)
	at com.kms.katalon.core.main.TestCaseMain.startTestSuite(TestCaseMain.java:149)
	at com.kms.katalon.core.main.TestCaseMain$startTestSuite$0.call(Unknown Source)
	at TempTestSuite1562129007364.run(TempTestSuite1562129007364.groovy:36)


2019-07-03 10:15:17 - [TEST_STEP][PASSED] - response = sendRequest(findTestObject("Fps_Controller_API/Fps_Controller_Verify_Response__with_Invalid_Values")): Send request successfully

2019-07-03 10:15:18 - [MESSAGE][INFO] - HAR: C:\Users\khaja.h\Katalon Studio\ADDI_Project\Reports\Fps_Controller_API\20190703_101322\requests\main\2.har

2019-07-03 10:15:18 - [MESSAGE][PASSED] - Send request successfully

2019-07-03 10:15:18 - [TEST_STEP][PASSED] - verifyResponseStatusCode(response, 200): Verify response status code successfully

2019-07-03 10:15:18 - [MESSAGE][PASSED] - Verify response status code successfully

2019-07-03 10:15:18 - [TEST_STEP][FAILED] - verifyElementPropertyValue(response, "[0].type", type): Expected element property value 'HNBG' is not equal with actual property value 'FPS'

2019-07-03 10:15:18 - [MESSAGE][FAILED] - Expected element property value 'HNBG' is not equal with actual property value 'FPS'

2019-07-03 10:15:18 - [TEST_STEP][FAILED] - verifyElementPropertyValue(response, "[0].owner", owner): Expected element property value 'BVHG' is not equal with actual property value 'BOR'

2019-07-03 10:15:18 - [MESSAGE][FAILED] - Expected element property value 'BVHG' is not equal with actual property value 'BOR'

2019-07-03 10:15:18 - [TEST_STEP][FAILED] - verifyElementPropertyValue(response, "[0].application", application): Expected element property value 'MKJI' is not equal with actual property value 'BOR'

2019-07-03 10:15:18 - [MESSAGE][FAILED] - Expected element property value 'MKJI' is not equal with actual property value 'BOR'

2019-07-03 10:15:18 - [TEST_STEP][FAILED] - verifyElementPropertyValue(response, "[0].function", function): Expected element property value 'PLOK' is not equal with actual property value 'BLBI'

2019-07-03 10:15:18 - [MESSAGE][FAILED] - Expected element property value 'PLOK' is not equal with actual property value 'BLBI'

2019-07-03 10:15:18 - [TEST_STEP][FAILED] - verifyElementPropertyValue(response, "[0].sequence", sequence): Expected element property value '9878' is not equal with actual property value '000'

2019-07-03 10:15:18 - [MESSAGE][FAILED] - Expected element property value '9878' is not equal with actual property value '000'

2019-07-03 10:15:18 - [TEST_STEP][FAILED] - verifyElementPropertyValue(response, "[0].screenId", screenId): Expected element property value 'MKJN' is not equal with actual property value 'BLBI'

2019-07-03 10:15:18 - [MESSAGE][FAILED] - Expected element property value 'MKJN' is not equal with actual property value 'BLBI'

2019-07-03 10:15:18 - [TEST_STEP][FAILED] - verifyElementPropertyValue(response, "[0].description", description): Expected element property value 'HBGVC DCGFV BHGY' is not equal with actual property value 'BLBI -Liability/Bankruptcy INQ'

2019-07-03 10:15:18 - [MESSAGE][FAILED] - Expected element property value 'HBGVC DCGFV BHGY' is not equal with actual property value 'BLBI -Liability/Bankruptcy INQ'

2019-07-03 10:15:18 - [TEST_STEP][FAILED] - verifyElementPropertyValue(response, "[0].statusCode", statusCode): Expected element property value '98709' is not equal with actual property value ''

2019-07-03 10:15:18 - [MESSAGE][FAILED] - Expected element property value '98709' is not equal with actual property value ''

2019-07-03 10:15:18 - [TEST_STEP][FAILED] - verifyElementPropertyValue(response, "[0].xyz", xyz): Expected element property value 'HBGV' is not equal with actual property value ''

2019-07-03 10:15:18 - [MESSAGE][FAILED] - Expected element property value 'HBGV' is not equal with actual property value ''

2019-07-03 10:15:18 - [TEST_STEP][FAILED] - verifyElementPropertyValue(response, "[0].initActivity", initActivity): Expected element property value '987876' is not equal with actual property value '0000000000'

2019-07-03 10:15:18 - [MESSAGE][FAILED] - Expected element property value '987876' is not equal with actual property value '0000000000'

2019-07-03 10:15:18 - [TEST_STEP][FAILED] - verifyElementPropertyValue(response, "[0].initType", initType): Expected element property value 'JNHJU' is not equal with actual property value ''

2019-07-03 10:15:18 - [MESSAGE][FAILED] - Expected element property value 'JNHJU' is not equal with actual property value ''

2019-07-03 10:15:18 - [TEST_STEP][FAILED] - verifyElementPropertyValue(response, "[0].displayFirst", displayFirst): Expected element property value 'IKU' is not equal with actual property value 'N'

2019-07-03 10:15:18 - [MESSAGE][FAILED] - Expected element property value 'IKU' is not equal with actual property value 'N'

2019-07-03 10:15:18 - [TEST_STEP][FAILED] - verifyElementPropertyValue(response, "[0].displayActivity", displayActivity): Expected element property value '9878765' is not equal with actual property value '0000027627'

2019-07-03 10:15:19 - [MESSAGE][FAILED] - Expected element property value '9878765' is not equal with actual property value '0000027627'

2019-07-03 10:15:19 - [TEST_STEP][FAILED] - verifyElementPropertyValue(response, "[0].dblockActivity", dblockActivity): Expected element property value '9876' is not equal with actual property value '0000027427'

2019-07-03 10:15:19 - [MESSAGE][FAILED] - Expected element property value '9876' is not equal with actual property value '0000027427'

2019-07-03 10:15:19 - [TEST_STEP][FAILED] - verifyElementPropertyValue(response, "[0].linkactivity", linkactivity): Expected element property value '89876' is not equal with actual property value '0000027227'

2019-07-03 10:15:19 - [MESSAGE][FAILED] - Expected element property value '89876' is not equal with actual property value '0000027227'

2019-07-03 10:15:19 - [TEST_STEP][FAILED] - verifyElementPropertyValue(response, "[0].userEnrollment", userEnrollment): Expected element property value '23454' is not equal with actual property value '00000'

2019-07-03 10:15:19 - [MESSAGE][FAILED] - Expected element property value '23454' is not equal with actual property value '00000'

2019-07-03 10:15:19 - [TEST_STEP][FAILED] - verifyElementPropertyValue(response, "[0].establishedNewLevel", establishedNewLevel): Expected element property value 'JKMJN' is not equal with actual property value ''

2019-07-03 10:15:19 - [MESSAGE][FAILED] - Expected element property value 'JKMJN' is not equal with actual property value ''

2019-07-03 10:15:19 - [TEST_STEP][FAILED] - verifyElementPropertyValue(response, "[0].fpskeyApplication", fpskeyApplication): Expected element property value 'NJBH' is not equal with actual property value ''

2019-07-03 10:15:19 - [MESSAGE][FAILED] - Expected element property value 'NJBH' is not equal with actual property value ''

2019-07-03 10:15:19 - [TEST_STEP][FAILED] - verifyElementPropertyValue(response, "[0].fpskeyFunction", fpskeyFunction): Expected element property value 'SXDC' is not equal with actual property value ''

2019-07-03 10:15:19 - [MESSAGE][FAILED] - Expected element property value 'SXDC' is not equal with actual property value ''

2019-07-03 10:15:19 - [TEST_STEP][FAILED] - verifyElementPropertyValue(response, "[0].fpskeySequence", fpskeySequence): Expected element property value 'DFC' is not equal with actual property value ''

2019-07-03 10:15:19 - [MESSAGE][FAILED] - Expected element property value 'DFC' is not equal with actual property value ''

2019-07-03 10:15:19 - [TEST_STEP][FAILED] - verifyElementPropertyValue(response, "[0].pqr", pqr): Expected element property value 'ED' is not equal with actual property value ''

2019-07-03 10:15:19 - [MESSAGE][FAILED] - Expected element property value 'ED' is not equal with actual property value ''

2019-07-03 10:15:19 - [TEST_STEP][FAILED] - verifyElementPropertyValue(response, "[0].efskey", efskey): Expected element property value 'SDXCF' is not equal with actual property value ''

2019-07-03 10:15:19 - [MESSAGE][FAILED] - Expected element property value 'SDXCF' is not equal with actual property value ''

2019-07-03 10:15:19 - [TEST_STEP][FAILED] - verifyElementPropertyValue(response, "[0].efsaction", efsaction): Expected element property value '345' is not equal with actual property value ''

2019-07-03 10:15:19 - [MESSAGE][FAILED] - Expected element property value '345' is not equal with actual property value ''

2019-07-03 10:15:19 - [TEST_STEP][FAILED] - verifyElementPropertyValue(response, "[0].functionSecurityLevel", functionSecurityLevel): verifyElementPropertyValue(response, "[0].functionSecurityLevel", functionSecurityLevel) FAILED.
Reason:
com.kms.katalon.core.exception.StepFailedException: Expected element property value 'HNBG' is not equal with actual property value 'FPS'
	at com.kms.katalon.core.keyword.internal.KeywordMain.stepFailed(KeywordMain.groovy:32)
	at com.kms.katalon.core.webservice.keyword.builtin.VerifyElementPropertyValueKeyword$_verifyElementPropertyValue_closure1.doCall(VerifyElementPropertyValueKeyword.groovy:56)
	at com.kms.katalon.core.webservice.keyword.builtin.VerifyElementPropertyValueKeyword$_verifyElementPropertyValue_closure1.call(VerifyElementPropertyValueKeyword.groovy)
	at com.kms.katalon.core.keyword.internal.KeywordMain.runKeyword(KeywordMain.groovy:54)
	at com.kms.katalon.core.webservice.keyword.builtin.VerifyElementPropertyValueKeyword.verifyElementPropertyValue(VerifyElementPropertyValueKeyword.groovy:48)
	at com.kms.katalon.core.webservice.keyword.builtin.VerifyElementPropertyValueKeyword.execute(VerifyElementPropertyValueKeyword.groovy:43)
	at com.kms.katalon.core.keyword.internal.KeywordExecutor.executeKeywordForPlatform(KeywordExecutor.groovy:53)
	at com.kms.katalon.core.webservice.keyword.WSBuiltInKeywords.verifyElementPropertyValue(WSBuiltInKeywords.groovy:123)
	at com.kms.katalon.core.webservice.keyword.WSBuiltInKeywords$verifyElementPropertyValue$1.call(Unknown Source)
	at Fps_Controller_Verify_Response__with_Invalid_Values.run(Fps_Controller_Verify_Response__with_Invalid_Values:20)
	at com.kms.katalon.core.main.ScriptEngine.run(ScriptEngine.java:194)
	at com.kms.katalon.core.main.ScriptEngine.runScriptAsRawText(ScriptEngine.java:119)
	at com.kms.katalon.core.main.TestCaseExecutor.runScript(TestCaseExecutor.java:328)
	at com.kms.katalon.core.main.TestCaseExecutor.doExecute(TestCaseExecutor.java:319)
	at com.kms.katalon.core.main.TestCaseExecutor.processExecutionPhase(TestCaseExecutor.java:298)
	at com.kms.katalon.core.main.TestCaseExecutor.accessMainPhase(TestCaseExecutor.java:290)
	at com.kms.katalon.core.main.TestCaseExecutor.execute(TestCaseExecutor.java:224)
	at com.kms.katalon.core.main.TestSuiteExecutor.accessTestCaseMainPhase(TestSuiteExecutor.java:129)
	at com.kms.katalon.core.main.TestSuiteExecutor.accessTestSuiteMainPhase(TestSuiteExecutor.java:112)
	at com.kms.katalon.core.main.TestSuiteExecutor.execute(TestSuiteExecutor.java:81)
	at com.kms.katalon.core.main.TestCaseMain.startTestSuite(TestCaseMain.java:149)
	at com.kms.katalon.core.main.TestCaseMain$startTestSuite$0.call(Unknown Source)
	at TempTestSuite1562129007364.run(TempTestSuite1562129007364.groovy:36)


2019-07-03 10:15:19 - [MESSAGE][FAILED] - Expected element property value '3456' is not equal with actual property value '0'

2019-07-03 10:15:19 - [MESSAGE][FAILED] - verifyElementPropertyValue(response, "[0].functionSecurityLevel", functionSecurityLevel) FAILED.
Reason:
com.kms.katalon.core.exception.StepFailedException: Expected element property value 'HNBG' is not equal with actual property value 'FPS'
	at com.kms.katalon.core.keyword.internal.KeywordMain.stepFailed(KeywordMain.groovy:32)
	at com.kms.katalon.core.webservice.keyword.builtin.VerifyElementPropertyValueKeyword$_verifyElementPropertyValue_closure1.doCall(VerifyElementPropertyValueKeyword.groovy:56)
	at com.kms.katalon.core.webservice.keyword.builtin.VerifyElementPropertyValueKeyword$_verifyElementPropertyValue_closure1.call(VerifyElementPropertyValueKeyword.groovy)
	at com.kms.katalon.core.keyword.internal.KeywordMain.runKeyword(KeywordMain.groovy:54)
	at com.kms.katalon.core.webservice.keyword.builtin.VerifyElementPropertyValueKeyword.verifyElementPropertyValue(VerifyElementPropertyValueKeyword.groovy:48)
	at com.kms.katalon.core.webservice.keyword.builtin.VerifyElementPropertyValueKeyword.execute(VerifyElementPropertyValueKeyword.groovy:43)
	at com.kms.katalon.core.keyword.internal.KeywordExecutor.executeKeywordForPlatform(KeywordExecutor.groovy:53)
	at com.kms.katalon.core.webservice.keyword.WSBuiltInKeywords.verifyElementPropertyValue(WSBuiltInKeywords.groovy:123)
	at com.kms.katalon.core.webservice.keyword.WSBuiltInKeywords$verifyElementPropertyValue$1.call(Unknown Source)
	at Fps_Controller_Verify_Response__with_Invalid_Values.run(Fps_Controller_Verify_Response__with_Invalid_Values:20)
	at com.kms.katalon.core.main.ScriptEngine.run(ScriptEngine.java:194)
	at com.kms.katalon.core.main.ScriptEngine.runScriptAsRawText(ScriptEngine.java:119)
	at com.kms.katalon.core.main.TestCaseExecutor.runScript(TestCaseExecutor.java:328)
	at com.kms.katalon.core.main.TestCaseExecutor.doExecute(TestCaseExecutor.java:319)
	at com.kms.katalon.core.main.TestCaseExecutor.processExecutionPhase(TestCaseExecutor.java:298)
	at com.kms.katalon.core.main.TestCaseExecutor.accessMainPhase(TestCaseExecutor.java:290)
	at com.kms.katalon.core.main.TestCaseExecutor.execute(TestCaseExecutor.java:224)
	at com.kms.katalon.core.main.TestSuiteExecutor.accessTestCaseMainPhase(TestSuiteExecutor.java:129)
	at com.kms.katalon.core.main.TestSuiteExecutor.accessTestSuiteMainPhase(TestSuiteExecutor.java:112)
	at com.kms.katalon.core.main.TestSuiteExecutor.execute(TestSuiteExecutor.java:81)
	at com.kms.katalon.core.main.TestCaseMain.startTestSuite(TestCaseMain.java:149)
	at com.kms.katalon.core.main.TestCaseMain$startTestSuite$0.call(Unknown Source)
	at TempTestSuite1562129007364.run(TempTestSuite1562129007364.groovy:36)]]></system-out>
         <system-err><![CDATA[2019-07-03 10:15:17 - [TEST_CASE][FAILED] - Test Cases/Fps_Controller_API/Fps_Controller_Verify_Response__with_Invalid_Values: Test Cases/Fps_Controller_API/Fps_Controller_Verify_Response__with_Invalid_Values FAILED.
Reason:
com.kms.katalon.core.exception.StepFailedException: Expected element property value 'HNBG' is not equal with actual property value 'FPS'
	at com.kms.katalon.core.keyword.internal.KeywordMain.stepFailed(KeywordMain.groovy:32)
	at com.kms.katalon.core.webservice.keyword.builtin.VerifyElementPropertyValueKeyword$_verifyElementPropertyValue_closure1.doCall(VerifyElementPropertyValueKeyword.groovy:56)
	at com.kms.katalon.core.webservice.keyword.builtin.VerifyElementPropertyValueKeyword$_verifyElementPropertyValue_closure1.call(VerifyElementPropertyValueKeyword.groovy)
	at com.kms.katalon.core.keyword.internal.KeywordMain.runKeyword(KeywordMain.groovy:54)
	at com.kms.katalon.core.webservice.keyword.builtin.VerifyElementPropertyValueKeyword.verifyElementPropertyValue(VerifyElementPropertyValueKeyword.groovy:48)
	at com.kms.katalon.core.webservice.keyword.builtin.VerifyElementPropertyValueKeyword.execute(VerifyElementPropertyValueKeyword.groovy:43)
	at com.kms.katalon.core.keyword.internal.KeywordExecutor.executeKeywordForPlatform(KeywordExecutor.groovy:53)
	at com.kms.katalon.core.webservice.keyword.WSBuiltInKeywords.verifyElementPropertyValue(WSBuiltInKeywords.groovy:123)
	at com.kms.katalon.core.webservice.keyword.WSBuiltInKeywords$verifyElementPropertyValue$1.call(Unknown Source)
	at Fps_Controller_Verify_Response__with_Invalid_Values.run(Fps_Controller_Verify_Response__with_Invalid_Values:20)
	at com.kms.katalon.core.main.ScriptEngine.run(ScriptEngine.java:194)
	at com.kms.katalon.core.main.ScriptEngine.runScriptAsRawText(ScriptEngine.java:119)
	at com.kms.katalon.core.main.TestCaseExecutor.runScript(TestCaseExecutor.java:328)
	at com.kms.katalon.core.main.TestCaseExecutor.doExecute(TestCaseExecutor.java:319)
	at com.kms.katalon.core.main.TestCaseExecutor.processExecutionPhase(TestCaseExecutor.java:298)
	at com.kms.katalon.core.main.TestCaseExecutor.accessMainPhase(TestCaseExecutor.java:290)
	at com.kms.katalon.core.main.TestCaseExecutor.execute(TestCaseExecutor.java:224)
	at com.kms.katalon.core.main.TestSuiteExecutor.accessTestCaseMainPhase(TestSuiteExecutor.java:129)
	at com.kms.katalon.core.main.TestSuiteExecutor.accessTestSuiteMainPhase(TestSuiteExecutor.java:112)
	at com.kms.katalon.core.main.TestSuiteExecutor.execute(TestSuiteExecutor.java:81)
	at com.kms.katalon.core.main.TestCaseMain.startTestSuite(TestCaseMain.java:149)
	at com.kms.katalon.core.main.TestCaseMain$startTestSuite$0.call(Unknown Source)
	at TempTestSuite1562129007364.run(TempTestSuite1562129007364.groovy:36)]]></system-err>
      </testcase>
      <testcase name="Test Cases/Fps_Controller_API/Fps_Controller_Verify_Response_with_Invalid_parameters" classname="Test Cases/Fps_Controller_API/Fps_Controller_Verify_Response_with_Invalid_parameters" status="PASSED">
         <system-out><![CDATA[2019-07-03 10:15:19 - [TEST_CASE][PASSED] - Test Cases/Fps_Controller_API/Fps_Controller_Verify_Response_with_Invalid_parameters: Test Cases/Fps_Controller_API/Fps_Controller_Verify_Response_with_Invalid_parameters

2019-07-03 10:15:19 - [TEST_STEP][PASSED] - response = sendRequest(findTestObject("Fps_Controller_API/Fps_Controller_Verify_Response_with_Invalid_parameters")): Send request successfully

2019-07-03 10:15:20 - [MESSAGE][INFO] - HAR: C:\Users\khaja.h\Katalon Studio\ADDI_Project\Reports\Fps_Controller_API\20190703_101322\requests\main\3.har

2019-07-03 10:15:20 - [MESSAGE][PASSED] - Send request successfully

2019-07-03 10:15:20 - [TEST_STEP][PASSED] - verifyResponseStatusCode(response, 400): Verify response status code successfully

2019-07-03 10:15:20 - [MESSAGE][PASSED] - Verify response status code successfully]]></system-out>
         <system-err><![CDATA[]]></system-err>
      </testcase>
      <testcase name="Test Cases/Fps_Controller_API/Fps_Controller_Post_Request" classname="Test Cases/Fps_Controller_API/Fps_Controller_Post_Request" status="PASSED">
         <system-out><![CDATA[2019-07-03 10:15:20 - [TEST_CASE][PASSED] - Test Cases/Fps_Controller_API/Fps_Controller_Post_Request: Test Cases/Fps_Controller_API/Fps_Controller_Post_Request

2019-07-03 10:15:20 - [TEST_STEP][PASSED] - response = sendRequest(findTestObject("Fps_Controller_API/Fps_Controller_Post_Request")): Send request successfully

2019-07-03 10:15:20 - [MESSAGE][INFO] - HAR: C:\Users\khaja.h\Katalon Studio\ADDI_Project\Reports\Fps_Controller_API\20190703_101322\requests\main\4.har

2019-07-03 10:15:20 - [MESSAGE][PASSED] - Send request successfully

2019-07-03 10:15:20 - [TEST_STEP][PASSED] - verifyResponseStatusCode(response, 201): Verify response status code successfully

2019-07-03 10:15:20 - [MESSAGE][PASSED] - Verify response status code successfully]]></system-out>
         <system-err><![CDATA[]]></system-err>
      </testcase>
      <testcase name="Test Cases/Fps_Controller_API/Fps_Controller_Put_Request" classname="Test Cases/Fps_Controller_API/Fps_Controller_Put_Request" status="PASSED">
         <system-out><![CDATA[2019-07-03 10:15:20 - [TEST_CASE][PASSED] - Test Cases/Fps_Controller_API/Fps_Controller_Put_Request: Test Cases/Fps_Controller_API/Fps_Controller_Put_Request

2019-07-03 10:15:21 - [TEST_STEP][PASSED] - response = sendRequest(findTestObject("Fps_Controller_API/Fps_Controller_Put_Request")): Send request successfully

2019-07-03 10:15:21 - [MESSAGE][INFO] - HAR: C:\Users\khaja.h\Katalon Studio\ADDI_Project\Reports\Fps_Controller_API\20190703_101322\requests\main\5.har

2019-07-03 10:15:21 - [MESSAGE][PASSED] - Send request successfully

2019-07-03 10:15:21 - [TEST_STEP][PASSED] - verifyResponseStatusCode(response, 200): Verify response status code successfully

2019-07-03 10:15:21 - [MESSAGE][PASSED] - Verify response status code successfully]]></system-out>
         <system-err><![CDATA[]]></system-err>
      </testcase>
      <testcase name="Test Cases/Fps_Controller_API/Fps_Controller_Delete_Request_with_Valid_Parameters" classname="Test Cases/Fps_Controller_API/Fps_Controller_Delete_Request_with_Valid_Parameters" status="PASSED">
         <system-out><![CDATA[2019-07-03 10:15:21 - [TEST_CASE][PASSED] - Test Cases/Fps_Controller_API/Fps_Controller_Delete_Request_with_Valid_Parameters: Test Cases/Fps_Controller_API/Fps_Controller_Delete_Request_with_Valid_Parameters

2019-07-03 10:15:21 - [TEST_STEP][PASSED] - response = sendRequest(findTestObject("Fps_Controller_API/Fps_Controller_Delete_Request_with_Valid_Parameters")): Send request successfully

2019-07-03 10:15:21 - [MESSAGE][INFO] - HAR: C:\Users\khaja.h\Katalon Studio\ADDI_Project\Reports\Fps_Controller_API\20190703_101322\requests\main\6.har

2019-07-03 10:15:21 - [MESSAGE][PASSED] - Send request successfully

2019-07-03 10:15:21 - [TEST_STEP][PASSED] - verifyResponseStatusCode(response, 200): Verify response status code successfully

2019-07-03 10:15:21 - [MESSAGE][PASSED] - Verify response status code successfully]]></system-out>
         <system-err><![CDATA[]]></system-err>
      </testcase>
      <testcase name="Test Cases/Fps_Controller_API/Fps_Controller_Delete_Request_with_Invalid_Parameters" classname="Test Cases/Fps_Controller_API/Fps_Controller_Delete_Request_with_Invalid_Parameters" status="PASSED">
         <system-out><![CDATA[2019-07-03 10:15:21 - [TEST_CASE][PASSED] - Test Cases/Fps_Controller_API/Fps_Controller_Delete_Request_with_Invalid_Parameters: Test Cases/Fps_Controller_API/Fps_Controller_Delete_Request_with_Invalid_Parameters

2019-07-03 10:15:22 - [TEST_STEP][PASSED] - response = sendRequest(findTestObject("Fps_Controller_API/Fps_Controller_Delete_Request_with_Invalid_Parameters")): Send request successfully

2019-07-03 10:15:22 - [MESSAGE][INFO] - HAR: C:\Users\khaja.h\Katalon Studio\ADDI_Project\Reports\Fps_Controller_API\20190703_101322\requests\main\7.har

2019-07-03 10:15:22 - [MESSAGE][PASSED] - Send request successfully

2019-07-03 10:15:22 - [TEST_STEP][PASSED] - verifyResponseStatusCode(response, 400): Verify response status code successfully

2019-07-03 10:15:22 - [MESSAGE][PASSED] - Verify response status code successfully]]></system-out>
         <system-err><![CDATA[]]></system-err>
      </testcase>
      <system-out><![CDATA[2019-07-03 10:15:08 - [TEST_SUITE][FAILED] - Fps_Controller_API: Test Cases/Fps_Controller_API/Fps_Controller_Verify_Response_with_Empty_Values FAILED.
Reason:
com.kms.katalon.core.exception.StepFailedException: Expected element property value '' is not equal with actual property value 'FPS'
	at com.kms.katalon.core.keyword.internal.KeywordMain.stepFailed(KeywordMain.groovy:32)
	at com.kms.katalon.core.webservice.keyword.builtin.VerifyElementPropertyValueKeyword$_verifyElementPropertyValue_closure1.doCall(VerifyElementPropertyValueKeyword.groovy:56)
	at com.kms.katalon.core.webservice.keyword.builtin.VerifyElementPropertyValueKeyword$_verifyElementPropertyValue_closure1.call(VerifyElementPropertyValueKeyword.groovy)
	at com.kms.katalon.core.keyword.internal.KeywordMain.runKeyword(KeywordMain.groovy:54)
	at com.kms.katalon.core.webservice.keyword.builtin.VerifyElementPropertyValueKeyword.verifyElementPropertyValue(VerifyElementPropertyValueKeyword.groovy:48)
	at com.kms.katalon.core.webservice.keyword.builtin.VerifyElementPropertyValueKeyword.execute(VerifyElementPropertyValueKeyword.groovy:43)
	at com.kms.katalon.core.keyword.internal.KeywordExecutor.executeKeywordForPlatform(KeywordExecutor.groovy:53)
	at com.kms.katalon.core.webservice.keyword.WSBuiltInKeywords.verifyElementPropertyValue(WSBuiltInKeywords.groovy:123)
	at com.kms.katalon.core.webservice.keyword.WSBuiltInKeywords$verifyElementPropertyValue$1.call(Unknown Source)
	at Fps_Controller_Verify_Response_with_Empty_Values.run(Fps_Controller_Verify_Response_with_Empty_Values:20)
	at com.kms.katalon.core.main.ScriptEngine.run(ScriptEngine.java:194)
	at com.kms.katalon.core.main.ScriptEngine.runScriptAsRawText(ScriptEngine.java:119)
	at com.kms.katalon.core.main.TestCaseExecutor.runScript(TestCaseExecutor.java:328)
	at com.kms.katalon.core.main.TestCaseExecutor.doExecute(TestCaseExecutor.java:319)
	at com.kms.katalon.core.main.TestCaseExecutor.processExecutionPhase(TestCaseExecutor.java:298)
	at com.kms.katalon.core.main.TestCaseExecutor.accessMainPhase(TestCaseExecutor.java:290)
	at com.kms.katalon.core.main.TestCaseExecutor.execute(TestCaseExecutor.java:224)
	at com.kms.katalon.core.main.TestSuiteExecutor.accessTestCaseMainPhase(TestSuiteExecutor.java:129)
	at com.kms.katalon.core.main.TestSuiteExecutor.accessTestSuiteMainPhase(TestSuiteExecutor.java:112)
	at com.kms.katalon.core.main.TestSuiteExecutor.execute(TestSuiteExecutor.java:81)
	at com.kms.katalon.core.main.TestCaseMain.startTestSuite(TestCaseMain.java:149)
	at com.kms.katalon.core.main.TestCaseMain$startTestSuite$0.call(Unknown Source)
	at TempTestSuite1562129007364.run(TempTestSuite1562129007364.groovy:36)]]></system-out>
      <system-err><![CDATA[2019-07-03 10:15:08 - [TEST_SUITE][FAILED] - Fps_Controller_API: Test Cases/Fps_Controller_API/Fps_Controller_Verify_Response_with_Empty_Values FAILED.
Reason:
com.kms.katalon.core.exception.StepFailedException: Expected element property value '' is not equal with actual property value 'FPS'
	at com.kms.katalon.core.keyword.internal.KeywordMain.stepFailed(KeywordMain.groovy:32)
	at com.kms.katalon.core.webservice.keyword.builtin.VerifyElementPropertyValueKeyword$_verifyElementPropertyValue_closure1.doCall(VerifyElementPropertyValueKeyword.groovy:56)
	at com.kms.katalon.core.webservice.keyword.builtin.VerifyElementPropertyValueKeyword$_verifyElementPropertyValue_closure1.call(VerifyElementPropertyValueKeyword.groovy)
	at com.kms.katalon.core.keyword.internal.KeywordMain.runKeyword(KeywordMain.groovy:54)
	at com.kms.katalon.core.webservice.keyword.builtin.VerifyElementPropertyValueKeyword.verifyElementPropertyValue(VerifyElementPropertyValueKeyword.groovy:48)
	at com.kms.katalon.core.webservice.keyword.builtin.VerifyElementPropertyValueKeyword.execute(VerifyElementPropertyValueKeyword.groovy:43)
	at com.kms.katalon.core.keyword.internal.KeywordExecutor.executeKeywordForPlatform(KeywordExecutor.groovy:53)
	at com.kms.katalon.core.webservice.keyword.WSBuiltInKeywords.verifyElementPropertyValue(WSBuiltInKeywords.groovy:123)
	at com.kms.katalon.core.webservice.keyword.WSBuiltInKeywords$verifyElementPropertyValue$1.call(Unknown Source)
	at Fps_Controller_Verify_Response_with_Empty_Values.run(Fps_Controller_Verify_Response_with_Empty_Values:20)
	at com.kms.katalon.core.main.ScriptEngine.run(ScriptEngine.java:194)
	at com.kms.katalon.core.main.ScriptEngine.runScriptAsRawText(ScriptEngine.java:119)
	at com.kms.katalon.core.main.TestCaseExecutor.runScript(TestCaseExecutor.java:328)
	at com.kms.katalon.core.main.TestCaseExecutor.doExecute(TestCaseExecutor.java:319)
	at com.kms.katalon.core.main.TestCaseExecutor.processExecutionPhase(TestCaseExecutor.java:298)
	at com.kms.katalon.core.main.TestCaseExecutor.accessMainPhase(TestCaseExecutor.java:290)
	at com.kms.katalon.core.main.TestCaseExecutor.execute(TestCaseExecutor.java:224)
	at com.kms.katalon.core.main.TestSuiteExecutor.accessTestCaseMainPhase(TestSuiteExecutor.java:129)
	at com.kms.katalon.core.main.TestSuiteExecutor.accessTestSuiteMainPhase(TestSuiteExecutor.java:112)
	at com.kms.katalon.core.main.TestSuiteExecutor.execute(TestSuiteExecutor.java:81)
	at com.kms.katalon.core.main.TestCaseMain.startTestSuite(TestCaseMain.java:149)
	at com.kms.katalon.core.main.TestCaseMain$startTestSuite$0.call(Unknown Source)
	at TempTestSuite1562129007364.run(TempTestSuite1562129007364.groovy:36)]]></system-err>
   </testsuite>
</testsuites>
