<?xml version="1.0" encoding="UTF-8"?>
<testsuites name="Activity_Controller_API" time="20" tests="6" failures="2" errors="0">
   <testsuite name="Activity_Controller_API" tests="6" failures="2" errors="0" time="20" timestamp="2019-07-03 14:09:09" hostname="khaja.h - LP-5CD7465GP0.HCLT.CORP.HCL.IN" id="Test Suites/Activity_Controller_API">
      <properties>
         <property name="deviceName" value=""/>
         <property name="devicePlatform" value=""/>
         <property name="logFolder" value="C:\\Users\\khaja.h\\Katalon Studio\\ADDI_Project\\Reports\\Activity_Controller_API\\20190703_140852"/>
         <property name="logFiles" value="C:\\Users\\khaja.h\\Katalon Studio\\ADDI_Project\\Reports\\Activity_Controller_API\\20190703_140852\\execution0.log"/>
         <property name="attachments" value=""/>
         <property name="hostName" value="khaja.h - LP-5CD7465GP0.HCLT.CORP.HCL.IN"/>
         <property name="hostAddress" value="172.23.0.1"/>
         <property name="os" value="Windows 10 64bit"/>
         <property name="katalonVersion" value="5.10.1.1"/>
      </properties>
      <testcase name="Test Cases/Activity_Controller_API/Activity_Controller_Verify_Response_with_valid_Values" classname="Test Cases/Activity_Controller_API/Activity_Controller_Verify_Response_with_valid_Values" status="PASSED">
         <system-out><![CDATA[2019-07-03 14:09:10 - [TEST_CASE][PASSED] - Test Cases/Activity_Controller_API/Activity_Controller_Verify_Response_with_valid_Values: Test Cases/Activity_Controller_API/Activity_Controller_Verify_Response_with_valid_Values

2019-07-03 14:09:11 - [TEST_STEP][PASSED] - response = sendRequest(findTestObject("Activity_Controller_API/Activity_Controller_Verify_Response_with_valid_Values")): Send request successfully

2019-07-03 14:09:21 - [MESSAGE][INFO] - HAR: C:\Users\khaja.h\Katalon Studio\ADDI_Project\Reports\Activity_Controller_API\20190703_140852\requests\main\0.har

2019-07-03 14:09:21 - [MESSAGE][PASSED] - Send request successfully

2019-07-03 14:09:21 - [TEST_STEP][PASSED] - verifyResponseStatusCode(response, 200): Verify response status code successfully

2019-07-03 14:09:21 - [MESSAGE][PASSED] - Verify response status code successfully

2019-07-03 14:09:21 - [TEST_STEP][PASSED] - verifyElementPropertyValue(response, "[0].owner", owner): Verify element property value successfully

2019-07-03 14:09:21 - [MESSAGE][PASSED] - Verify element property value successfully

2019-07-03 14:09:21 - [TEST_STEP][PASSED] - verifyElementPropertyValue(response, "[0].activityId", activityId): Verify element property value successfully

2019-07-03 14:09:22 - [MESSAGE][PASSED] - Verify element property value successfully

2019-07-03 14:09:22 - [TEST_STEP][PASSED] - verifyElementPropertyValue(response, "[0].activityType", activityType): Verify element property value successfully

2019-07-03 14:09:22 - [MESSAGE][PASSED] - Verify element property value successfully

2019-07-03 14:09:22 - [TEST_STEP][PASSED] - verifyElementPropertyValue(response, "[0].description", description): Verify element property value successfully

2019-07-03 14:09:22 - [MESSAGE][PASSED] - Verify element property value successfully

2019-07-03 14:09:22 - [TEST_STEP][PASSED] - verifyElementPropertyValue(response, "[0].disposition", disposition): Verify element property value successfully

2019-07-03 14:09:22 - [MESSAGE][PASSED] - Verify element property value successfully

2019-07-03 14:09:22 - [TEST_STEP][PASSED] - verifyElementPropertyValue(response, "[0].databaseName", databaseName): Verify element property value successfully

2019-07-03 14:09:22 - [MESSAGE][PASSED] - Verify element property value successfully

2019-07-03 14:09:22 - [TEST_STEP][PASSED] - verifyElementPropertyValue(response, "[0].dataBaseAction", dataBaseAction): Verify element property value successfully

2019-07-03 14:09:22 - [MESSAGE][PASSED] - Verify element property value successfully

2019-07-03 14:09:22 - [TEST_STEP][PASSED] - verifyElementPropertyValue(response, "[0].mapName", mapName): Verify element property value successfully

2019-07-03 14:09:22 - [MESSAGE][PASSED] - Verify element property value successfully

2019-07-03 14:09:22 - [TEST_STEP][PASSED] - verifyElementPropertyValue(response, "[0].programID", programID): Verify element property value successfully

2019-07-03 14:09:22 - [MESSAGE][PASSED] - Verify element property value successfully

2019-07-03 14:09:22 - [TEST_STEP][PASSED] - verifyElementPropertyValue(response, "[0].programName", programName): Verify element property value successfully

2019-07-03 14:09:22 - [MESSAGE][PASSED] - Verify element property value successfully

2019-07-03 14:09:22 - [TEST_STEP][PASSED] - verifyElementPropertyValue(response, "[0].language", language): Verify element property value successfully

2019-07-03 14:09:22 - [MESSAGE][PASSED] - Verify element property value successfully

2019-07-03 14:09:22 - [TEST_STEP][PASSED] - verifyElementPropertyValue(response, "[0].count", count): Verify element property value successfully

2019-07-03 14:09:22 - [MESSAGE][PASSED] - Verify element property value successfully

2019-07-03 14:09:22 - [TEST_STEP][PASSED] - verifyElementPropertyValue(response, "[0].listADG", listADG): Verify element property value successfully

2019-07-03 14:09:22 - [MESSAGE][PASSED] - Verify element property value successfully]]></system-out>
         <system-err><![CDATA[]]></system-err>
      </testcase>
      <testcase name="Test Cases/Activity_Controller_API/Activity_Controller_Verify_Response_with_Empty_Values" classname="Test Cases/Activity_Controller_API/Activity_Controller_Verify_Response_with_Empty_Values" status="FAILED">
         <failure type="FAILED" message="Test Cases/Activity_Controller_API/Activity_Controller_Verify_Response_with_Empty_Values FAILED.
Reason:
com.kms.katalon.core.exception.StepFailedException: Expected element property value '' is not equal with actual property value 'PEM'
	at com.kms.katalon.core.keyword.internal.KeywordMain.stepFailed(KeywordMain.groovy:32)
	at com.kms.katalon.core.webservice.keyword.builtin.VerifyElementPropertyValueKeyword$_verifyElementPropertyValue_closure1.doCall(VerifyElementPropertyValueKeyword.groovy:56)
	at com.kms.katalon.core.webservice.keyword.builtin.VerifyElementPropertyValueKeyword$_verifyElementPropertyValue_closure1.call(VerifyElementPropertyValueKeyword.groovy)
	at com.kms.katalon.core.keyword.internal.KeywordMain.runKeyword(KeywordMain.groovy:54)
	at com.kms.katalon.core.webservice.keyword.builtin.VerifyElementPropertyValueKeyword.verifyElementPropertyValue(VerifyElementPropertyValueKeyword.groovy:48)
	at com.kms.katalon.core.webservice.keyword.builtin.VerifyElementPropertyValueKeyword.execute(VerifyElementPropertyValueKeyword.groovy:43)
	at com.kms.katalon.core.keyword.internal.KeywordExecutor.executeKeywordForPlatform(KeywordExecutor.groovy:53)
	at com.kms.katalon.core.webservice.keyword.WSBuiltInKeywords.verifyElementPropertyValue(WSBuiltInKeywords.groovy:123)
	at com.kms.katalon.core.webservice.keyword.WSBuiltInKeywords$verifyElementPropertyValue$1.call(Unknown Source)
	at Activity_Controller_Verify_Response_with_Empty_Values.run(Activity_Controller_Verify_Response_with_Empty_Values:20)
	at com.kms.katalon.core.main.ScriptEngine.run(ScriptEngine.java:194)
	at com.kms.katalon.core.main.ScriptEngine.runScriptAsRawText(ScriptEngine.java:119)
	at com.kms.katalon.core.main.TestCaseExecutor.runScript(TestCaseExecutor.java:328)
	at com.kms.katalon.core.main.TestCaseExecutor.doExecute(TestCaseExecutor.java:319)
	at com.kms.katalon.core.main.TestCaseExecutor.processExecutionPhase(TestCaseExecutor.java:298)
	at com.kms.katalon.core.main.TestCaseExecutor.accessMainPhase(TestCaseExecutor.java:290)
	at com.kms.katalon.core.main.TestCaseExecutor.execute(TestCaseExecutor.java:224)
	at com.kms.katalon.core.main.TestSuiteExecutor.accessTestCaseMainPhase(TestSuiteExecutor.java:129)
	at com.kms.katalon.core.main.TestSuiteExecutor.accessTestSuiteMainPhase(TestSuiteExecutor.java:112)
	at com.kms.katalon.core.main.TestSuiteExecutor.execute(TestSuiteExecutor.java:81)
	at com.kms.katalon.core.main.TestCaseMain.startTestSuite(TestCaseMain.java:149)
	at com.kms.katalon.core.main.TestCaseMain$startTestSuite$0.call(Unknown Source)
	at TempTestSuite1562143136765.run(TempTestSuite1562143136765.groovy:36)
"/>
         <system-out><![CDATA[2019-07-03 14:09:22 - [TEST_CASE][FAILED] - Test Cases/Activity_Controller_API/Activity_Controller_Verify_Response_with_Empty_Values: Test Cases/Activity_Controller_API/Activity_Controller_Verify_Response_with_Empty_Values FAILED.
Reason:
com.kms.katalon.core.exception.StepFailedException: Expected element property value '' is not equal with actual property value 'PEM'
	at com.kms.katalon.core.keyword.internal.KeywordMain.stepFailed(KeywordMain.groovy:32)
	at com.kms.katalon.core.webservice.keyword.builtin.VerifyElementPropertyValueKeyword$_verifyElementPropertyValue_closure1.doCall(VerifyElementPropertyValueKeyword.groovy:56)
	at com.kms.katalon.core.webservice.keyword.builtin.VerifyElementPropertyValueKeyword$_verifyElementPropertyValue_closure1.call(VerifyElementPropertyValueKeyword.groovy)
	at com.kms.katalon.core.keyword.internal.KeywordMain.runKeyword(KeywordMain.groovy:54)
	at com.kms.katalon.core.webservice.keyword.builtin.VerifyElementPropertyValueKeyword.verifyElementPropertyValue(VerifyElementPropertyValueKeyword.groovy:48)
	at com.kms.katalon.core.webservice.keyword.builtin.VerifyElementPropertyValueKeyword.execute(VerifyElementPropertyValueKeyword.groovy:43)
	at com.kms.katalon.core.keyword.internal.KeywordExecutor.executeKeywordForPlatform(KeywordExecutor.groovy:53)
	at com.kms.katalon.core.webservice.keyword.WSBuiltInKeywords.verifyElementPropertyValue(WSBuiltInKeywords.groovy:123)
	at com.kms.katalon.core.webservice.keyword.WSBuiltInKeywords$verifyElementPropertyValue$1.call(Unknown Source)
	at Activity_Controller_Verify_Response_with_Empty_Values.run(Activity_Controller_Verify_Response_with_Empty_Values:20)
	at com.kms.katalon.core.main.ScriptEngine.run(ScriptEngine.java:194)
	at com.kms.katalon.core.main.ScriptEngine.runScriptAsRawText(ScriptEngine.java:119)
	at com.kms.katalon.core.main.TestCaseExecutor.runScript(TestCaseExecutor.java:328)
	at com.kms.katalon.core.main.TestCaseExecutor.doExecute(TestCaseExecutor.java:319)
	at com.kms.katalon.core.main.TestCaseExecutor.processExecutionPhase(TestCaseExecutor.java:298)
	at com.kms.katalon.core.main.TestCaseExecutor.accessMainPhase(TestCaseExecutor.java:290)
	at com.kms.katalon.core.main.TestCaseExecutor.execute(TestCaseExecutor.java:224)
	at com.kms.katalon.core.main.TestSuiteExecutor.accessTestCaseMainPhase(TestSuiteExecutor.java:129)
	at com.kms.katalon.core.main.TestSuiteExecutor.accessTestSuiteMainPhase(TestSuiteExecutor.java:112)
	at com.kms.katalon.core.main.TestSuiteExecutor.execute(TestSuiteExecutor.java:81)
	at com.kms.katalon.core.main.TestCaseMain.startTestSuite(TestCaseMain.java:149)
	at com.kms.katalon.core.main.TestCaseMain$startTestSuite$0.call(Unknown Source)
	at TempTestSuite1562143136765.run(TempTestSuite1562143136765.groovy:36)


2019-07-03 14:09:22 - [TEST_STEP][PASSED] - response = sendRequest(findTestObject("Activity_Controller_API/Activity_Controller_Verify_Response_with_Empty_Values")): Send request successfully

2019-07-03 14:09:23 - [MESSAGE][INFO] - HAR: C:\Users\khaja.h\Katalon Studio\ADDI_Project\Reports\Activity_Controller_API\20190703_140852\requests\main\1.har

2019-07-03 14:09:23 - [MESSAGE][PASSED] - Send request successfully

2019-07-03 14:09:23 - [TEST_STEP][PASSED] - verifyResponseStatusCode(response, 200): Verify response status code successfully

2019-07-03 14:09:23 - [MESSAGE][PASSED] - Verify response status code successfully

2019-07-03 14:09:23 - [TEST_STEP][FAILED] - verifyElementPropertyValue(response, "[0].owner", owner): Expected element property value '' is not equal with actual property value 'PEM'

2019-07-03 14:09:23 - [MESSAGE][FAILED] - Expected element property value '' is not equal with actual property value 'PEM'

2019-07-03 14:09:23 - [TEST_STEP][FAILED] - verifyElementPropertyValue(response, "[0].activityId", activityId): Expected element property value '' is not equal with actual property value '0000000005'

2019-07-03 14:09:23 - [MESSAGE][FAILED] - Expected element property value '' is not equal with actual property value '0000000005'

2019-07-03 14:09:23 - [TEST_STEP][FAILED] - verifyElementPropertyValue(response, "[0].activityType", activityType): Expected element property value '' is not equal with actual property value 'WORK'

2019-07-03 14:09:23 - [MESSAGE][FAILED] - Expected element property value '' is not equal with actual property value 'WORK'

2019-07-03 14:09:23 - [TEST_STEP][FAILED] - verifyElementPropertyValue(response, "[0].description", description): Expected element property value '' is not equal with actual property value 'Dynamically Release a DG (ID in TCB$XDG)'

2019-07-03 14:09:23 - [MESSAGE][FAILED] - Expected element property value '' is not equal with actual property value 'Dynamically Release a DG (ID in TCB$XDG)'

2019-07-03 14:09:23 - [TEST_STEP][FAILED] - verifyElementPropertyValue(response, "[0].disposition", disposition): Expected element property value 'JNHGB' is not equal with actual property value ''

2019-07-03 14:09:23 - [MESSAGE][FAILED] - Expected element property value 'JNHGB' is not equal with actual property value ''

2019-07-03 14:09:23 - [TEST_STEP][FAILED] - verifyElementPropertyValue(response, "[0].databaseName", databaseName): Expected element property value 'KMJN' is not equal with actual property value ''

2019-07-03 14:09:23 - [MESSAGE][FAILED] - Expected element property value 'KMJN' is not equal with actual property value ''

2019-07-03 14:09:23 - [TEST_STEP][FAILED] - verifyElementPropertyValue(response, "[0].dataBaseAction", dataBaseAction): Expected element property value 'RFDC' is not equal with actual property value ''

2019-07-03 14:09:23 - [MESSAGE][FAILED] - Expected element property value 'RFDC' is not equal with actual property value ''

2019-07-03 14:09:23 - [TEST_STEP][FAILED] - verifyElementPropertyValue(response, "[0].mapName", mapName): Expected element property value 'WSDE' is not equal with actual property value ''

2019-07-03 14:09:23 - [MESSAGE][FAILED] - Expected element property value 'WSDE' is not equal with actual property value ''

2019-07-03 14:09:23 - [TEST_STEP][FAILED] - verifyElementPropertyValue(response, "[0].programID", programID): Expected element property value 'EDFC' is not equal with actual property value ''

2019-07-03 14:09:23 - [MESSAGE][FAILED] - Expected element property value 'EDFC' is not equal with actual property value ''

2019-07-03 14:09:23 - [TEST_STEP][FAILED] - verifyElementPropertyValue(response, "[0].programName", programName): Expected element property value 'XCDF' is not equal with actual property value ''

2019-07-03 14:09:23 - [MESSAGE][FAILED] - Expected element property value 'XCDF' is not equal with actual property value ''

2019-07-03 14:09:23 - [TEST_STEP][FAILED] - verifyElementPropertyValue(response, "[0].language", language): Expected element property value 'EDFR' is not equal with actual property value ''

2019-07-03 14:09:23 - [MESSAGE][FAILED] - Expected element property value 'EDFR' is not equal with actual property value ''

2019-07-03 14:09:23 - [TEST_STEP][FAILED] - verifyElementPropertyValue(response, "[0].count", count): Expected element property value '' is not equal with actual property value '01'

2019-07-03 14:09:23 - [MESSAGE][FAILED] - Expected element property value '' is not equal with actual property value '01'

2019-07-03 14:09:23 - [TEST_STEP][FAILED] - verifyElementPropertyValue(response, "[0].listADG", listADG): verifyElementPropertyValue(response, "[0].listADG", listADG) FAILED.
Reason:
com.kms.katalon.core.exception.StepFailedException: Expected element property value '' is not equal with actual property value 'PEM'
	at com.kms.katalon.core.keyword.internal.KeywordMain.stepFailed(KeywordMain.groovy:32)
	at com.kms.katalon.core.webservice.keyword.builtin.VerifyElementPropertyValueKeyword$_verifyElementPropertyValue_closure1.doCall(VerifyElementPropertyValueKeyword.groovy:56)
	at com.kms.katalon.core.webservice.keyword.builtin.VerifyElementPropertyValueKeyword$_verifyElementPropertyValue_closure1.call(VerifyElementPropertyValueKeyword.groovy)
	at com.kms.katalon.core.keyword.internal.KeywordMain.runKeyword(KeywordMain.groovy:54)
	at com.kms.katalon.core.webservice.keyword.builtin.VerifyElementPropertyValueKeyword.verifyElementPropertyValue(VerifyElementPropertyValueKeyword.groovy:48)
	at com.kms.katalon.core.webservice.keyword.builtin.VerifyElementPropertyValueKeyword.execute(VerifyElementPropertyValueKeyword.groovy:43)
	at com.kms.katalon.core.keyword.internal.KeywordExecutor.executeKeywordForPlatform(KeywordExecutor.groovy:53)
	at com.kms.katalon.core.webservice.keyword.WSBuiltInKeywords.verifyElementPropertyValue(WSBuiltInKeywords.groovy:123)
	at com.kms.katalon.core.webservice.keyword.WSBuiltInKeywords$verifyElementPropertyValue$1.call(Unknown Source)
	at Activity_Controller_Verify_Response_with_Empty_Values.run(Activity_Controller_Verify_Response_with_Empty_Values:20)
	at com.kms.katalon.core.main.ScriptEngine.run(ScriptEngine.java:194)
	at com.kms.katalon.core.main.ScriptEngine.runScriptAsRawText(ScriptEngine.java:119)
	at com.kms.katalon.core.main.TestCaseExecutor.runScript(TestCaseExecutor.java:328)
	at com.kms.katalon.core.main.TestCaseExecutor.doExecute(TestCaseExecutor.java:319)
	at com.kms.katalon.core.main.TestCaseExecutor.processExecutionPhase(TestCaseExecutor.java:298)
	at com.kms.katalon.core.main.TestCaseExecutor.accessMainPhase(TestCaseExecutor.java:290)
	at com.kms.katalon.core.main.TestCaseExecutor.execute(TestCaseExecutor.java:224)
	at com.kms.katalon.core.main.TestSuiteExecutor.accessTestCaseMainPhase(TestSuiteExecutor.java:129)
	at com.kms.katalon.core.main.TestSuiteExecutor.accessTestSuiteMainPhase(TestSuiteExecutor.java:112)
	at com.kms.katalon.core.main.TestSuiteExecutor.execute(TestSuiteExecutor.java:81)
	at com.kms.katalon.core.main.TestCaseMain.startTestSuite(TestCaseMain.java:149)
	at com.kms.katalon.core.main.TestCaseMain$startTestSuite$0.call(Unknown Source)
	at TempTestSuite1562143136765.run(TempTestSuite1562143136765.groovy:36)


2019-07-03 14:09:23 - [MESSAGE][FAILED] - Expected element property value '' is not equal with actual property value '[Adg [dgId=0000000000, disposition=REL, defaultAction=      , useCode=null]]'

2019-07-03 14:09:23 - [MESSAGE][FAILED] - verifyElementPropertyValue(response, "[0].listADG", listADG) FAILED.
Reason:
com.kms.katalon.core.exception.StepFailedException: Expected element property value '' is not equal with actual property value 'PEM'
	at com.kms.katalon.core.keyword.internal.KeywordMain.stepFailed(KeywordMain.groovy:32)
	at com.kms.katalon.core.webservice.keyword.builtin.VerifyElementPropertyValueKeyword$_verifyElementPropertyValue_closure1.doCall(VerifyElementPropertyValueKeyword.groovy:56)
	at com.kms.katalon.core.webservice.keyword.builtin.VerifyElementPropertyValueKeyword$_verifyElementPropertyValue_closure1.call(VerifyElementPropertyValueKeyword.groovy)
	at com.kms.katalon.core.keyword.internal.KeywordMain.runKeyword(KeywordMain.groovy:54)
	at com.kms.katalon.core.webservice.keyword.builtin.VerifyElementPropertyValueKeyword.verifyElementPropertyValue(VerifyElementPropertyValueKeyword.groovy:48)
	at com.kms.katalon.core.webservice.keyword.builtin.VerifyElementPropertyValueKeyword.execute(VerifyElementPropertyValueKeyword.groovy:43)
	at com.kms.katalon.core.keyword.internal.KeywordExecutor.executeKeywordForPlatform(KeywordExecutor.groovy:53)
	at com.kms.katalon.core.webservice.keyword.WSBuiltInKeywords.verifyElementPropertyValue(WSBuiltInKeywords.groovy:123)
	at com.kms.katalon.core.webservice.keyword.WSBuiltInKeywords$verifyElementPropertyValue$1.call(Unknown Source)
	at Activity_Controller_Verify_Response_with_Empty_Values.run(Activity_Controller_Verify_Response_with_Empty_Values:20)
	at com.kms.katalon.core.main.ScriptEngine.run(ScriptEngine.java:194)
	at com.kms.katalon.core.main.ScriptEngine.runScriptAsRawText(ScriptEngine.java:119)
	at com.kms.katalon.core.main.TestCaseExecutor.runScript(TestCaseExecutor.java:328)
	at com.kms.katalon.core.main.TestCaseExecutor.doExecute(TestCaseExecutor.java:319)
	at com.kms.katalon.core.main.TestCaseExecutor.processExecutionPhase(TestCaseExecutor.java:298)
	at com.kms.katalon.core.main.TestCaseExecutor.accessMainPhase(TestCaseExecutor.java:290)
	at com.kms.katalon.core.main.TestCaseExecutor.execute(TestCaseExecutor.java:224)
	at com.kms.katalon.core.main.TestSuiteExecutor.accessTestCaseMainPhase(TestSuiteExecutor.java:129)
	at com.kms.katalon.core.main.TestSuiteExecutor.accessTestSuiteMainPhase(TestSuiteExecutor.java:112)
	at com.kms.katalon.core.main.TestSuiteExecutor.execute(TestSuiteExecutor.java:81)
	at com.kms.katalon.core.main.TestCaseMain.startTestSuite(TestCaseMain.java:149)
	at com.kms.katalon.core.main.TestCaseMain$startTestSuite$0.call(Unknown Source)
	at TempTestSuite1562143136765.run(TempTestSuite1562143136765.groovy:36)]]></system-out>
         <system-err><![CDATA[2019-07-03 14:09:22 - [TEST_CASE][FAILED] - Test Cases/Activity_Controller_API/Activity_Controller_Verify_Response_with_Empty_Values: Test Cases/Activity_Controller_API/Activity_Controller_Verify_Response_with_Empty_Values FAILED.
Reason:
com.kms.katalon.core.exception.StepFailedException: Expected element property value '' is not equal with actual property value 'PEM'
	at com.kms.katalon.core.keyword.internal.KeywordMain.stepFailed(KeywordMain.groovy:32)
	at com.kms.katalon.core.webservice.keyword.builtin.VerifyElementPropertyValueKeyword$_verifyElementPropertyValue_closure1.doCall(VerifyElementPropertyValueKeyword.groovy:56)
	at com.kms.katalon.core.webservice.keyword.builtin.VerifyElementPropertyValueKeyword$_verifyElementPropertyValue_closure1.call(VerifyElementPropertyValueKeyword.groovy)
	at com.kms.katalon.core.keyword.internal.KeywordMain.runKeyword(KeywordMain.groovy:54)
	at com.kms.katalon.core.webservice.keyword.builtin.VerifyElementPropertyValueKeyword.verifyElementPropertyValue(VerifyElementPropertyValueKeyword.groovy:48)
	at com.kms.katalon.core.webservice.keyword.builtin.VerifyElementPropertyValueKeyword.execute(VerifyElementPropertyValueKeyword.groovy:43)
	at com.kms.katalon.core.keyword.internal.KeywordExecutor.executeKeywordForPlatform(KeywordExecutor.groovy:53)
	at com.kms.katalon.core.webservice.keyword.WSBuiltInKeywords.verifyElementPropertyValue(WSBuiltInKeywords.groovy:123)
	at com.kms.katalon.core.webservice.keyword.WSBuiltInKeywords$verifyElementPropertyValue$1.call(Unknown Source)
	at Activity_Controller_Verify_Response_with_Empty_Values.run(Activity_Controller_Verify_Response_with_Empty_Values:20)
	at com.kms.katalon.core.main.ScriptEngine.run(ScriptEngine.java:194)
	at com.kms.katalon.core.main.ScriptEngine.runScriptAsRawText(ScriptEngine.java:119)
	at com.kms.katalon.core.main.TestCaseExecutor.runScript(TestCaseExecutor.java:328)
	at com.kms.katalon.core.main.TestCaseExecutor.doExecute(TestCaseExecutor.java:319)
	at com.kms.katalon.core.main.TestCaseExecutor.processExecutionPhase(TestCaseExecutor.java:298)
	at com.kms.katalon.core.main.TestCaseExecutor.accessMainPhase(TestCaseExecutor.java:290)
	at com.kms.katalon.core.main.TestCaseExecutor.execute(TestCaseExecutor.java:224)
	at com.kms.katalon.core.main.TestSuiteExecutor.accessTestCaseMainPhase(TestSuiteExecutor.java:129)
	at com.kms.katalon.core.main.TestSuiteExecutor.accessTestSuiteMainPhase(TestSuiteExecutor.java:112)
	at com.kms.katalon.core.main.TestSuiteExecutor.execute(TestSuiteExecutor.java:81)
	at com.kms.katalon.core.main.TestCaseMain.startTestSuite(TestCaseMain.java:149)
	at com.kms.katalon.core.main.TestCaseMain$startTestSuite$0.call(Unknown Source)
	at TempTestSuite1562143136765.run(TempTestSuite1562143136765.groovy:36)]]></system-err>
      </testcase>
      <testcase name="Test Cases/Activity_Controller_API/Activity_Controller_Verify_Response__with_Invalid_Values" classname="Test Cases/Activity_Controller_API/Activity_Controller_Verify_Response__with_Invalid_Values" status="FAILED">
         <failure type="FAILED" message="Test Cases/Activity_Controller_API/Activity_Controller_Verify_Response__with_Invalid_Values FAILED.
Reason:
com.kms.katalon.core.exception.StepFailedException: Expected element property value 'PEMSA' is not equal with actual property value 'PEM'
	at com.kms.katalon.core.keyword.internal.KeywordMain.stepFailed(KeywordMain.groovy:32)
	at com.kms.katalon.core.webservice.keyword.builtin.VerifyElementPropertyValueKeyword$_verifyElementPropertyValue_closure1.doCall(VerifyElementPropertyValueKeyword.groovy:56)
	at com.kms.katalon.core.webservice.keyword.builtin.VerifyElementPropertyValueKeyword$_verifyElementPropertyValue_closure1.call(VerifyElementPropertyValueKeyword.groovy)
	at com.kms.katalon.core.keyword.internal.KeywordMain.runKeyword(KeywordMain.groovy:54)
	at com.kms.katalon.core.webservice.keyword.builtin.VerifyElementPropertyValueKeyword.verifyElementPropertyValue(VerifyElementPropertyValueKeyword.groovy:48)
	at com.kms.katalon.core.webservice.keyword.builtin.VerifyElementPropertyValueKeyword.execute(VerifyElementPropertyValueKeyword.groovy:43)
	at com.kms.katalon.core.keyword.internal.KeywordExecutor.executeKeywordForPlatform(KeywordExecutor.groovy:53)
	at com.kms.katalon.core.webservice.keyword.WSBuiltInKeywords.verifyElementPropertyValue(WSBuiltInKeywords.groovy:123)
	at com.kms.katalon.core.webservice.keyword.WSBuiltInKeywords$verifyElementPropertyValue$1.call(Unknown Source)
	at Activity_Controller_Verify_Response__with_Invalid_Values.run(Activity_Controller_Verify_Response__with_Invalid_Values:20)
	at com.kms.katalon.core.main.ScriptEngine.run(ScriptEngine.java:194)
	at com.kms.katalon.core.main.ScriptEngine.runScriptAsRawText(ScriptEngine.java:119)
	at com.kms.katalon.core.main.TestCaseExecutor.runScript(TestCaseExecutor.java:328)
	at com.kms.katalon.core.main.TestCaseExecutor.doExecute(TestCaseExecutor.java:319)
	at com.kms.katalon.core.main.TestCaseExecutor.processExecutionPhase(TestCaseExecutor.java:298)
	at com.kms.katalon.core.main.TestCaseExecutor.accessMainPhase(TestCaseExecutor.java:290)
	at com.kms.katalon.core.main.TestCaseExecutor.execute(TestCaseExecutor.java:224)
	at com.kms.katalon.core.main.TestSuiteExecutor.accessTestCaseMainPhase(TestSuiteExecutor.java:129)
	at com.kms.katalon.core.main.TestSuiteExecutor.accessTestSuiteMainPhase(TestSuiteExecutor.java:112)
	at com.kms.katalon.core.main.TestSuiteExecutor.execute(TestSuiteExecutor.java:81)
	at com.kms.katalon.core.main.TestCaseMain.startTestSuite(TestCaseMain.java:149)
	at com.kms.katalon.core.main.TestCaseMain$startTestSuite$0.call(Unknown Source)
	at TempTestSuite1562143136765.run(TempTestSuite1562143136765.groovy:36)
"/>
         <system-out><![CDATA[2019-07-03 14:09:23 - [TEST_CASE][FAILED] - Test Cases/Activity_Controller_API/Activity_Controller_Verify_Response__with_Invalid_Values: Test Cases/Activity_Controller_API/Activity_Controller_Verify_Response__with_Invalid_Values FAILED.
Reason:
com.kms.katalon.core.exception.StepFailedException: Expected element property value 'PEMSA' is not equal with actual property value 'PEM'
	at com.kms.katalon.core.keyword.internal.KeywordMain.stepFailed(KeywordMain.groovy:32)
	at com.kms.katalon.core.webservice.keyword.builtin.VerifyElementPropertyValueKeyword$_verifyElementPropertyValue_closure1.doCall(VerifyElementPropertyValueKeyword.groovy:56)
	at com.kms.katalon.core.webservice.keyword.builtin.VerifyElementPropertyValueKeyword$_verifyElementPropertyValue_closure1.call(VerifyElementPropertyValueKeyword.groovy)
	at com.kms.katalon.core.keyword.internal.KeywordMain.runKeyword(KeywordMain.groovy:54)
	at com.kms.katalon.core.webservice.keyword.builtin.VerifyElementPropertyValueKeyword.verifyElementPropertyValue(VerifyElementPropertyValueKeyword.groovy:48)
	at com.kms.katalon.core.webservice.keyword.builtin.VerifyElementPropertyValueKeyword.execute(VerifyElementPropertyValueKeyword.groovy:43)
	at com.kms.katalon.core.keyword.internal.KeywordExecutor.executeKeywordForPlatform(KeywordExecutor.groovy:53)
	at com.kms.katalon.core.webservice.keyword.WSBuiltInKeywords.verifyElementPropertyValue(WSBuiltInKeywords.groovy:123)
	at com.kms.katalon.core.webservice.keyword.WSBuiltInKeywords$verifyElementPropertyValue$1.call(Unknown Source)
	at Activity_Controller_Verify_Response__with_Invalid_Values.run(Activity_Controller_Verify_Response__with_Invalid_Values:20)
	at com.kms.katalon.core.main.ScriptEngine.run(ScriptEngine.java:194)
	at com.kms.katalon.core.main.ScriptEngine.runScriptAsRawText(ScriptEngine.java:119)
	at com.kms.katalon.core.main.TestCaseExecutor.runScript(TestCaseExecutor.java:328)
	at com.kms.katalon.core.main.TestCaseExecutor.doExecute(TestCaseExecutor.java:319)
	at com.kms.katalon.core.main.TestCaseExecutor.processExecutionPhase(TestCaseExecutor.java:298)
	at com.kms.katalon.core.main.TestCaseExecutor.accessMainPhase(TestCaseExecutor.java:290)
	at com.kms.katalon.core.main.TestCaseExecutor.execute(TestCaseExecutor.java:224)
	at com.kms.katalon.core.main.TestSuiteExecutor.accessTestCaseMainPhase(TestSuiteExecutor.java:129)
	at com.kms.katalon.core.main.TestSuiteExecutor.accessTestSuiteMainPhase(TestSuiteExecutor.java:112)
	at com.kms.katalon.core.main.TestSuiteExecutor.execute(TestSuiteExecutor.java:81)
	at com.kms.katalon.core.main.TestCaseMain.startTestSuite(TestCaseMain.java:149)
	at com.kms.katalon.core.main.TestCaseMain$startTestSuite$0.call(Unknown Source)
	at TempTestSuite1562143136765.run(TempTestSuite1562143136765.groovy:36)


2019-07-03 14:09:24 - [TEST_STEP][PASSED] - response = sendRequest(findTestObject("Activity_Controller_API/Activity_Controller_Verify_Response__with_Invalid_Values")): Send request successfully

2019-07-03 14:09:24 - [MESSAGE][INFO] - HAR: C:\Users\khaja.h\Katalon Studio\ADDI_Project\Reports\Activity_Controller_API\20190703_140852\requests\main\2.har

2019-07-03 14:09:24 - [MESSAGE][PASSED] - Send request successfully

2019-07-03 14:09:24 - [TEST_STEP][PASSED] - verifyResponseStatusCode(response, 200): Verify response status code successfully

2019-07-03 14:09:24 - [MESSAGE][PASSED] - Verify response status code successfully

2019-07-03 14:09:24 - [TEST_STEP][FAILED] - verifyElementPropertyValue(response, "[0].owner", owner): Expected element property value 'PEMSA' is not equal with actual property value 'PEM'

2019-07-03 14:09:24 - [MESSAGE][FAILED] - Expected element property value 'PEMSA' is not equal with actual property value 'PEM'

2019-07-03 14:09:24 - [TEST_STEP][FAILED] - verifyElementPropertyValue(response, "[0].activityId", activityId): Expected element property value '000098765456' is not equal with actual property value '0000000005'

2019-07-03 14:09:24 - [MESSAGE][FAILED] - Expected element property value '000098765456' is not equal with actual property value '0000000005'

2019-07-03 14:09:24 - [TEST_STEP][FAILED] - verifyElementPropertyValue(response, "[0].activityType", activityType): Expected element property value 'GVBHF' is not equal with actual property value 'WORK'

2019-07-03 14:09:24 - [MESSAGE][FAILED] - Expected element property value 'GVBHF' is not equal with actual property value 'WORK'

2019-07-03 14:09:24 - [TEST_STEP][FAILED] - verifyElementPropertyValue(response, "[0].description", description): Expected element property value 'MKJIUNB' is not equal with actual property value 'Dynamically Release a DG (ID in TCB$XDG)'

2019-07-03 14:09:24 - [MESSAGE][FAILED] - Expected element property value 'MKJIUNB' is not equal with actual property value 'Dynamically Release a DG (ID in TCB$XDG)'

2019-07-03 14:09:24 - [TEST_STEP][FAILED] - verifyElementPropertyValue(response, "[0].disposition", disposition): Expected element property value 'UJHYG' is not equal with actual property value ''

2019-07-03 14:09:24 - [MESSAGE][FAILED] - Expected element property value 'UJHYG' is not equal with actual property value ''

2019-07-03 14:09:24 - [TEST_STEP][FAILED] - verifyElementPropertyValue(response, "[0].databaseName", databaseName): Expected element property value 'JNHBG' is not equal with actual property value ''

2019-07-03 14:09:24 - [MESSAGE][FAILED] - Expected element property value 'JNHBG' is not equal with actual property value ''

2019-07-03 14:09:24 - [TEST_STEP][FAILED] - verifyElementPropertyValue(response, "[0].dataBaseAction", dataBaseAction): Expected element property value 'MKJNG' is not equal with actual property value ''

2019-07-03 14:09:24 - [MESSAGE][FAILED] - Expected element property value 'MKJNG' is not equal with actual property value ''

2019-07-03 14:09:24 - [TEST_STEP][FAILED] - verifyElementPropertyValue(response, "[0].mapName", mapName): Expected element property value 'KMJN' is not equal with actual property value ''

2019-07-03 14:09:24 - [MESSAGE][FAILED] - Expected element property value 'KMJN' is not equal with actual property value ''

2019-07-03 14:09:24 - [TEST_STEP][FAILED] - verifyElementPropertyValue(response, "[0].programID", programID): Expected element property value '09878776' is not equal with actual property value ''

2019-07-03 14:09:24 - [MESSAGE][FAILED] - Expected element property value '09878776' is not equal with actual property value ''

2019-07-03 14:09:24 - [TEST_STEP][FAILED] - verifyElementPropertyValue(response, "[0].programName", programName): Expected element property value 'MKNJH' is not equal with actual property value ''

2019-07-03 14:09:24 - [MESSAGE][FAILED] - Expected element property value 'MKNJH' is not equal with actual property value ''

2019-07-03 14:09:24 - [TEST_STEP][FAILED] - verifyElementPropertyValue(response, "[0].language", language): Expected element property value 'OKIJN' is not equal with actual property value ''

2019-07-03 14:09:24 - [MESSAGE][FAILED] - Expected element property value 'OKIJN' is not equal with actual property value ''

2019-07-03 14:09:24 - [TEST_STEP][FAILED] - verifyElementPropertyValue(response, "[0].count", count): Expected element property value 'edfr' is not equal with actual property value '01'

2019-07-03 14:09:24 - [MESSAGE][FAILED] - Expected element property value 'edfr' is not equal with actual property value '01'

2019-07-03 14:09:24 - [TEST_STEP][FAILED] - verifyElementPropertyValue(response, "[0].listADG", listADG): verifyElementPropertyValue(response, "[0].listADG", listADG) FAILED.
Reason:
com.kms.katalon.core.exception.StepFailedException: Expected element property value 'PEMSA' is not equal with actual property value 'PEM'
	at com.kms.katalon.core.keyword.internal.KeywordMain.stepFailed(KeywordMain.groovy:32)
	at com.kms.katalon.core.webservice.keyword.builtin.VerifyElementPropertyValueKeyword$_verifyElementPropertyValue_closure1.doCall(VerifyElementPropertyValueKeyword.groovy:56)
	at com.kms.katalon.core.webservice.keyword.builtin.VerifyElementPropertyValueKeyword$_verifyElementPropertyValue_closure1.call(VerifyElementPropertyValueKeyword.groovy)
	at com.kms.katalon.core.keyword.internal.KeywordMain.runKeyword(KeywordMain.groovy:54)
	at com.kms.katalon.core.webservice.keyword.builtin.VerifyElementPropertyValueKeyword.verifyElementPropertyValue(VerifyElementPropertyValueKeyword.groovy:48)
	at com.kms.katalon.core.webservice.keyword.builtin.VerifyElementPropertyValueKeyword.execute(VerifyElementPropertyValueKeyword.groovy:43)
	at com.kms.katalon.core.keyword.internal.KeywordExecutor.executeKeywordForPlatform(KeywordExecutor.groovy:53)
	at com.kms.katalon.core.webservice.keyword.WSBuiltInKeywords.verifyElementPropertyValue(WSBuiltInKeywords.groovy:123)
	at com.kms.katalon.core.webservice.keyword.WSBuiltInKeywords$verifyElementPropertyValue$1.call(Unknown Source)
	at Activity_Controller_Verify_Response__with_Invalid_Values.run(Activity_Controller_Verify_Response__with_Invalid_Values:20)
	at com.kms.katalon.core.main.ScriptEngine.run(ScriptEngine.java:194)
	at com.kms.katalon.core.main.ScriptEngine.runScriptAsRawText(ScriptEngine.java:119)
	at com.kms.katalon.core.main.TestCaseExecutor.runScript(TestCaseExecutor.java:328)
	at com.kms.katalon.core.main.TestCaseExecutor.doExecute(TestCaseExecutor.java:319)
	at com.kms.katalon.core.main.TestCaseExecutor.processExecutionPhase(TestCaseExecutor.java:298)
	at com.kms.katalon.core.main.TestCaseExecutor.accessMainPhase(TestCaseExecutor.java:290)
	at com.kms.katalon.core.main.TestCaseExecutor.execute(TestCaseExecutor.java:224)
	at com.kms.katalon.core.main.TestSuiteExecutor.accessTestCaseMainPhase(TestSuiteExecutor.java:129)
	at com.kms.katalon.core.main.TestSuiteExecutor.accessTestSuiteMainPhase(TestSuiteExecutor.java:112)
	at com.kms.katalon.core.main.TestSuiteExecutor.execute(TestSuiteExecutor.java:81)
	at com.kms.katalon.core.main.TestCaseMain.startTestSuite(TestCaseMain.java:149)
	at com.kms.katalon.core.main.TestCaseMain$startTestSuite$0.call(Unknown Source)
	at TempTestSuite1562143136765.run(TempTestSuite1562143136765.groovy:36)


2019-07-03 14:09:25 - [MESSAGE][FAILED] - Expected element property value 'vfg' is not equal with actual property value '[Adg [dgId=0000000000, disposition=REL, defaultAction=      , useCode=null]]'

2019-07-03 14:09:25 - [MESSAGE][FAILED] - verifyElementPropertyValue(response, "[0].listADG", listADG) FAILED.
Reason:
com.kms.katalon.core.exception.StepFailedException: Expected element property value 'PEMSA' is not equal with actual property value 'PEM'
	at com.kms.katalon.core.keyword.internal.KeywordMain.stepFailed(KeywordMain.groovy:32)
	at com.kms.katalon.core.webservice.keyword.builtin.VerifyElementPropertyValueKeyword$_verifyElementPropertyValue_closure1.doCall(VerifyElementPropertyValueKeyword.groovy:56)
	at com.kms.katalon.core.webservice.keyword.builtin.VerifyElementPropertyValueKeyword$_verifyElementPropertyValue_closure1.call(VerifyElementPropertyValueKeyword.groovy)
	at com.kms.katalon.core.keyword.internal.KeywordMain.runKeyword(KeywordMain.groovy:54)
	at com.kms.katalon.core.webservice.keyword.builtin.VerifyElementPropertyValueKeyword.verifyElementPropertyValue(VerifyElementPropertyValueKeyword.groovy:48)
	at com.kms.katalon.core.webservice.keyword.builtin.VerifyElementPropertyValueKeyword.execute(VerifyElementPropertyValueKeyword.groovy:43)
	at com.kms.katalon.core.keyword.internal.KeywordExecutor.executeKeywordForPlatform(KeywordExecutor.groovy:53)
	at com.kms.katalon.core.webservice.keyword.WSBuiltInKeywords.verifyElementPropertyValue(WSBuiltInKeywords.groovy:123)
	at com.kms.katalon.core.webservice.keyword.WSBuiltInKeywords$verifyElementPropertyValue$1.call(Unknown Source)
	at Activity_Controller_Verify_Response__with_Invalid_Values.run(Activity_Controller_Verify_Response__with_Invalid_Values:20)
	at com.kms.katalon.core.main.ScriptEngine.run(ScriptEngine.java:194)
	at com.kms.katalon.core.main.ScriptEngine.runScriptAsRawText(ScriptEngine.java:119)
	at com.kms.katalon.core.main.TestCaseExecutor.runScript(TestCaseExecutor.java:328)
	at com.kms.katalon.core.main.TestCaseExecutor.doExecute(TestCaseExecutor.java:319)
	at com.kms.katalon.core.main.TestCaseExecutor.processExecutionPhase(TestCaseExecutor.java:298)
	at com.kms.katalon.core.main.TestCaseExecutor.accessMainPhase(TestCaseExecutor.java:290)
	at com.kms.katalon.core.main.TestCaseExecutor.execute(TestCaseExecutor.java:224)
	at com.kms.katalon.core.main.TestSuiteExecutor.accessTestCaseMainPhase(TestSuiteExecutor.java:129)
	at com.kms.katalon.core.main.TestSuiteExecutor.accessTestSuiteMainPhase(TestSuiteExecutor.java:112)
	at com.kms.katalon.core.main.TestSuiteExecutor.execute(TestSuiteExecutor.java:81)
	at com.kms.katalon.core.main.TestCaseMain.startTestSuite(TestCaseMain.java:149)
	at com.kms.katalon.core.main.TestCaseMain$startTestSuite$0.call(Unknown Source)
	at TempTestSuite1562143136765.run(TempTestSuite1562143136765.groovy:36)]]></system-out>
         <system-err><![CDATA[2019-07-03 14:09:23 - [TEST_CASE][FAILED] - Test Cases/Activity_Controller_API/Activity_Controller_Verify_Response__with_Invalid_Values: Test Cases/Activity_Controller_API/Activity_Controller_Verify_Response__with_Invalid_Values FAILED.
Reason:
com.kms.katalon.core.exception.StepFailedException: Expected element property value 'PEMSA' is not equal with actual property value 'PEM'
	at com.kms.katalon.core.keyword.internal.KeywordMain.stepFailed(KeywordMain.groovy:32)
	at com.kms.katalon.core.webservice.keyword.builtin.VerifyElementPropertyValueKeyword$_verifyElementPropertyValue_closure1.doCall(VerifyElementPropertyValueKeyword.groovy:56)
	at com.kms.katalon.core.webservice.keyword.builtin.VerifyElementPropertyValueKeyword$_verifyElementPropertyValue_closure1.call(VerifyElementPropertyValueKeyword.groovy)
	at com.kms.katalon.core.keyword.internal.KeywordMain.runKeyword(KeywordMain.groovy:54)
	at com.kms.katalon.core.webservice.keyword.builtin.VerifyElementPropertyValueKeyword.verifyElementPropertyValue(VerifyElementPropertyValueKeyword.groovy:48)
	at com.kms.katalon.core.webservice.keyword.builtin.VerifyElementPropertyValueKeyword.execute(VerifyElementPropertyValueKeyword.groovy:43)
	at com.kms.katalon.core.keyword.internal.KeywordExecutor.executeKeywordForPlatform(KeywordExecutor.groovy:53)
	at com.kms.katalon.core.webservice.keyword.WSBuiltInKeywords.verifyElementPropertyValue(WSBuiltInKeywords.groovy:123)
	at com.kms.katalon.core.webservice.keyword.WSBuiltInKeywords$verifyElementPropertyValue$1.call(Unknown Source)
	at Activity_Controller_Verify_Response__with_Invalid_Values.run(Activity_Controller_Verify_Response__with_Invalid_Values:20)
	at com.kms.katalon.core.main.ScriptEngine.run(ScriptEngine.java:194)
	at com.kms.katalon.core.main.ScriptEngine.runScriptAsRawText(ScriptEngine.java:119)
	at com.kms.katalon.core.main.TestCaseExecutor.runScript(TestCaseExecutor.java:328)
	at com.kms.katalon.core.main.TestCaseExecutor.doExecute(TestCaseExecutor.java:319)
	at com.kms.katalon.core.main.TestCaseExecutor.processExecutionPhase(TestCaseExecutor.java:298)
	at com.kms.katalon.core.main.TestCaseExecutor.accessMainPhase(TestCaseExecutor.java:290)
	at com.kms.katalon.core.main.TestCaseExecutor.execute(TestCaseExecutor.java:224)
	at com.kms.katalon.core.main.TestSuiteExecutor.accessTestCaseMainPhase(TestSuiteExecutor.java:129)
	at com.kms.katalon.core.main.TestSuiteExecutor.accessTestSuiteMainPhase(TestSuiteExecutor.java:112)
	at com.kms.katalon.core.main.TestSuiteExecutor.execute(TestSuiteExecutor.java:81)
	at com.kms.katalon.core.main.TestCaseMain.startTestSuite(TestCaseMain.java:149)
	at com.kms.katalon.core.main.TestCaseMain$startTestSuite$0.call(Unknown Source)
	at TempTestSuite1562143136765.run(TempTestSuite1562143136765.groovy:36)]]></system-err>
      </testcase>
      <testcase name="Test Cases/Activity_Controller_API/Activity_Controller_Verify_Response_with_Invalid_parameters" classname="Test Cases/Activity_Controller_API/Activity_Controller_Verify_Response_with_Invalid_parameters" status="PASSED">
         <system-out><![CDATA[2019-07-03 14:09:25 - [TEST_CASE][PASSED] - Test Cases/Activity_Controller_API/Activity_Controller_Verify_Response_with_Invalid_parameters: Test Cases/Activity_Controller_API/Activity_Controller_Verify_Response_with_Invalid_parameters

2019-07-03 14:09:25 - [TEST_STEP][PASSED] - response = sendRequest(findTestObject("Activity_Controller_API/Activity_Controller_Verify_Response_with_Invalid_parameters")): Send request successfully

2019-07-03 14:09:25 - [MESSAGE][INFO] - HAR: C:\Users\khaja.h\Katalon Studio\ADDI_Project\Reports\Activity_Controller_API\20190703_140852\requests\main\3.har

2019-07-03 14:09:25 - [MESSAGE][PASSED] - Send request successfully

2019-07-03 14:09:25 - [TEST_STEP][PASSED] - verifyResponseStatusCode(response, 400): Verify response status code successfully

2019-07-03 14:09:25 - [MESSAGE][PASSED] - Verify response status code successfully]]></system-out>
         <system-err><![CDATA[]]></system-err>
      </testcase>
      <testcase name="Test Cases/Activity_Controller_API/Activity_Controller_Post_Request" classname="Test Cases/Activity_Controller_API/Activity_Controller_Post_Request" status="PASSED">
         <system-out><![CDATA[2019-07-03 14:09:25 - [TEST_CASE][PASSED] - Test Cases/Activity_Controller_API/Activity_Controller_Post_Request: Test Cases/Activity_Controller_API/Activity_Controller_Post_Request

2019-07-03 14:09:26 - [TEST_STEP][PASSED] - response = sendRequest(findTestObject("Activity_Controller_API/Activity_Controller_Post_Request")): Send request successfully

2019-07-03 14:09:27 - [MESSAGE][INFO] - HAR: C:\Users\khaja.h\Katalon Studio\ADDI_Project\Reports\Activity_Controller_API\20190703_140852\requests\main\4.har

2019-07-03 14:09:27 - [MESSAGE][PASSED] - Send request successfully

2019-07-03 14:09:27 - [TEST_STEP][PASSED] - verifyResponseStatusCode(response, 201): Verify response status code successfully

2019-07-03 14:09:27 - [MESSAGE][PASSED] - Verify response status code successfully]]></system-out>
         <system-err><![CDATA[]]></system-err>
      </testcase>
      <testcase name="Test Cases/Activity_Controller_API/Activity_Controller_Put_Request" classname="Test Cases/Activity_Controller_API/Activity_Controller_Put_Request" status="PASSED">
         <system-out><![CDATA[2019-07-03 14:09:27 - [TEST_CASE][PASSED] - Test Cases/Activity_Controller_API/Activity_Controller_Put_Request: Test Cases/Activity_Controller_API/Activity_Controller_Put_Request

2019-07-03 14:09:27 - [TEST_STEP][PASSED] - response = sendRequest(findTestObject("Activity_Controller_API/Activity_Controller_Put_Request")): Send request successfully

2019-07-03 14:09:27 - [MESSAGE][INFO] - HAR: C:\Users\khaja.h\Katalon Studio\ADDI_Project\Reports\Activity_Controller_API\20190703_140852\requests\main\5.har

2019-07-03 14:09:27 - [MESSAGE][PASSED] - Send request successfully

2019-07-03 14:09:27 - [TEST_STEP][PASSED] - verifyResponseStatusCode(response, 200): Verify response status code successfully

2019-07-03 14:09:27 - [MESSAGE][PASSED] - Verify response status code successfully]]></system-out>
         <system-err><![CDATA[]]></system-err>
      </testcase>
      <testcase name="Test Cases/Activity_Controller_API/Activity_Controller_Delete_Request_with_Valid_Parameters" classname="Test Cases/Activity_Controller_API/Activity_Controller_Delete_Request_with_Valid_Parameters" status="PASSED">
         <system-out><![CDATA[2019-07-03 14:09:27 - [TEST_CASE][PASSED] - Test Cases/Activity_Controller_API/Activity_Controller_Delete_Request_with_Valid_Parameters: Test Cases/Activity_Controller_API/Activity_Controller_Delete_Request_with_Valid_Parameters

2019-07-03 14:09:28 - [TEST_STEP][PASSED] - response = sendRequest(findTestObject("Activity_Controller_API/Activity_Controller_Delete_Request_with_Valid_Parameters")): Send request successfully

2019-07-03 14:09:28 - [MESSAGE][INFO] - HAR: C:\Users\khaja.h\Katalon Studio\ADDI_Project\Reports\Activity_Controller_API\20190703_140852\requests\main\6.har

2019-07-03 14:09:28 - [MESSAGE][PASSED] - Send request successfully

2019-07-03 14:09:28 - [TEST_STEP][PASSED] - verifyResponseStatusCode(response, 200): Verify response status code successfully

2019-07-03 14:09:28 - [MESSAGE][PASSED] - Verify response status code successfully]]></system-out>
         <system-err><![CDATA[]]></system-err>
      </testcase>
      <testcase name="Test Cases/Activity_Controller_API/Activity_Controller_Delete_Request_with_Invalid_Parameters" classname="Test Cases/Activity_Controller_API/Activity_Controller_Delete_Request_with_Invalid_Parameters" status="PASSED">
         <system-out><![CDATA[2019-07-03 14:09:28 - [TEST_CASE][PASSED] - Test Cases/Activity_Controller_API/Activity_Controller_Delete_Request_with_Invalid_Parameters: Test Cases/Activity_Controller_API/Activity_Controller_Delete_Request_with_Invalid_Parameters

2019-07-03 14:09:29 - [TEST_STEP][PASSED] - response = sendRequest(findTestObject("Activity_Controller_API/Activity_Controller_Delete_Request_with_Invalid_Parameters")): Send request successfully

2019-07-03 14:09:29 - [MESSAGE][INFO] - HAR: C:\Users\khaja.h\Katalon Studio\ADDI_Project\Reports\Activity_Controller_API\20190703_140852\requests\main\7.har

2019-07-03 14:09:29 - [MESSAGE][PASSED] - Send request successfully

2019-07-03 14:09:29 - [TEST_STEP][PASSED] - verifyResponseStatusCode(response, 400): Verify response status code successfully

2019-07-03 14:09:29 - [MESSAGE][PASSED] - Verify response status code successfully]]></system-out>
         <system-err><![CDATA[]]></system-err>
      </testcase>
      <system-out><![CDATA[2019-07-03 14:09:09 - [TEST_SUITE][FAILED] - Activity_Controller_API: Test Cases/Activity_Controller_API/Activity_Controller_Verify_Response_with_Empty_Values FAILED.
Reason:
com.kms.katalon.core.exception.StepFailedException: Expected element property value '' is not equal with actual property value 'PEM'
	at com.kms.katalon.core.keyword.internal.KeywordMain.stepFailed(KeywordMain.groovy:32)
	at com.kms.katalon.core.webservice.keyword.builtin.VerifyElementPropertyValueKeyword$_verifyElementPropertyValue_closure1.doCall(VerifyElementPropertyValueKeyword.groovy:56)
	at com.kms.katalon.core.webservice.keyword.builtin.VerifyElementPropertyValueKeyword$_verifyElementPropertyValue_closure1.call(VerifyElementPropertyValueKeyword.groovy)
	at com.kms.katalon.core.keyword.internal.KeywordMain.runKeyword(KeywordMain.groovy:54)
	at com.kms.katalon.core.webservice.keyword.builtin.VerifyElementPropertyValueKeyword.verifyElementPropertyValue(VerifyElementPropertyValueKeyword.groovy:48)
	at com.kms.katalon.core.webservice.keyword.builtin.VerifyElementPropertyValueKeyword.execute(VerifyElementPropertyValueKeyword.groovy:43)
	at com.kms.katalon.core.keyword.internal.KeywordExecutor.executeKeywordForPlatform(KeywordExecutor.groovy:53)
	at com.kms.katalon.core.webservice.keyword.WSBuiltInKeywords.verifyElementPropertyValue(WSBuiltInKeywords.groovy:123)
	at com.kms.katalon.core.webservice.keyword.WSBuiltInKeywords$verifyElementPropertyValue$1.call(Unknown Source)
	at Activity_Controller_Verify_Response_with_Empty_Values.run(Activity_Controller_Verify_Response_with_Empty_Values:20)
	at com.kms.katalon.core.main.ScriptEngine.run(ScriptEngine.java:194)
	at com.kms.katalon.core.main.ScriptEngine.runScriptAsRawText(ScriptEngine.java:119)
	at com.kms.katalon.core.main.TestCaseExecutor.runScript(TestCaseExecutor.java:328)
	at com.kms.katalon.core.main.TestCaseExecutor.doExecute(TestCaseExecutor.java:319)
	at com.kms.katalon.core.main.TestCaseExecutor.processExecutionPhase(TestCaseExecutor.java:298)
	at com.kms.katalon.core.main.TestCaseExecutor.accessMainPhase(TestCaseExecutor.java:290)
	at com.kms.katalon.core.main.TestCaseExecutor.execute(TestCaseExecutor.java:224)
	at com.kms.katalon.core.main.TestSuiteExecutor.accessTestCaseMainPhase(TestSuiteExecutor.java:129)
	at com.kms.katalon.core.main.TestSuiteExecutor.accessTestSuiteMainPhase(TestSuiteExecutor.java:112)
	at com.kms.katalon.core.main.TestSuiteExecutor.execute(TestSuiteExecutor.java:81)
	at com.kms.katalon.core.main.TestCaseMain.startTestSuite(TestCaseMain.java:149)
	at com.kms.katalon.core.main.TestCaseMain$startTestSuite$0.call(Unknown Source)
	at TempTestSuite1562143136765.run(TempTestSuite1562143136765.groovy:36)]]></system-out>
      <system-err><![CDATA[2019-07-03 14:09:09 - [TEST_SUITE][FAILED] - Activity_Controller_API: Test Cases/Activity_Controller_API/Activity_Controller_Verify_Response_with_Empty_Values FAILED.
Reason:
com.kms.katalon.core.exception.StepFailedException: Expected element property value '' is not equal with actual property value 'PEM'
	at com.kms.katalon.core.keyword.internal.KeywordMain.stepFailed(KeywordMain.groovy:32)
	at com.kms.katalon.core.webservice.keyword.builtin.VerifyElementPropertyValueKeyword$_verifyElementPropertyValue_closure1.doCall(VerifyElementPropertyValueKeyword.groovy:56)
	at com.kms.katalon.core.webservice.keyword.builtin.VerifyElementPropertyValueKeyword$_verifyElementPropertyValue_closure1.call(VerifyElementPropertyValueKeyword.groovy)
	at com.kms.katalon.core.keyword.internal.KeywordMain.runKeyword(KeywordMain.groovy:54)
	at com.kms.katalon.core.webservice.keyword.builtin.VerifyElementPropertyValueKeyword.verifyElementPropertyValue(VerifyElementPropertyValueKeyword.groovy:48)
	at com.kms.katalon.core.webservice.keyword.builtin.VerifyElementPropertyValueKeyword.execute(VerifyElementPropertyValueKeyword.groovy:43)
	at com.kms.katalon.core.keyword.internal.KeywordExecutor.executeKeywordForPlatform(KeywordExecutor.groovy:53)
	at com.kms.katalon.core.webservice.keyword.WSBuiltInKeywords.verifyElementPropertyValue(WSBuiltInKeywords.groovy:123)
	at com.kms.katalon.core.webservice.keyword.WSBuiltInKeywords$verifyElementPropertyValue$1.call(Unknown Source)
	at Activity_Controller_Verify_Response_with_Empty_Values.run(Activity_Controller_Verify_Response_with_Empty_Values:20)
	at com.kms.katalon.core.main.ScriptEngine.run(ScriptEngine.java:194)
	at com.kms.katalon.core.main.ScriptEngine.runScriptAsRawText(ScriptEngine.java:119)
	at com.kms.katalon.core.main.TestCaseExecutor.runScript(TestCaseExecutor.java:328)
	at com.kms.katalon.core.main.TestCaseExecutor.doExecute(TestCaseExecutor.java:319)
	at com.kms.katalon.core.main.TestCaseExecutor.processExecutionPhase(TestCaseExecutor.java:298)
	at com.kms.katalon.core.main.TestCaseExecutor.accessMainPhase(TestCaseExecutor.java:290)
	at com.kms.katalon.core.main.TestCaseExecutor.execute(TestCaseExecutor.java:224)
	at com.kms.katalon.core.main.TestSuiteExecutor.accessTestCaseMainPhase(TestSuiteExecutor.java:129)
	at com.kms.katalon.core.main.TestSuiteExecutor.accessTestSuiteMainPhase(TestSuiteExecutor.java:112)
	at com.kms.katalon.core.main.TestSuiteExecutor.execute(TestSuiteExecutor.java:81)
	at com.kms.katalon.core.main.TestCaseMain.startTestSuite(TestCaseMain.java:149)
	at com.kms.katalon.core.main.TestCaseMain$startTestSuite$0.call(Unknown Source)
	at TempTestSuite1562143136765.run(TempTestSuite1562143136765.groovy:36)]]></system-err>
   </testsuite>
</testsuites>
