<?xml version="1.0" encoding="UTF-8"?>
<testsuites name="Ccp_Controller_API" time="10" tests="6" failures="2" errors="0">
   <testsuite name="Ccp_Controller_API" tests="6" failures="2" errors="0" time="10" timestamp="2019-07-18 09:33:39" hostname="khaja.h - LP-5CD7465GP0.HCLT.CORP.HCL.IN" id="Test Suites/Ccp_Controller_API">
      <properties>
         <property name="deviceName" value=""/>
         <property name="devicePlatform" value=""/>
         <property name="logFolder" value="C:\\Users\\khaja.h\\Katalon Studio\\ADDI_Project\\Reports\\Ccp_Controller_API\\20190718_093208"/>
         <property name="logFiles" value="C:\\Users\\khaja.h\\Katalon Studio\\ADDI_Project\\Reports\\Ccp_Controller_API\\20190718_093208\\execution0.log"/>
         <property name="attachments" value=""/>
         <property name="hostName" value="khaja.h - LP-5CD7465GP0.HCLT.CORP.HCL.IN"/>
         <property name="hostAddress" value="172.23.0.1"/>
         <property name="os" value="Windows 10 64bit"/>
         <property name="katalonVersion" value="5.10.1.1"/>
      </properties>
      <testcase name="Test Cases/Ccp_Controller_API/Ccp_Controller_Verify_Response_with_valid_Values" classname="Test Cases/Ccp_Controller_API/Ccp_Controller_Verify_Response_with_valid_Values" status="PASSED">
         <system-out><![CDATA[2019-07-18 09:33:39 - [TEST_CASE][PASSED] - Test Cases/Ccp_Controller_API/Ccp_Controller_Verify_Response_with_valid_Values: Test Cases/Ccp_Controller_API/Ccp_Controller_Verify_Response_with_valid_Values

2019-07-18 09:33:40 - [TEST_STEP][PASSED] - response = sendRequest(findTestObject("Ccp_Controller_API/Ccp_Controller_Verify_Response_with_valid_Values")): Send request successfully

2019-07-18 09:33:43 - [MESSAGE][INFO] - HAR: C:\Users\khaja.h\Katalon Studio\ADDI_Project\Reports\Ccp_Controller_API\20190718_093208\requests\main\0.har

2019-07-18 09:33:43 - [MESSAGE][PASSED] - Send request successfully

2019-07-18 09:33:43 - [TEST_STEP][PASSED] - verifyResponseStatusCode(response, 200): Verify response status code successfully

2019-07-18 09:33:43 - [MESSAGE][PASSED] - Verify response status code successfully

2019-07-18 09:33:43 - [TEST_STEP][PASSED] - verifyElementPropertyValue(response, "[0].type", type): Verify element property value successfully

2019-07-18 09:33:44 - [MESSAGE][PASSED] - Verify element property value successfully

2019-07-18 09:33:44 - [TEST_STEP][PASSED] - verifyElementPropertyValue(response, "[0].owner", owner): Verify element property value successfully

2019-07-18 09:33:44 - [MESSAGE][PASSED] - Verify element property value successfully

2019-07-18 09:33:44 - [TEST_STEP][PASSED] - verifyElementPropertyValue(response, "[0].application", application): Verify element property value successfully

2019-07-18 09:33:44 - [MESSAGE][PASSED] - Verify element property value successfully

2019-07-18 09:33:44 - [TEST_STEP][PASSED] - verifyElementPropertyValue(response, "[0].ccpid", ccpid): Verify element property value successfully

2019-07-18 09:33:44 - [MESSAGE][PASSED] - Verify element property value successfully

2019-07-18 09:33:44 - [TEST_STEP][PASSED] - verifyElementPropertyValue(response, "[0].description", description): Verify element property value successfully

2019-07-18 09:33:44 - [MESSAGE][PASSED] - Verify element property value successfully

2019-07-18 09:33:44 - [TEST_STEP][PASSED] - verifyElementPropertyValue(response, "[0].messageCategory", messageCategory): Verify element property value successfully

2019-07-18 09:33:44 - [MESSAGE][PASSED] - Verify element property value successfully]]></system-out>
         <system-err><![CDATA[]]></system-err>
      </testcase>
      <testcase name="Test Cases/Ccp_Controller_API/Ccp_Controller_Verify_Response_with_Empty_Values" classname="Test Cases/Ccp_Controller_API/Ccp_Controller_Verify_Response_with_Empty_Values" status="FAILED">
         <failure type="FAILED" message="Test Cases/Ccp_Controller_API/Ccp_Controller_Verify_Response_with_Empty_Values FAILED.
Reason:
com.kms.katalon.core.exception.StepFailedException: Expected element property value '' is not equal with actual property value 'null'
	at com.kms.katalon.core.keyword.internal.KeywordMain.stepFailed(KeywordMain.groovy:32)
	at com.kms.katalon.core.webservice.keyword.builtin.VerifyElementPropertyValueKeyword$_verifyElementPropertyValue_closure1.doCall(VerifyElementPropertyValueKeyword.groovy:56)
	at com.kms.katalon.core.webservice.keyword.builtin.VerifyElementPropertyValueKeyword$_verifyElementPropertyValue_closure1.call(VerifyElementPropertyValueKeyword.groovy)
	at com.kms.katalon.core.keyword.internal.KeywordMain.runKeyword(KeywordMain.groovy:54)
	at com.kms.katalon.core.webservice.keyword.builtin.VerifyElementPropertyValueKeyword.verifyElementPropertyValue(VerifyElementPropertyValueKeyword.groovy:48)
	at com.kms.katalon.core.webservice.keyword.builtin.VerifyElementPropertyValueKeyword.execute(VerifyElementPropertyValueKeyword.groovy:43)
	at com.kms.katalon.core.keyword.internal.KeywordExecutor.executeKeywordForPlatform(KeywordExecutor.groovy:53)
	at com.kms.katalon.core.webservice.keyword.WSBuiltInKeywords.verifyElementPropertyValue(WSBuiltInKeywords.groovy:123)
	at com.kms.katalon.core.webservice.keyword.WSBuiltInKeywords$verifyElementPropertyValue$1.call(Unknown Source)
	at Ccp_Controller_Verify_Response_with_Empty_Values.run(Ccp_Controller_Verify_Response_with_Empty_Values:20)
	at com.kms.katalon.core.main.ScriptEngine.run(ScriptEngine.java:194)
	at com.kms.katalon.core.main.ScriptEngine.runScriptAsRawText(ScriptEngine.java:119)
	at com.kms.katalon.core.main.TestCaseExecutor.runScript(TestCaseExecutor.java:328)
	at com.kms.katalon.core.main.TestCaseExecutor.doExecute(TestCaseExecutor.java:319)
	at com.kms.katalon.core.main.TestCaseExecutor.processExecutionPhase(TestCaseExecutor.java:298)
	at com.kms.katalon.core.main.TestCaseExecutor.accessMainPhase(TestCaseExecutor.java:290)
	at com.kms.katalon.core.main.TestCaseExecutor.execute(TestCaseExecutor.java:224)
	at com.kms.katalon.core.main.TestSuiteExecutor.accessTestCaseMainPhase(TestSuiteExecutor.java:129)
	at com.kms.katalon.core.main.TestSuiteExecutor.accessTestSuiteMainPhase(TestSuiteExecutor.java:112)
	at com.kms.katalon.core.main.TestSuiteExecutor.execute(TestSuiteExecutor.java:81)
	at com.kms.katalon.core.main.TestCaseMain.startTestSuite(TestCaseMain.java:149)
	at com.kms.katalon.core.main.TestCaseMain$startTestSuite$0.call(Unknown Source)
	at TempTestSuite1563422534407.run(TempTestSuite1563422534407.groovy:36)
"/>
         <system-out><![CDATA[2019-07-18 09:33:44 - [TEST_CASE][FAILED] - Test Cases/Ccp_Controller_API/Ccp_Controller_Verify_Response_with_Empty_Values: Test Cases/Ccp_Controller_API/Ccp_Controller_Verify_Response_with_Empty_Values FAILED.
Reason:
com.kms.katalon.core.exception.StepFailedException: Expected element property value '' is not equal with actual property value 'null'
	at com.kms.katalon.core.keyword.internal.KeywordMain.stepFailed(KeywordMain.groovy:32)
	at com.kms.katalon.core.webservice.keyword.builtin.VerifyElementPropertyValueKeyword$_verifyElementPropertyValue_closure1.doCall(VerifyElementPropertyValueKeyword.groovy:56)
	at com.kms.katalon.core.webservice.keyword.builtin.VerifyElementPropertyValueKeyword$_verifyElementPropertyValue_closure1.call(VerifyElementPropertyValueKeyword.groovy)
	at com.kms.katalon.core.keyword.internal.KeywordMain.runKeyword(KeywordMain.groovy:54)
	at com.kms.katalon.core.webservice.keyword.builtin.VerifyElementPropertyValueKeyword.verifyElementPropertyValue(VerifyElementPropertyValueKeyword.groovy:48)
	at com.kms.katalon.core.webservice.keyword.builtin.VerifyElementPropertyValueKeyword.execute(VerifyElementPropertyValueKeyword.groovy:43)
	at com.kms.katalon.core.keyword.internal.KeywordExecutor.executeKeywordForPlatform(KeywordExecutor.groovy:53)
	at com.kms.katalon.core.webservice.keyword.WSBuiltInKeywords.verifyElementPropertyValue(WSBuiltInKeywords.groovy:123)
	at com.kms.katalon.core.webservice.keyword.WSBuiltInKeywords$verifyElementPropertyValue$1.call(Unknown Source)
	at Ccp_Controller_Verify_Response_with_Empty_Values.run(Ccp_Controller_Verify_Response_with_Empty_Values:20)
	at com.kms.katalon.core.main.ScriptEngine.run(ScriptEngine.java:194)
	at com.kms.katalon.core.main.ScriptEngine.runScriptAsRawText(ScriptEngine.java:119)
	at com.kms.katalon.core.main.TestCaseExecutor.runScript(TestCaseExecutor.java:328)
	at com.kms.katalon.core.main.TestCaseExecutor.doExecute(TestCaseExecutor.java:319)
	at com.kms.katalon.core.main.TestCaseExecutor.processExecutionPhase(TestCaseExecutor.java:298)
	at com.kms.katalon.core.main.TestCaseExecutor.accessMainPhase(TestCaseExecutor.java:290)
	at com.kms.katalon.core.main.TestCaseExecutor.execute(TestCaseExecutor.java:224)
	at com.kms.katalon.core.main.TestSuiteExecutor.accessTestCaseMainPhase(TestSuiteExecutor.java:129)
	at com.kms.katalon.core.main.TestSuiteExecutor.accessTestSuiteMainPhase(TestSuiteExecutor.java:112)
	at com.kms.katalon.core.main.TestSuiteExecutor.execute(TestSuiteExecutor.java:81)
	at com.kms.katalon.core.main.TestCaseMain.startTestSuite(TestCaseMain.java:149)
	at com.kms.katalon.core.main.TestCaseMain$startTestSuite$0.call(Unknown Source)
	at TempTestSuite1563422534407.run(TempTestSuite1563422534407.groovy:36)


2019-07-18 09:33:44 - [TEST_STEP][PASSED] - response = sendRequest(findTestObject("Ccp_Controller_API/Ccp_Controller_Verify_Response_with_Empty_Values")): Send request successfully

2019-07-18 09:33:44 - [MESSAGE][INFO] - HAR: C:\Users\khaja.h\Katalon Studio\ADDI_Project\Reports\Ccp_Controller_API\20190718_093208\requests\main\1.har

2019-07-18 09:33:44 - [MESSAGE][PASSED] - Send request successfully

2019-07-18 09:33:44 - [TEST_STEP][PASSED] - verifyResponseStatusCode(response, 200): Verify response status code successfully

2019-07-18 09:33:44 - [MESSAGE][PASSED] - Verify response status code successfully

2019-07-18 09:33:44 - [TEST_STEP][FAILED] - verifyElementPropertyValue(response, "[0].type", type): Expected element property value '' is not equal with actual property value 'null'

2019-07-18 09:33:44 - [MESSAGE][FAILED] - Expected element property value '' is not equal with actual property value 'null'

2019-07-18 09:33:44 - [TEST_STEP][FAILED] - verifyElementPropertyValue(response, "[0].owner", owner): Expected element property value '' is not equal with actual property value 'ILP'

2019-07-18 09:33:44 - [MESSAGE][FAILED] - Expected element property value '' is not equal with actual property value 'ILP'

2019-07-18 09:33:44 - [TEST_STEP][FAILED] - verifyElementPropertyValue(response, "[0].application", application): Expected element property value '' is not equal with actual property value '00000'

2019-07-18 09:33:44 - [MESSAGE][FAILED] - Expected element property value '' is not equal with actual property value '00000'

2019-07-18 09:33:44 - [TEST_STEP][FAILED] - verifyElementPropertyValue(response, "[0].ccpid", ccpid): Expected element property value '' is not equal with actual property value '10018'

2019-07-18 09:33:44 - [MESSAGE][FAILED] - Expected element property value '' is not equal with actual property value '10018'

2019-07-18 09:33:44 - [TEST_STEP][FAILED] - verifyElementPropertyValue(response, "[0].description", description): Expected element property value '' is not equal with actual property value 'BELOW MARKET RATE SET TO ZERO'

2019-07-18 09:33:44 - [MESSAGE][FAILED] - Expected element property value '' is not equal with actual property value 'BELOW MARKET RATE SET TO ZERO'

2019-07-18 09:33:44 - [TEST_STEP][FAILED] - verifyElementPropertyValue(response, "[0].messageCategory", messageCategory): verifyElementPropertyValue(response, "[0].messageCategory", messageCategory) FAILED.
Reason:
com.kms.katalon.core.exception.StepFailedException: Expected element property value '' is not equal with actual property value 'null'
	at com.kms.katalon.core.keyword.internal.KeywordMain.stepFailed(KeywordMain.groovy:32)
	at com.kms.katalon.core.webservice.keyword.builtin.VerifyElementPropertyValueKeyword$_verifyElementPropertyValue_closure1.doCall(VerifyElementPropertyValueKeyword.groovy:56)
	at com.kms.katalon.core.webservice.keyword.builtin.VerifyElementPropertyValueKeyword$_verifyElementPropertyValue_closure1.call(VerifyElementPropertyValueKeyword.groovy)
	at com.kms.katalon.core.keyword.internal.KeywordMain.runKeyword(KeywordMain.groovy:54)
	at com.kms.katalon.core.webservice.keyword.builtin.VerifyElementPropertyValueKeyword.verifyElementPropertyValue(VerifyElementPropertyValueKeyword.groovy:48)
	at com.kms.katalon.core.webservice.keyword.builtin.VerifyElementPropertyValueKeyword.execute(VerifyElementPropertyValueKeyword.groovy:43)
	at com.kms.katalon.core.keyword.internal.KeywordExecutor.executeKeywordForPlatform(KeywordExecutor.groovy:53)
	at com.kms.katalon.core.webservice.keyword.WSBuiltInKeywords.verifyElementPropertyValue(WSBuiltInKeywords.groovy:123)
	at com.kms.katalon.core.webservice.keyword.WSBuiltInKeywords$verifyElementPropertyValue$1.call(Unknown Source)
	at Ccp_Controller_Verify_Response_with_Empty_Values.run(Ccp_Controller_Verify_Response_with_Empty_Values:20)
	at com.kms.katalon.core.main.ScriptEngine.run(ScriptEngine.java:194)
	at com.kms.katalon.core.main.ScriptEngine.runScriptAsRawText(ScriptEngine.java:119)
	at com.kms.katalon.core.main.TestCaseExecutor.runScript(TestCaseExecutor.java:328)
	at com.kms.katalon.core.main.TestCaseExecutor.doExecute(TestCaseExecutor.java:319)
	at com.kms.katalon.core.main.TestCaseExecutor.processExecutionPhase(TestCaseExecutor.java:298)
	at com.kms.katalon.core.main.TestCaseExecutor.accessMainPhase(TestCaseExecutor.java:290)
	at com.kms.katalon.core.main.TestCaseExecutor.execute(TestCaseExecutor.java:224)
	at com.kms.katalon.core.main.TestSuiteExecutor.accessTestCaseMainPhase(TestSuiteExecutor.java:129)
	at com.kms.katalon.core.main.TestSuiteExecutor.accessTestSuiteMainPhase(TestSuiteExecutor.java:112)
	at com.kms.katalon.core.main.TestSuiteExecutor.execute(TestSuiteExecutor.java:81)
	at com.kms.katalon.core.main.TestCaseMain.startTestSuite(TestCaseMain.java:149)
	at com.kms.katalon.core.main.TestCaseMain$startTestSuite$0.call(Unknown Source)
	at TempTestSuite1563422534407.run(TempTestSuite1563422534407.groovy:36)


2019-07-18 09:33:44 - [MESSAGE][FAILED] - Expected element property value 'gtfv' is not equal with actual property value ''

2019-07-18 09:33:44 - [MESSAGE][FAILED] - verifyElementPropertyValue(response, "[0].messageCategory", messageCategory) FAILED.
Reason:
com.kms.katalon.core.exception.StepFailedException: Expected element property value '' is not equal with actual property value 'null'
	at com.kms.katalon.core.keyword.internal.KeywordMain.stepFailed(KeywordMain.groovy:32)
	at com.kms.katalon.core.webservice.keyword.builtin.VerifyElementPropertyValueKeyword$_verifyElementPropertyValue_closure1.doCall(VerifyElementPropertyValueKeyword.groovy:56)
	at com.kms.katalon.core.webservice.keyword.builtin.VerifyElementPropertyValueKeyword$_verifyElementPropertyValue_closure1.call(VerifyElementPropertyValueKeyword.groovy)
	at com.kms.katalon.core.keyword.internal.KeywordMain.runKeyword(KeywordMain.groovy:54)
	at com.kms.katalon.core.webservice.keyword.builtin.VerifyElementPropertyValueKeyword.verifyElementPropertyValue(VerifyElementPropertyValueKeyword.groovy:48)
	at com.kms.katalon.core.webservice.keyword.builtin.VerifyElementPropertyValueKeyword.execute(VerifyElementPropertyValueKeyword.groovy:43)
	at com.kms.katalon.core.keyword.internal.KeywordExecutor.executeKeywordForPlatform(KeywordExecutor.groovy:53)
	at com.kms.katalon.core.webservice.keyword.WSBuiltInKeywords.verifyElementPropertyValue(WSBuiltInKeywords.groovy:123)
	at com.kms.katalon.core.webservice.keyword.WSBuiltInKeywords$verifyElementPropertyValue$1.call(Unknown Source)
	at Ccp_Controller_Verify_Response_with_Empty_Values.run(Ccp_Controller_Verify_Response_with_Empty_Values:20)
	at com.kms.katalon.core.main.ScriptEngine.run(ScriptEngine.java:194)
	at com.kms.katalon.core.main.ScriptEngine.runScriptAsRawText(ScriptEngine.java:119)
	at com.kms.katalon.core.main.TestCaseExecutor.runScript(TestCaseExecutor.java:328)
	at com.kms.katalon.core.main.TestCaseExecutor.doExecute(TestCaseExecutor.java:319)
	at com.kms.katalon.core.main.TestCaseExecutor.processExecutionPhase(TestCaseExecutor.java:298)
	at com.kms.katalon.core.main.TestCaseExecutor.accessMainPhase(TestCaseExecutor.java:290)
	at com.kms.katalon.core.main.TestCaseExecutor.execute(TestCaseExecutor.java:224)
	at com.kms.katalon.core.main.TestSuiteExecutor.accessTestCaseMainPhase(TestSuiteExecutor.java:129)
	at com.kms.katalon.core.main.TestSuiteExecutor.accessTestSuiteMainPhase(TestSuiteExecutor.java:112)
	at com.kms.katalon.core.main.TestSuiteExecutor.execute(TestSuiteExecutor.java:81)
	at com.kms.katalon.core.main.TestCaseMain.startTestSuite(TestCaseMain.java:149)
	at com.kms.katalon.core.main.TestCaseMain$startTestSuite$0.call(Unknown Source)
	at TempTestSuite1563422534407.run(TempTestSuite1563422534407.groovy:36)]]></system-out>
         <system-err><![CDATA[2019-07-18 09:33:44 - [TEST_CASE][FAILED] - Test Cases/Ccp_Controller_API/Ccp_Controller_Verify_Response_with_Empty_Values: Test Cases/Ccp_Controller_API/Ccp_Controller_Verify_Response_with_Empty_Values FAILED.
Reason:
com.kms.katalon.core.exception.StepFailedException: Expected element property value '' is not equal with actual property value 'null'
	at com.kms.katalon.core.keyword.internal.KeywordMain.stepFailed(KeywordMain.groovy:32)
	at com.kms.katalon.core.webservice.keyword.builtin.VerifyElementPropertyValueKeyword$_verifyElementPropertyValue_closure1.doCall(VerifyElementPropertyValueKeyword.groovy:56)
	at com.kms.katalon.core.webservice.keyword.builtin.VerifyElementPropertyValueKeyword$_verifyElementPropertyValue_closure1.call(VerifyElementPropertyValueKeyword.groovy)
	at com.kms.katalon.core.keyword.internal.KeywordMain.runKeyword(KeywordMain.groovy:54)
	at com.kms.katalon.core.webservice.keyword.builtin.VerifyElementPropertyValueKeyword.verifyElementPropertyValue(VerifyElementPropertyValueKeyword.groovy:48)
	at com.kms.katalon.core.webservice.keyword.builtin.VerifyElementPropertyValueKeyword.execute(VerifyElementPropertyValueKeyword.groovy:43)
	at com.kms.katalon.core.keyword.internal.KeywordExecutor.executeKeywordForPlatform(KeywordExecutor.groovy:53)
	at com.kms.katalon.core.webservice.keyword.WSBuiltInKeywords.verifyElementPropertyValue(WSBuiltInKeywords.groovy:123)
	at com.kms.katalon.core.webservice.keyword.WSBuiltInKeywords$verifyElementPropertyValue$1.call(Unknown Source)
	at Ccp_Controller_Verify_Response_with_Empty_Values.run(Ccp_Controller_Verify_Response_with_Empty_Values:20)
	at com.kms.katalon.core.main.ScriptEngine.run(ScriptEngine.java:194)
	at com.kms.katalon.core.main.ScriptEngine.runScriptAsRawText(ScriptEngine.java:119)
	at com.kms.katalon.core.main.TestCaseExecutor.runScript(TestCaseExecutor.java:328)
	at com.kms.katalon.core.main.TestCaseExecutor.doExecute(TestCaseExecutor.java:319)
	at com.kms.katalon.core.main.TestCaseExecutor.processExecutionPhase(TestCaseExecutor.java:298)
	at com.kms.katalon.core.main.TestCaseExecutor.accessMainPhase(TestCaseExecutor.java:290)
	at com.kms.katalon.core.main.TestCaseExecutor.execute(TestCaseExecutor.java:224)
	at com.kms.katalon.core.main.TestSuiteExecutor.accessTestCaseMainPhase(TestSuiteExecutor.java:129)
	at com.kms.katalon.core.main.TestSuiteExecutor.accessTestSuiteMainPhase(TestSuiteExecutor.java:112)
	at com.kms.katalon.core.main.TestSuiteExecutor.execute(TestSuiteExecutor.java:81)
	at com.kms.katalon.core.main.TestCaseMain.startTestSuite(TestCaseMain.java:149)
	at com.kms.katalon.core.main.TestCaseMain$startTestSuite$0.call(Unknown Source)
	at TempTestSuite1563422534407.run(TempTestSuite1563422534407.groovy:36)]]></system-err>
      </testcase>
      <testcase name="Test Cases/Ccp_Controller_API/Ccp_Controller_Verify_Response__with_Invalid_Values" classname="Test Cases/Ccp_Controller_API/Ccp_Controller_Verify_Response__with_Invalid_Values" status="FAILED">
         <failure type="FAILED" message="Test Cases/Ccp_Controller_API/Ccp_Controller_Verify_Response__with_Invalid_Values FAILED.
Reason:
com.kms.katalon.core.exception.StepFailedException: Expected element property value 'yhgt' is not equal with actual property value 'null'
	at com.kms.katalon.core.keyword.internal.KeywordMain.stepFailed(KeywordMain.groovy:32)
	at com.kms.katalon.core.webservice.keyword.builtin.VerifyElementPropertyValueKeyword$_verifyElementPropertyValue_closure1.doCall(VerifyElementPropertyValueKeyword.groovy:56)
	at com.kms.katalon.core.webservice.keyword.builtin.VerifyElementPropertyValueKeyword$_verifyElementPropertyValue_closure1.call(VerifyElementPropertyValueKeyword.groovy)
	at com.kms.katalon.core.keyword.internal.KeywordMain.runKeyword(KeywordMain.groovy:54)
	at com.kms.katalon.core.webservice.keyword.builtin.VerifyElementPropertyValueKeyword.verifyElementPropertyValue(VerifyElementPropertyValueKeyword.groovy:48)
	at com.kms.katalon.core.webservice.keyword.builtin.VerifyElementPropertyValueKeyword.execute(VerifyElementPropertyValueKeyword.groovy:43)
	at com.kms.katalon.core.keyword.internal.KeywordExecutor.executeKeywordForPlatform(KeywordExecutor.groovy:53)
	at com.kms.katalon.core.webservice.keyword.WSBuiltInKeywords.verifyElementPropertyValue(WSBuiltInKeywords.groovy:123)
	at com.kms.katalon.core.webservice.keyword.WSBuiltInKeywords$verifyElementPropertyValue$1.call(Unknown Source)
	at Ccp_Controller_Verify_Response__with_Invalid_Values.run(Ccp_Controller_Verify_Response__with_Invalid_Values:20)
	at com.kms.katalon.core.main.ScriptEngine.run(ScriptEngine.java:194)
	at com.kms.katalon.core.main.ScriptEngine.runScriptAsRawText(ScriptEngine.java:119)
	at com.kms.katalon.core.main.TestCaseExecutor.runScript(TestCaseExecutor.java:328)
	at com.kms.katalon.core.main.TestCaseExecutor.doExecute(TestCaseExecutor.java:319)
	at com.kms.katalon.core.main.TestCaseExecutor.processExecutionPhase(TestCaseExecutor.java:298)
	at com.kms.katalon.core.main.TestCaseExecutor.accessMainPhase(TestCaseExecutor.java:290)
	at com.kms.katalon.core.main.TestCaseExecutor.execute(TestCaseExecutor.java:224)
	at com.kms.katalon.core.main.TestSuiteExecutor.accessTestCaseMainPhase(TestSuiteExecutor.java:129)
	at com.kms.katalon.core.main.TestSuiteExecutor.accessTestSuiteMainPhase(TestSuiteExecutor.java:112)
	at com.kms.katalon.core.main.TestSuiteExecutor.execute(TestSuiteExecutor.java:81)
	at com.kms.katalon.core.main.TestCaseMain.startTestSuite(TestCaseMain.java:149)
	at com.kms.katalon.core.main.TestCaseMain$startTestSuite$0.call(Unknown Source)
	at TempTestSuite1563422534407.run(TempTestSuite1563422534407.groovy:36)
"/>
         <system-out><![CDATA[2019-07-18 09:33:45 - [TEST_CASE][FAILED] - Test Cases/Ccp_Controller_API/Ccp_Controller_Verify_Response__with_Invalid_Values: Test Cases/Ccp_Controller_API/Ccp_Controller_Verify_Response__with_Invalid_Values FAILED.
Reason:
com.kms.katalon.core.exception.StepFailedException: Expected element property value 'yhgt' is not equal with actual property value 'null'
	at com.kms.katalon.core.keyword.internal.KeywordMain.stepFailed(KeywordMain.groovy:32)
	at com.kms.katalon.core.webservice.keyword.builtin.VerifyElementPropertyValueKeyword$_verifyElementPropertyValue_closure1.doCall(VerifyElementPropertyValueKeyword.groovy:56)
	at com.kms.katalon.core.webservice.keyword.builtin.VerifyElementPropertyValueKeyword$_verifyElementPropertyValue_closure1.call(VerifyElementPropertyValueKeyword.groovy)
	at com.kms.katalon.core.keyword.internal.KeywordMain.runKeyword(KeywordMain.groovy:54)
	at com.kms.katalon.core.webservice.keyword.builtin.VerifyElementPropertyValueKeyword.verifyElementPropertyValue(VerifyElementPropertyValueKeyword.groovy:48)
	at com.kms.katalon.core.webservice.keyword.builtin.VerifyElementPropertyValueKeyword.execute(VerifyElementPropertyValueKeyword.groovy:43)
	at com.kms.katalon.core.keyword.internal.KeywordExecutor.executeKeywordForPlatform(KeywordExecutor.groovy:53)
	at com.kms.katalon.core.webservice.keyword.WSBuiltInKeywords.verifyElementPropertyValue(WSBuiltInKeywords.groovy:123)
	at com.kms.katalon.core.webservice.keyword.WSBuiltInKeywords$verifyElementPropertyValue$1.call(Unknown Source)
	at Ccp_Controller_Verify_Response__with_Invalid_Values.run(Ccp_Controller_Verify_Response__with_Invalid_Values:20)
	at com.kms.katalon.core.main.ScriptEngine.run(ScriptEngine.java:194)
	at com.kms.katalon.core.main.ScriptEngine.runScriptAsRawText(ScriptEngine.java:119)
	at com.kms.katalon.core.main.TestCaseExecutor.runScript(TestCaseExecutor.java:328)
	at com.kms.katalon.core.main.TestCaseExecutor.doExecute(TestCaseExecutor.java:319)
	at com.kms.katalon.core.main.TestCaseExecutor.processExecutionPhase(TestCaseExecutor.java:298)
	at com.kms.katalon.core.main.TestCaseExecutor.accessMainPhase(TestCaseExecutor.java:290)
	at com.kms.katalon.core.main.TestCaseExecutor.execute(TestCaseExecutor.java:224)
	at com.kms.katalon.core.main.TestSuiteExecutor.accessTestCaseMainPhase(TestSuiteExecutor.java:129)
	at com.kms.katalon.core.main.TestSuiteExecutor.accessTestSuiteMainPhase(TestSuiteExecutor.java:112)
	at com.kms.katalon.core.main.TestSuiteExecutor.execute(TestSuiteExecutor.java:81)
	at com.kms.katalon.core.main.TestCaseMain.startTestSuite(TestCaseMain.java:149)
	at com.kms.katalon.core.main.TestCaseMain$startTestSuite$0.call(Unknown Source)
	at TempTestSuite1563422534407.run(TempTestSuite1563422534407.groovy:36)


2019-07-18 09:33:45 - [TEST_STEP][PASSED] - response = sendRequest(findTestObject("Ccp_Controller_API/Ccp_Controller_Verify_Response__with_Invalid_Values")): Send request successfully

2019-07-18 09:33:45 - [MESSAGE][INFO] - HAR: C:\Users\khaja.h\Katalon Studio\ADDI_Project\Reports\Ccp_Controller_API\20190718_093208\requests\main\2.har

2019-07-18 09:33:45 - [MESSAGE][PASSED] - Send request successfully

2019-07-18 09:33:45 - [TEST_STEP][PASSED] - verifyResponseStatusCode(response, 200): Verify response status code successfully

2019-07-18 09:33:45 - [MESSAGE][PASSED] - Verify response status code successfully

2019-07-18 09:33:45 - [TEST_STEP][FAILED] - verifyElementPropertyValue(response, "[0].type", type): Expected element property value 'yhgt' is not equal with actual property value 'null'

2019-07-18 09:33:45 - [MESSAGE][FAILED] - Expected element property value 'yhgt' is not equal with actual property value 'null'

2019-07-18 09:33:45 - [TEST_STEP][FAILED] - verifyElementPropertyValue(response, "[0].owner", owner): Expected element property value 'LKJHN' is not equal with actual property value 'ILP'

2019-07-18 09:33:45 - [MESSAGE][FAILED] - Expected element property value 'LKJHN' is not equal with actual property value 'ILP'

2019-07-18 09:33:45 - [TEST_STEP][FAILED] - verifyElementPropertyValue(response, "[0].application", application): Expected element property value '098723' is not equal with actual property value '00000'

2019-07-18 09:33:45 - [MESSAGE][FAILED] - Expected element property value '098723' is not equal with actual property value '00000'

2019-07-18 09:33:45 - [TEST_STEP][FAILED] - verifyElementPropertyValue(response, "[0].ccpid", ccpid): Expected element property value 'fgvfc' is not equal with actual property value '10018'

2019-07-18 09:33:45 - [MESSAGE][FAILED] - Expected element property value 'fgvfc' is not equal with actual property value '10018'

2019-07-18 09:33:45 - [TEST_STEP][FAILED] - verifyElementPropertyValue(response, "[0].description", description): Expected element property value 'SGBDVGF' is not equal with actual property value 'BELOW MARKET RATE SET TO ZERO'

2019-07-18 09:33:45 - [MESSAGE][FAILED] - Expected element property value 'SGBDVGF' is not equal with actual property value 'BELOW MARKET RATE SET TO ZERO'

2019-07-18 09:33:45 - [TEST_STEP][FAILED] - verifyElementPropertyValue(response, "[0].messageCategory", messageCategory): verifyElementPropertyValue(response, "[0].messageCategory", messageCategory) FAILED.
Reason:
com.kms.katalon.core.exception.StepFailedException: Expected element property value 'yhgt' is not equal with actual property value 'null'
	at com.kms.katalon.core.keyword.internal.KeywordMain.stepFailed(KeywordMain.groovy:32)
	at com.kms.katalon.core.webservice.keyword.builtin.VerifyElementPropertyValueKeyword$_verifyElementPropertyValue_closure1.doCall(VerifyElementPropertyValueKeyword.groovy:56)
	at com.kms.katalon.core.webservice.keyword.builtin.VerifyElementPropertyValueKeyword$_verifyElementPropertyValue_closure1.call(VerifyElementPropertyValueKeyword.groovy)
	at com.kms.katalon.core.keyword.internal.KeywordMain.runKeyword(KeywordMain.groovy:54)
	at com.kms.katalon.core.webservice.keyword.builtin.VerifyElementPropertyValueKeyword.verifyElementPropertyValue(VerifyElementPropertyValueKeyword.groovy:48)
	at com.kms.katalon.core.webservice.keyword.builtin.VerifyElementPropertyValueKeyword.execute(VerifyElementPropertyValueKeyword.groovy:43)
	at com.kms.katalon.core.keyword.internal.KeywordExecutor.executeKeywordForPlatform(KeywordExecutor.groovy:53)
	at com.kms.katalon.core.webservice.keyword.WSBuiltInKeywords.verifyElementPropertyValue(WSBuiltInKeywords.groovy:123)
	at com.kms.katalon.core.webservice.keyword.WSBuiltInKeywords$verifyElementPropertyValue$1.call(Unknown Source)
	at Ccp_Controller_Verify_Response__with_Invalid_Values.run(Ccp_Controller_Verify_Response__with_Invalid_Values:20)
	at com.kms.katalon.core.main.ScriptEngine.run(ScriptEngine.java:194)
	at com.kms.katalon.core.main.ScriptEngine.runScriptAsRawText(ScriptEngine.java:119)
	at com.kms.katalon.core.main.TestCaseExecutor.runScript(TestCaseExecutor.java:328)
	at com.kms.katalon.core.main.TestCaseExecutor.doExecute(TestCaseExecutor.java:319)
	at com.kms.katalon.core.main.TestCaseExecutor.processExecutionPhase(TestCaseExecutor.java:298)
	at com.kms.katalon.core.main.TestCaseExecutor.accessMainPhase(TestCaseExecutor.java:290)
	at com.kms.katalon.core.main.TestCaseExecutor.execute(TestCaseExecutor.java:224)
	at com.kms.katalon.core.main.TestSuiteExecutor.accessTestCaseMainPhase(TestSuiteExecutor.java:129)
	at com.kms.katalon.core.main.TestSuiteExecutor.accessTestSuiteMainPhase(TestSuiteExecutor.java:112)
	at com.kms.katalon.core.main.TestSuiteExecutor.execute(TestSuiteExecutor.java:81)
	at com.kms.katalon.core.main.TestCaseMain.startTestSuite(TestCaseMain.java:149)
	at com.kms.katalon.core.main.TestCaseMain$startTestSuite$0.call(Unknown Source)
	at TempTestSuite1563422534407.run(TempTestSuite1563422534407.groovy:36)


2019-07-18 09:33:45 - [MESSAGE][FAILED] - Expected element property value 'MNJH' is not equal with actual property value ''

2019-07-18 09:33:45 - [MESSAGE][FAILED] - verifyElementPropertyValue(response, "[0].messageCategory", messageCategory) FAILED.
Reason:
com.kms.katalon.core.exception.StepFailedException: Expected element property value 'yhgt' is not equal with actual property value 'null'
	at com.kms.katalon.core.keyword.internal.KeywordMain.stepFailed(KeywordMain.groovy:32)
	at com.kms.katalon.core.webservice.keyword.builtin.VerifyElementPropertyValueKeyword$_verifyElementPropertyValue_closure1.doCall(VerifyElementPropertyValueKeyword.groovy:56)
	at com.kms.katalon.core.webservice.keyword.builtin.VerifyElementPropertyValueKeyword$_verifyElementPropertyValue_closure1.call(VerifyElementPropertyValueKeyword.groovy)
	at com.kms.katalon.core.keyword.internal.KeywordMain.runKeyword(KeywordMain.groovy:54)
	at com.kms.katalon.core.webservice.keyword.builtin.VerifyElementPropertyValueKeyword.verifyElementPropertyValue(VerifyElementPropertyValueKeyword.groovy:48)
	at com.kms.katalon.core.webservice.keyword.builtin.VerifyElementPropertyValueKeyword.execute(VerifyElementPropertyValueKeyword.groovy:43)
	at com.kms.katalon.core.keyword.internal.KeywordExecutor.executeKeywordForPlatform(KeywordExecutor.groovy:53)
	at com.kms.katalon.core.webservice.keyword.WSBuiltInKeywords.verifyElementPropertyValue(WSBuiltInKeywords.groovy:123)
	at com.kms.katalon.core.webservice.keyword.WSBuiltInKeywords$verifyElementPropertyValue$1.call(Unknown Source)
	at Ccp_Controller_Verify_Response__with_Invalid_Values.run(Ccp_Controller_Verify_Response__with_Invalid_Values:20)
	at com.kms.katalon.core.main.ScriptEngine.run(ScriptEngine.java:194)
	at com.kms.katalon.core.main.ScriptEngine.runScriptAsRawText(ScriptEngine.java:119)
	at com.kms.katalon.core.main.TestCaseExecutor.runScript(TestCaseExecutor.java:328)
	at com.kms.katalon.core.main.TestCaseExecutor.doExecute(TestCaseExecutor.java:319)
	at com.kms.katalon.core.main.TestCaseExecutor.processExecutionPhase(TestCaseExecutor.java:298)
	at com.kms.katalon.core.main.TestCaseExecutor.accessMainPhase(TestCaseExecutor.java:290)
	at com.kms.katalon.core.main.TestCaseExecutor.execute(TestCaseExecutor.java:224)
	at com.kms.katalon.core.main.TestSuiteExecutor.accessTestCaseMainPhase(TestSuiteExecutor.java:129)
	at com.kms.katalon.core.main.TestSuiteExecutor.accessTestSuiteMainPhase(TestSuiteExecutor.java:112)
	at com.kms.katalon.core.main.TestSuiteExecutor.execute(TestSuiteExecutor.java:81)
	at com.kms.katalon.core.main.TestCaseMain.startTestSuite(TestCaseMain.java:149)
	at com.kms.katalon.core.main.TestCaseMain$startTestSuite$0.call(Unknown Source)
	at TempTestSuite1563422534407.run(TempTestSuite1563422534407.groovy:36)]]></system-out>
         <system-err><![CDATA[2019-07-18 09:33:45 - [TEST_CASE][FAILED] - Test Cases/Ccp_Controller_API/Ccp_Controller_Verify_Response__with_Invalid_Values: Test Cases/Ccp_Controller_API/Ccp_Controller_Verify_Response__with_Invalid_Values FAILED.
Reason:
com.kms.katalon.core.exception.StepFailedException: Expected element property value 'yhgt' is not equal with actual property value 'null'
	at com.kms.katalon.core.keyword.internal.KeywordMain.stepFailed(KeywordMain.groovy:32)
	at com.kms.katalon.core.webservice.keyword.builtin.VerifyElementPropertyValueKeyword$_verifyElementPropertyValue_closure1.doCall(VerifyElementPropertyValueKeyword.groovy:56)
	at com.kms.katalon.core.webservice.keyword.builtin.VerifyElementPropertyValueKeyword$_verifyElementPropertyValue_closure1.call(VerifyElementPropertyValueKeyword.groovy)
	at com.kms.katalon.core.keyword.internal.KeywordMain.runKeyword(KeywordMain.groovy:54)
	at com.kms.katalon.core.webservice.keyword.builtin.VerifyElementPropertyValueKeyword.verifyElementPropertyValue(VerifyElementPropertyValueKeyword.groovy:48)
	at com.kms.katalon.core.webservice.keyword.builtin.VerifyElementPropertyValueKeyword.execute(VerifyElementPropertyValueKeyword.groovy:43)
	at com.kms.katalon.core.keyword.internal.KeywordExecutor.executeKeywordForPlatform(KeywordExecutor.groovy:53)
	at com.kms.katalon.core.webservice.keyword.WSBuiltInKeywords.verifyElementPropertyValue(WSBuiltInKeywords.groovy:123)
	at com.kms.katalon.core.webservice.keyword.WSBuiltInKeywords$verifyElementPropertyValue$1.call(Unknown Source)
	at Ccp_Controller_Verify_Response__with_Invalid_Values.run(Ccp_Controller_Verify_Response__with_Invalid_Values:20)
	at com.kms.katalon.core.main.ScriptEngine.run(ScriptEngine.java:194)
	at com.kms.katalon.core.main.ScriptEngine.runScriptAsRawText(ScriptEngine.java:119)
	at com.kms.katalon.core.main.TestCaseExecutor.runScript(TestCaseExecutor.java:328)
	at com.kms.katalon.core.main.TestCaseExecutor.doExecute(TestCaseExecutor.java:319)
	at com.kms.katalon.core.main.TestCaseExecutor.processExecutionPhase(TestCaseExecutor.java:298)
	at com.kms.katalon.core.main.TestCaseExecutor.accessMainPhase(TestCaseExecutor.java:290)
	at com.kms.katalon.core.main.TestCaseExecutor.execute(TestCaseExecutor.java:224)
	at com.kms.katalon.core.main.TestSuiteExecutor.accessTestCaseMainPhase(TestSuiteExecutor.java:129)
	at com.kms.katalon.core.main.TestSuiteExecutor.accessTestSuiteMainPhase(TestSuiteExecutor.java:112)
	at com.kms.katalon.core.main.TestSuiteExecutor.execute(TestSuiteExecutor.java:81)
	at com.kms.katalon.core.main.TestCaseMain.startTestSuite(TestCaseMain.java:149)
	at com.kms.katalon.core.main.TestCaseMain$startTestSuite$0.call(Unknown Source)
	at TempTestSuite1563422534407.run(TempTestSuite1563422534407.groovy:36)]]></system-err>
      </testcase>
      <testcase name="Test Cases/Ccp_Controller_API/Ccp_Controller_Verify_Response_with_Invalid_parameters" classname="Test Cases/Ccp_Controller_API/Ccp_Controller_Verify_Response_with_Invalid_parameters" status="PASSED">
         <system-out><![CDATA[2019-07-18 09:33:45 - [TEST_CASE][PASSED] - Test Cases/Ccp_Controller_API/Ccp_Controller_Verify_Response_with_Invalid_parameters: Test Cases/Ccp_Controller_API/Ccp_Controller_Verify_Response_with_Invalid_parameters

2019-07-18 09:33:45 - [TEST_STEP][PASSED] - response = sendRequest(findTestObject("Ccp_Controller_API/Ccp_Controller_Verify_Response_with_Invalid_parameters")): Send request successfully

2019-07-18 09:33:46 - [MESSAGE][INFO] - HAR: C:\Users\khaja.h\Katalon Studio\ADDI_Project\Reports\Ccp_Controller_API\20190718_093208\requests\main\3.har

2019-07-18 09:33:46 - [MESSAGE][PASSED] - Send request successfully

2019-07-18 09:33:46 - [TEST_STEP][PASSED] - verifyResponseStatusCode(response, 400): Verify response status code successfully

2019-07-18 09:33:46 - [MESSAGE][PASSED] - Verify response status code successfully]]></system-out>
         <system-err><![CDATA[]]></system-err>
      </testcase>
      <testcase name="Test Cases/Ccp_Controller_API/Ccp_Controller_Post_Request" classname="Test Cases/Ccp_Controller_API/Ccp_Controller_Post_Request" status="PASSED">
         <system-out><![CDATA[2019-07-18 09:33:46 - [TEST_CASE][PASSED] - Test Cases/Ccp_Controller_API/Ccp_Controller_Post_Request: Test Cases/Ccp_Controller_API/Ccp_Controller_Post_Request

2019-07-18 09:33:46 - [TEST_STEP][PASSED] - response = sendRequest(findTestObject("Ccp_Controller_API/Ccp_Controller_Post_Request")): Send request successfully

2019-07-18 09:33:46 - [MESSAGE][INFO] - HAR: C:\Users\khaja.h\Katalon Studio\ADDI_Project\Reports\Ccp_Controller_API\20190718_093208\requests\main\4.har

2019-07-18 09:33:46 - [MESSAGE][PASSED] - Send request successfully

2019-07-18 09:33:46 - [TEST_STEP][PASSED] - verifyResponseStatusCode(response, 201): Verify response status code successfully

2019-07-18 09:33:46 - [MESSAGE][PASSED] - Verify response status code successfully]]></system-out>
         <system-err><![CDATA[]]></system-err>
      </testcase>
      <testcase name="Test Cases/Ccp_Controller_API/Ccp_Controller_Put_Request" classname="Test Cases/Ccp_Controller_API/Ccp_Controller_Put_Request" status="PASSED">
         <system-out><![CDATA[2019-07-18 09:33:46 - [TEST_CASE][PASSED] - Test Cases/Ccp_Controller_API/Ccp_Controller_Put_Request: Test Cases/Ccp_Controller_API/Ccp_Controller_Put_Request

2019-07-18 09:33:46 - [TEST_STEP][PASSED] - response = sendRequest(findTestObject("Ccp_Controller_API/Ccp_Controller_Put_Request")): Send request successfully

2019-07-18 09:33:49 - [MESSAGE][INFO] - HAR: C:\Users\khaja.h\Katalon Studio\ADDI_Project\Reports\Ccp_Controller_API\20190718_093208\requests\main\5.har

2019-07-18 09:33:49 - [MESSAGE][PASSED] - Send request successfully

2019-07-18 09:33:49 - [TEST_STEP][PASSED] - verifyResponseStatusCode(response, 200): Verify response status code successfully

2019-07-18 09:33:49 - [MESSAGE][PASSED] - Verify response status code successfully]]></system-out>
         <system-err><![CDATA[]]></system-err>
      </testcase>
      <testcase name="Test Cases/Ccp_Controller_API/Ccp_Controller_Delete_Request_with_Valid_Parameters" classname="Test Cases/Ccp_Controller_API/Ccp_Controller_Delete_Request_with_Valid_Parameters" status="PASSED">
         <system-out><![CDATA[2019-07-18 09:33:49 - [TEST_CASE][PASSED] - Test Cases/Ccp_Controller_API/Ccp_Controller_Delete_Request_with_Valid_Parameters: Test Cases/Ccp_Controller_API/Ccp_Controller_Delete_Request_with_Valid_Parameters

2019-07-18 09:33:49 - [TEST_STEP][PASSED] - response = sendRequest(findTestObject("Ccp_Controller_API/Ccp_Controller_Delete_Request_with_Valid_Parameters")): Send request successfully

2019-07-18 09:33:49 - [MESSAGE][INFO] - HAR: C:\Users\khaja.h\Katalon Studio\ADDI_Project\Reports\Ccp_Controller_API\20190718_093208\requests\main\6.har

2019-07-18 09:33:49 - [MESSAGE][PASSED] - Send request successfully

2019-07-18 09:33:49 - [TEST_STEP][PASSED] - verifyResponseStatusCode(response, 200): Verify response status code successfully

2019-07-18 09:33:49 - [MESSAGE][PASSED] - Verify response status code successfully]]></system-out>
         <system-err><![CDATA[]]></system-err>
      </testcase>
      <testcase name="Test Cases/Ccp_Controller_API/Ccp_Controller_Delete_Request_with_Invalid_Parameters" classname="Test Cases/Ccp_Controller_API/Ccp_Controller_Delete_Request_with_Invalid_Parameters" status="PASSED">
         <system-out><![CDATA[2019-07-18 09:33:49 - [TEST_CASE][PASSED] - Test Cases/Ccp_Controller_API/Ccp_Controller_Delete_Request_with_Invalid_Parameters: Test Cases/Ccp_Controller_API/Ccp_Controller_Delete_Request_with_Invalid_Parameters

2019-07-18 09:33:50 - [TEST_STEP][PASSED] - response = sendRequest(findTestObject("Ccp_Controller_API/Ccp_Controller_Delete_Request_with_Invalid_Parameters")): Send request successfully

2019-07-18 09:33:50 - [MESSAGE][INFO] - HAR: C:\Users\khaja.h\Katalon Studio\ADDI_Project\Reports\Ccp_Controller_API\20190718_093208\requests\main\7.har

2019-07-18 09:33:50 - [MESSAGE][PASSED] - Send request successfully

2019-07-18 09:33:50 - [TEST_STEP][PASSED] - verifyResponseStatusCode(response, 400): Verify response status code successfully

2019-07-18 09:33:50 - [MESSAGE][PASSED] - Verify response status code successfully]]></system-out>
         <system-err><![CDATA[]]></system-err>
      </testcase>
      <system-out><![CDATA[2019-07-18 09:33:39 - [TEST_SUITE][FAILED] - Ccp_Controller_API: Test Cases/Ccp_Controller_API/Ccp_Controller_Verify_Response_with_Empty_Values FAILED.
Reason:
com.kms.katalon.core.exception.StepFailedException: Expected element property value '' is not equal with actual property value 'null'
	at com.kms.katalon.core.keyword.internal.KeywordMain.stepFailed(KeywordMain.groovy:32)
	at com.kms.katalon.core.webservice.keyword.builtin.VerifyElementPropertyValueKeyword$_verifyElementPropertyValue_closure1.doCall(VerifyElementPropertyValueKeyword.groovy:56)
	at com.kms.katalon.core.webservice.keyword.builtin.VerifyElementPropertyValueKeyword$_verifyElementPropertyValue_closure1.call(VerifyElementPropertyValueKeyword.groovy)
	at com.kms.katalon.core.keyword.internal.KeywordMain.runKeyword(KeywordMain.groovy:54)
	at com.kms.katalon.core.webservice.keyword.builtin.VerifyElementPropertyValueKeyword.verifyElementPropertyValue(VerifyElementPropertyValueKeyword.groovy:48)
	at com.kms.katalon.core.webservice.keyword.builtin.VerifyElementPropertyValueKeyword.execute(VerifyElementPropertyValueKeyword.groovy:43)
	at com.kms.katalon.core.keyword.internal.KeywordExecutor.executeKeywordForPlatform(KeywordExecutor.groovy:53)
	at com.kms.katalon.core.webservice.keyword.WSBuiltInKeywords.verifyElementPropertyValue(WSBuiltInKeywords.groovy:123)
	at com.kms.katalon.core.webservice.keyword.WSBuiltInKeywords$verifyElementPropertyValue$1.call(Unknown Source)
	at Ccp_Controller_Verify_Response_with_Empty_Values.run(Ccp_Controller_Verify_Response_with_Empty_Values:20)
	at com.kms.katalon.core.main.ScriptEngine.run(ScriptEngine.java:194)
	at com.kms.katalon.core.main.ScriptEngine.runScriptAsRawText(ScriptEngine.java:119)
	at com.kms.katalon.core.main.TestCaseExecutor.runScript(TestCaseExecutor.java:328)
	at com.kms.katalon.core.main.TestCaseExecutor.doExecute(TestCaseExecutor.java:319)
	at com.kms.katalon.core.main.TestCaseExecutor.processExecutionPhase(TestCaseExecutor.java:298)
	at com.kms.katalon.core.main.TestCaseExecutor.accessMainPhase(TestCaseExecutor.java:290)
	at com.kms.katalon.core.main.TestCaseExecutor.execute(TestCaseExecutor.java:224)
	at com.kms.katalon.core.main.TestSuiteExecutor.accessTestCaseMainPhase(TestSuiteExecutor.java:129)
	at com.kms.katalon.core.main.TestSuiteExecutor.accessTestSuiteMainPhase(TestSuiteExecutor.java:112)
	at com.kms.katalon.core.main.TestSuiteExecutor.execute(TestSuiteExecutor.java:81)
	at com.kms.katalon.core.main.TestCaseMain.startTestSuite(TestCaseMain.java:149)
	at com.kms.katalon.core.main.TestCaseMain$startTestSuite$0.call(Unknown Source)
	at TempTestSuite1563422534407.run(TempTestSuite1563422534407.groovy:36)]]></system-out>
      <system-err><![CDATA[2019-07-18 09:33:39 - [TEST_SUITE][FAILED] - Ccp_Controller_API: Test Cases/Ccp_Controller_API/Ccp_Controller_Verify_Response_with_Empty_Values FAILED.
Reason:
com.kms.katalon.core.exception.StepFailedException: Expected element property value '' is not equal with actual property value 'null'
	at com.kms.katalon.core.keyword.internal.KeywordMain.stepFailed(KeywordMain.groovy:32)
	at com.kms.katalon.core.webservice.keyword.builtin.VerifyElementPropertyValueKeyword$_verifyElementPropertyValue_closure1.doCall(VerifyElementPropertyValueKeyword.groovy:56)
	at com.kms.katalon.core.webservice.keyword.builtin.VerifyElementPropertyValueKeyword$_verifyElementPropertyValue_closure1.call(VerifyElementPropertyValueKeyword.groovy)
	at com.kms.katalon.core.keyword.internal.KeywordMain.runKeyword(KeywordMain.groovy:54)
	at com.kms.katalon.core.webservice.keyword.builtin.VerifyElementPropertyValueKeyword.verifyElementPropertyValue(VerifyElementPropertyValueKeyword.groovy:48)
	at com.kms.katalon.core.webservice.keyword.builtin.VerifyElementPropertyValueKeyword.execute(VerifyElementPropertyValueKeyword.groovy:43)
	at com.kms.katalon.core.keyword.internal.KeywordExecutor.executeKeywordForPlatform(KeywordExecutor.groovy:53)
	at com.kms.katalon.core.webservice.keyword.WSBuiltInKeywords.verifyElementPropertyValue(WSBuiltInKeywords.groovy:123)
	at com.kms.katalon.core.webservice.keyword.WSBuiltInKeywords$verifyElementPropertyValue$1.call(Unknown Source)
	at Ccp_Controller_Verify_Response_with_Empty_Values.run(Ccp_Controller_Verify_Response_with_Empty_Values:20)
	at com.kms.katalon.core.main.ScriptEngine.run(ScriptEngine.java:194)
	at com.kms.katalon.core.main.ScriptEngine.runScriptAsRawText(ScriptEngine.java:119)
	at com.kms.katalon.core.main.TestCaseExecutor.runScript(TestCaseExecutor.java:328)
	at com.kms.katalon.core.main.TestCaseExecutor.doExecute(TestCaseExecutor.java:319)
	at com.kms.katalon.core.main.TestCaseExecutor.processExecutionPhase(TestCaseExecutor.java:298)
	at com.kms.katalon.core.main.TestCaseExecutor.accessMainPhase(TestCaseExecutor.java:290)
	at com.kms.katalon.core.main.TestCaseExecutor.execute(TestCaseExecutor.java:224)
	at com.kms.katalon.core.main.TestSuiteExecutor.accessTestCaseMainPhase(TestSuiteExecutor.java:129)
	at com.kms.katalon.core.main.TestSuiteExecutor.accessTestSuiteMainPhase(TestSuiteExecutor.java:112)
	at com.kms.katalon.core.main.TestSuiteExecutor.execute(TestSuiteExecutor.java:81)
	at com.kms.katalon.core.main.TestCaseMain.startTestSuite(TestCaseMain.java:149)
	at com.kms.katalon.core.main.TestCaseMain$startTestSuite$0.call(Unknown Source)
	at TempTestSuite1563422534407.run(TempTestSuite1563422534407.groovy:36)]]></system-err>
   </testsuite>
</testsuites>
